2019-12-02 11:25:22,136 INFO com.apple.EmployeeSearchService.EmployeeSearchServiceTest [main] Starting EmployeeSearchServiceTest on BLRJPT3270D with PID 16353 (started by abdul.rahimanshaik in /Users/abdul.rahimanshaik/eclipse-workspace-practice/employee-service)
2019-12-02 11:25:22,162 DEBUG com.apple.EmployeeSearchService.EmployeeSearchServiceTest [main] Running with Spring Boot v2.2.0.RELEASE, Spring v5.2.0.RELEASE
2019-12-02 11:25:22,162 INFO com.apple.EmployeeSearchService.EmployeeSearchServiceTest [main] No active profile set, falling back to default profiles: default
2019-12-02 11:25:22,323 INFO com.apple.EmployeeSearchService.EmployeeSearchServiceTest [main] Started EmployeeSearchServiceTest in 0.39 seconds (JVM running for 2.034)
2019-12-02 11:32:12,152 INFO com.apple.EmployeeSearchService.EmployeeSearchServiceTest [main] Starting EmployeeSearchServiceTest on BLRJPT3270D with PID 16602 (started by abdul.rahimanshaik in /Users/abdul.rahimanshaik/eclipse-workspace-practice/employee-service)
2019-12-02 11:32:12,153 DEBUG com.apple.EmployeeSearchService.EmployeeSearchServiceTest [main] Running with Spring Boot v2.2.0.RELEASE, Spring v5.2.0.RELEASE
2019-12-02 11:32:12,154 INFO com.apple.EmployeeSearchService.EmployeeSearchServiceTest [main] No active profile set, falling back to default profiles: default
2019-12-02 11:32:12,259 INFO com.apple.EmployeeSearchService.EmployeeSearchServiceTest [main] Started EmployeeSearchServiceTest in 18.338 seconds (JVM running for 19.32)
2019-12-02 11:53:46,795 INFO com.apple.EmployeeSearchService.EmployeeSearchServiceTest [main] Starting EmployeeSearchServiceTest on BLRJPT3270D with PID 17399 (started by abdul.rahimanshaik in /Users/abdul.rahimanshaik/eclipse-workspace-practice/employee-service)
2019-12-02 11:53:46,797 DEBUG com.apple.EmployeeSearchService.EmployeeSearchServiceTest [main] Running with Spring Boot v2.2.0.RELEASE, Spring v5.2.0.RELEASE
2019-12-02 11:53:46,798 INFO com.apple.EmployeeSearchService.EmployeeSearchServiceTest [main] No active profile set, falling back to default profiles: default
2019-12-02 11:53:46,828 INFO com.apple.EmployeeSearchService.EmployeeSearchServiceTest [main] Starting EmployeeSearchServiceTest on BLRJPT3270D with PID 17400 (started by abdul.rahimanshaik in /Users/abdul.rahimanshaik/eclipse-workspace-practice/employee-service)
2019-12-02 11:53:46,831 DEBUG com.apple.EmployeeSearchService.EmployeeSearchServiceTest [main] Running with Spring Boot v2.2.0.RELEASE, Spring v5.2.0.RELEASE
2019-12-02 11:53:46,832 INFO com.apple.EmployeeSearchService.EmployeeSearchServiceTest [main] No active profile set, falling back to default profiles: default
2019-12-02 11:53:47,067 INFO com.apple.EmployeeSearchService.EmployeeSearchServiceTest [main] Started EmployeeSearchServiceTest in 65.589 seconds (JVM running for 67.144)
2019-12-02 11:53:47,108 INFO com.apple.EmployeeSearchService.EmployeeSearchServiceTest [main] Started EmployeeSearchServiceTest in 42.715 seconds (JVM running for 43.781)
2019-12-02 11:53:47,943 INFO com.apple.employee.search.EmployeeSearchApplication [main] Starting EmployeeSearchApplication on BLRJPT3270D with PID 17407 (/Users/abdul.rahimanshaik/eclipse-workspace-practice/employee-service/target/classes started by abdul.rahimanshaik in /Users/abdul.rahimanshaik/eclipse-workspace-practice/employee-service)
2019-12-02 11:53:47,945 DEBUG com.apple.employee.search.EmployeeSearchApplication [main] Running with Spring Boot v2.2.0.RELEASE, Spring v5.2.0.RELEASE
2019-12-02 11:53:47,945 INFO com.apple.employee.search.EmployeeSearchApplication [main] No active profile set, falling back to default profiles: default
2019-12-02 11:53:48,093 ERROR org.springframework.test.context.TestContextManager [main] Caught exception while allowing TestExecutionListener [org.springframework.boot.test.mock.mockito.MockitoTestExecutionListener@4c432866] to prepare test instance [com.apple.EmployeeSearchService.EmployeeSearchServiceTest@12365c88]
org.mockito.exceptions.base.MockitoException: 
Cannot instantiate @InjectMocks field named 'employeeSearchService'! Cause: the type 'EmployeeSearchService' is an interface.
You haven't provided the instance at field declaration so I tried to construct the instance.
Examples of correct usage of @InjectMocks:
   @InjectMocks Service service = new Service();
   @InjectMocks Service service;
   //and... don't forget about some @Mocks for injection :)

	at org.springframework.boot.test.mock.mockito.MockitoTestExecutionListener.initMocks(MockitoTestExecutionListener.java:68)
	at org.springframework.boot.test.mock.mockito.MockitoTestExecutionListener.prepareTestInstance(MockitoTestExecutionListener.java:53)
	at org.springframework.test.context.TestContextManager.prepareTestInstance(TestContextManager.java:244)
	at org.springframework.test.context.junit.jupiter.SpringExtension.postProcessTestInstance(SpringExtension.java:98)
	at org.junit.jupiter.engine.descriptor.ClassBasedTestDescriptor.lambda$invokeTestInstancePostProcessors$5(ClassBasedTestDescriptor.java:337)
	at org.junit.jupiter.engine.descriptor.ClassBasedTestDescriptor.executeAndMaskThrowable(ClassBasedTestDescriptor.java:342)
	at org.junit.jupiter.engine.descriptor.ClassBasedTestDescriptor.lambda$invokeTestInstancePostProcessors$6(ClassBasedTestDescriptor.java:337)
	at java.util.stream.ReferencePipeline$3$1.accept(ReferencePipeline.java:193)
	at java.util.stream.ReferencePipeline$2$1.accept(ReferencePipeline.java:175)
	at java.util.ArrayList$ArrayListSpliterator.forEachRemaining(ArrayList.java:1374)
	at java.util.stream.AbstractPipeline.copyInto(AbstractPipeline.java:481)
	at java.util.stream.AbstractPipeline.wrapAndCopyInto(AbstractPipeline.java:471)
	at java.util.stream.StreamSpliterators$WrappingSpliterator.forEachRemaining(StreamSpliterators.java:312)
	at java.util.stream.Streams$ConcatSpliterator.forEachRemaining(Streams.java:743)
	at java.util.stream.Streams$ConcatSpliterator.forEachRemaining(Streams.java:742)
	at java.util.stream.ReferencePipeline$Head.forEach(ReferencePipeline.java:580)
	at org.junit.jupiter.engine.descriptor.ClassBasedTestDescriptor.invokeTestInstancePostProcessors(ClassBasedTestDescriptor.java:336)
	at org.junit.jupiter.engine.descriptor.ClassBasedTestDescriptor.instantiateAndPostProcessTestInstance(ClassBasedTestDescriptor.java:259)
	at org.junit.jupiter.engine.descriptor.ClassBasedTestDescriptor.lambda$testInstancesProvider$2(ClassBasedTestDescriptor.java:252)
	at java.util.Optional.orElseGet(Optional.java:267)
	at org.junit.jupiter.engine.descriptor.ClassBasedTestDescriptor.lambda$testInstancesProvider$3(ClassBasedTestDescriptor.java:251)
	at org.junit.jupiter.engine.execution.TestInstancesProvider.getTestInstances(TestInstancesProvider.java:29)
	at org.junit.jupiter.engine.descriptor.TestMethodTestDescriptor.lambda$prepare$0(TestMethodTestDescriptor.java:106)
	at org.junit.platform.engine.support.hierarchical.ThrowableCollector.execute(ThrowableCollector.java:73)
	at org.junit.jupiter.engine.descriptor.TestMethodTestDescriptor.prepare(TestMethodTestDescriptor.java:105)
	at org.junit.jupiter.engine.descriptor.TestMethodTestDescriptor.prepare(TestMethodTestDescriptor.java:69)
	at org.junit.platform.engine.support.hierarchical.NodeTestTask.lambda$prepare$1(NodeTestTask.java:107)
	at org.junit.platform.engine.support.hierarchical.ThrowableCollector.execute(ThrowableCollector.java:73)
	at org.junit.platform.engine.support.hierarchical.NodeTestTask.prepare(NodeTestTask.java:107)
	at org.junit.platform.engine.support.hierarchical.NodeTestTask.execute(NodeTestTask.java:75)
	at java.util.ArrayList.forEach(ArrayList.java:1249)
	at org.junit.platform.engine.support.hierarchical.SameThreadHierarchicalTestExecutorService.invokeAll(SameThreadHierarchicalTestExecutorService.java:38)
	at org.junit.platform.engine.support.hierarchical.NodeTestTask.lambda$executeRecursively$5(NodeTestTask.java:139)
	at org.junit.platform.engine.support.hierarchical.ThrowableCollector.execute(ThrowableCollector.java:73)
	at org.junit.platform.engine.support.hierarchical.NodeTestTask.lambda$executeRecursively$7(NodeTestTask.java:125)
	at org.junit.platform.engine.support.hierarchical.Node.around(Node.java:135)
	at org.junit.platform.engine.support.hierarchical.NodeTestTask.lambda$executeRecursively$8(NodeTestTask.java:123)
	at org.junit.platform.engine.support.hierarchical.ThrowableCollector.execute(ThrowableCollector.java:73)
	at org.junit.platform.engine.support.hierarchical.NodeTestTask.executeRecursively(NodeTestTask.java:122)
	at org.junit.platform.engine.support.hierarchical.NodeTestTask.execute(NodeTestTask.java:80)
	at java.util.ArrayList.forEach(ArrayList.java:1249)
	at org.junit.platform.engine.support.hierarchical.SameThreadHierarchicalTestExecutorService.invokeAll(SameThreadHierarchicalTestExecutorService.java:38)
	at org.junit.platform.engine.support.hierarchical.NodeTestTask.lambda$executeRecursively$5(NodeTestTask.java:139)
	at org.junit.platform.engine.support.hierarchical.ThrowableCollector.execute(ThrowableCollector.java:73)
	at org.junit.platform.engine.support.hierarchical.NodeTestTask.lambda$executeRecursively$7(NodeTestTask.java:125)
	at org.junit.platform.engine.support.hierarchical.Node.around(Node.java:135)
	at org.junit.platform.engine.support.hierarchical.NodeTestTask.lambda$executeRecursively$8(NodeTestTask.java:123)
	at org.junit.platform.engine.support.hierarchical.ThrowableCollector.execute(ThrowableCollector.java:73)
	at org.junit.platform.engine.support.hierarchical.NodeTestTask.executeRecursively(NodeTestTask.java:122)
	at org.junit.platform.engine.support.hierarchical.NodeTestTask.execute(NodeTestTask.java:80)
	at org.junit.platform.engine.support.hierarchical.SameThreadHierarchicalTestExecutorService.submit(SameThreadHierarchicalTestExecutorService.java:32)
	at org.junit.platform.engine.support.hierarchical.HierarchicalTestExecutor.execute(HierarchicalTestExecutor.java:57)
	at org.junit.platform.engine.support.hierarchical.HierarchicalTestEngine.execute(HierarchicalTestEngine.java:51)
	at org.junit.platform.launcher.core.DefaultLauncher.execute(DefaultLauncher.java:229)
	at org.junit.platform.launcher.core.DefaultLauncher.lambda$execute$6(DefaultLauncher.java:197)
	at org.junit.platform.launcher.core.DefaultLauncher.withInterceptedStreams(DefaultLauncher.java:211)
	at org.junit.platform.launcher.core.DefaultLauncher.execute(DefaultLauncher.java:191)
	at org.junit.platform.launcher.core.DefaultLauncher.execute(DefaultLauncher.java:137)
	at org.eclipse.jdt.internal.junit5.runner.JUnit5TestReference.run(JUnit5TestReference.java:89)
	at org.eclipse.jdt.internal.junit.runner.TestExecution.run(TestExecution.java:41)
	at org.eclipse.jdt.internal.junit.runner.RemoteTestRunner.runTests(RemoteTestRunner.java:541)
	at org.eclipse.jdt.internal.junit.runner.RemoteTestRunner.runTests(RemoteTestRunner.java:763)
	at org.eclipse.jdt.internal.junit.runner.RemoteTestRunner.run(RemoteTestRunner.java:463)
	at org.eclipse.jdt.internal.junit.runner.RemoteTestRunner.main(RemoteTestRunner.java:209)
2019-12-02 11:53:48,121 ERROR org.springframework.test.context.TestContextManager [main] Caught exception while allowing TestExecutionListener [org.springframework.boot.test.mock.mockito.MockitoTestExecutionListener@4c432866] to prepare test instance [com.apple.EmployeeSearchService.EmployeeSearchServiceTest@73e132e0]
org.mockito.exceptions.base.MockitoException: 
Cannot instantiate @InjectMocks field named 'employeeSearchService'! Cause: the type 'EmployeeSearchService' is an interface.
You haven't provided the instance at field declaration so I tried to construct the instance.
Examples of correct usage of @InjectMocks:
   @InjectMocks Service service = new Service();
   @InjectMocks Service service;
   //and... don't forget about some @Mocks for injection :)

	at org.springframework.boot.test.mock.mockito.MockitoTestExecutionListener.initMocks(MockitoTestExecutionListener.java:68)
	at org.springframework.boot.test.mock.mockito.MockitoTestExecutionListener.prepareTestInstance(MockitoTestExecutionListener.java:53)
	at org.springframework.test.context.TestContextManager.prepareTestInstance(TestContextManager.java:244)
	at org.springframework.test.context.junit.jupiter.SpringExtension.postProcessTestInstance(SpringExtension.java:98)
	at org.junit.jupiter.engine.descriptor.ClassBasedTestDescriptor.lambda$invokeTestInstancePostProcessors$5(ClassBasedTestDescriptor.java:337)
	at org.junit.jupiter.engine.descriptor.ClassBasedTestDescriptor.executeAndMaskThrowable(ClassBasedTestDescriptor.java:342)
	at org.junit.jupiter.engine.descriptor.ClassBasedTestDescriptor.lambda$invokeTestInstancePostProcessors$6(ClassBasedTestDescriptor.java:337)
	at java.util.stream.ReferencePipeline$3$1.accept(ReferencePipeline.java:193)
	at java.util.stream.ReferencePipeline$2$1.accept(ReferencePipeline.java:175)
	at java.util.ArrayList$ArrayListSpliterator.forEachRemaining(ArrayList.java:1374)
	at java.util.stream.AbstractPipeline.copyInto(AbstractPipeline.java:481)
	at java.util.stream.AbstractPipeline.wrapAndCopyInto(AbstractPipeline.java:471)
	at java.util.stream.StreamSpliterators$WrappingSpliterator.forEachRemaining(StreamSpliterators.java:312)
	at java.util.stream.Streams$ConcatSpliterator.forEachRemaining(Streams.java:743)
	at java.util.stream.Streams$ConcatSpliterator.forEachRemaining(Streams.java:742)
	at java.util.stream.ReferencePipeline$Head.forEach(ReferencePipeline.java:580)
	at org.junit.jupiter.engine.descriptor.ClassBasedTestDescriptor.invokeTestInstancePostProcessors(ClassBasedTestDescriptor.java:336)
	at org.junit.jupiter.engine.descriptor.ClassBasedTestDescriptor.instantiateAndPostProcessTestInstance(ClassBasedTestDescriptor.java:259)
	at org.junit.jupiter.engine.descriptor.ClassBasedTestDescriptor.lambda$testInstancesProvider$2(ClassBasedTestDescriptor.java:252)
	at java.util.Optional.orElseGet(Optional.java:267)
	at org.junit.jupiter.engine.descriptor.ClassBasedTestDescriptor.lambda$testInstancesProvider$3(ClassBasedTestDescriptor.java:251)
	at org.junit.jupiter.engine.execution.TestInstancesProvider.getTestInstances(TestInstancesProvider.java:29)
	at org.junit.jupiter.engine.descriptor.TestMethodTestDescriptor.lambda$prepare$0(TestMethodTestDescriptor.java:106)
	at org.junit.platform.engine.support.hierarchical.ThrowableCollector.execute(ThrowableCollector.java:73)
	at org.junit.jupiter.engine.descriptor.TestMethodTestDescriptor.prepare(TestMethodTestDescriptor.java:105)
	at org.junit.jupiter.engine.descriptor.TestMethodTestDescriptor.prepare(TestMethodTestDescriptor.java:69)
	at org.junit.platform.engine.support.hierarchical.NodeTestTask.lambda$prepare$1(NodeTestTask.java:107)
	at org.junit.platform.engine.support.hierarchical.ThrowableCollector.execute(ThrowableCollector.java:73)
	at org.junit.platform.engine.support.hierarchical.NodeTestTask.prepare(NodeTestTask.java:107)
	at org.junit.platform.engine.support.hierarchical.NodeTestTask.execute(NodeTestTask.java:75)
	at java.util.ArrayList.forEach(ArrayList.java:1249)
	at org.junit.platform.engine.support.hierarchical.SameThreadHierarchicalTestExecutorService.invokeAll(SameThreadHierarchicalTestExecutorService.java:38)
	at org.junit.platform.engine.support.hierarchical.NodeTestTask.lambda$executeRecursively$5(NodeTestTask.java:139)
	at org.junit.platform.engine.support.hierarchical.ThrowableCollector.execute(ThrowableCollector.java:73)
	at org.junit.platform.engine.support.hierarchical.NodeTestTask.lambda$executeRecursively$7(NodeTestTask.java:125)
	at org.junit.platform.engine.support.hierarchical.Node.around(Node.java:135)
	at org.junit.platform.engine.support.hierarchical.NodeTestTask.lambda$executeRecursively$8(NodeTestTask.java:123)
	at org.junit.platform.engine.support.hierarchical.ThrowableCollector.execute(ThrowableCollector.java:73)
	at org.junit.platform.engine.support.hierarchical.NodeTestTask.executeRecursively(NodeTestTask.java:122)
	at org.junit.platform.engine.support.hierarchical.NodeTestTask.execute(NodeTestTask.java:80)
	at java.util.ArrayList.forEach(ArrayList.java:1249)
	at org.junit.platform.engine.support.hierarchical.SameThreadHierarchicalTestExecutorService.invokeAll(SameThreadHierarchicalTestExecutorService.java:38)
	at org.junit.platform.engine.support.hierarchical.NodeTestTask.lambda$executeRecursively$5(NodeTestTask.java:139)
	at org.junit.platform.engine.support.hierarchical.ThrowableCollector.execute(ThrowableCollector.java:73)
	at org.junit.platform.engine.support.hierarchical.NodeTestTask.lambda$executeRecursively$7(NodeTestTask.java:125)
	at org.junit.platform.engine.support.hierarchical.Node.around(Node.java:135)
	at org.junit.platform.engine.support.hierarchical.NodeTestTask.lambda$executeRecursively$8(NodeTestTask.java:123)
	at org.junit.platform.engine.support.hierarchical.ThrowableCollector.execute(ThrowableCollector.java:73)
	at org.junit.platform.engine.support.hierarchical.NodeTestTask.executeRecursively(NodeTestTask.java:122)
	at org.junit.platform.engine.support.hierarchical.NodeTestTask.execute(NodeTestTask.java:80)
	at org.junit.platform.engine.support.hierarchical.SameThreadHierarchicalTestExecutorService.submit(SameThreadHierarchicalTestExecutorService.java:32)
	at org.junit.platform.engine.support.hierarchical.HierarchicalTestExecutor.execute(HierarchicalTestExecutor.java:57)
	at org.junit.platform.engine.support.hierarchical.HierarchicalTestEngine.execute(HierarchicalTestEngine.java:51)
	at org.junit.platform.launcher.core.DefaultLauncher.execute(DefaultLauncher.java:229)
	at org.junit.platform.launcher.core.DefaultLauncher.lambda$execute$6(DefaultLauncher.java:197)
	at org.junit.platform.launcher.core.DefaultLauncher.withInterceptedStreams(DefaultLauncher.java:211)
	at org.junit.platform.launcher.core.DefaultLauncher.execute(DefaultLauncher.java:191)
	at org.junit.platform.launcher.core.DefaultLauncher.execute(DefaultLauncher.java:137)
	at org.eclipse.jdt.internal.junit5.runner.JUnit5TestReference.run(JUnit5TestReference.java:89)
	at org.eclipse.jdt.internal.junit.runner.TestExecution.run(TestExecution.java:41)
	at org.eclipse.jdt.internal.junit.runner.RemoteTestRunner.runTests(RemoteTestRunner.java:541)
	at org.eclipse.jdt.internal.junit.runner.RemoteTestRunner.runTests(RemoteTestRunner.java:763)
	at org.eclipse.jdt.internal.junit.runner.RemoteTestRunner.run(RemoteTestRunner.java:463)
	at org.eclipse.jdt.internal.junit.runner.RemoteTestRunner.main(RemoteTestRunner.java:209)
2019-12-02 11:53:48,130 ERROR org.springframework.test.context.TestContextManager [main] Caught exception while allowing TestExecutionListener [org.springframework.boot.test.mock.mockito.MockitoTestExecutionListener@5b43e173] to prepare test instance [com.apple.EmployeeSearchService.EmployeeSearchServiceTest@28f8e165]
org.mockito.exceptions.base.MockitoException: 
Cannot instantiate @InjectMocks field named 'employeeSearchService'! Cause: the type 'EmployeeSearchService' is an interface.
You haven't provided the instance at field declaration so I tried to construct the instance.
Examples of correct usage of @InjectMocks:
   @InjectMocks Service service = new Service();
   @InjectMocks Service service;
   //and... don't forget about some @Mocks for injection :)

	at org.springframework.boot.test.mock.mockito.MockitoTestExecutionListener.initMocks(MockitoTestExecutionListener.java:68)
	at org.springframework.boot.test.mock.mockito.MockitoTestExecutionListener.prepareTestInstance(MockitoTestExecutionListener.java:53)
	at org.springframework.test.context.TestContextManager.prepareTestInstance(TestContextManager.java:244)
	at org.springframework.test.context.junit.jupiter.SpringExtension.postProcessTestInstance(SpringExtension.java:98)
	at org.junit.jupiter.engine.descriptor.ClassBasedTestDescriptor.lambda$invokeTestInstancePostProcessors$5(ClassBasedTestDescriptor.java:337)
	at org.junit.jupiter.engine.descriptor.ClassBasedTestDescriptor.executeAndMaskThrowable(ClassBasedTestDescriptor.java:342)
	at org.junit.jupiter.engine.descriptor.ClassBasedTestDescriptor.lambda$invokeTestInstancePostProcessors$6(ClassBasedTestDescriptor.java:337)
	at java.util.stream.ReferencePipeline$3$1.accept(ReferencePipeline.java:193)
	at java.util.stream.ReferencePipeline$2$1.accept(ReferencePipeline.java:175)
	at java.util.ArrayList$ArrayListSpliterator.forEachRemaining(ArrayList.java:1374)
	at java.util.stream.AbstractPipeline.copyInto(AbstractPipeline.java:481)
	at java.util.stream.AbstractPipeline.wrapAndCopyInto(AbstractPipeline.java:471)
	at java.util.stream.StreamSpliterators$WrappingSpliterator.forEachRemaining(StreamSpliterators.java:312)
	at java.util.stream.Streams$ConcatSpliterator.forEachRemaining(Streams.java:743)
	at java.util.stream.Streams$ConcatSpliterator.forEachRemaining(Streams.java:742)
	at java.util.stream.ReferencePipeline$Head.forEach(ReferencePipeline.java:580)
	at org.junit.jupiter.engine.descriptor.ClassBasedTestDescriptor.invokeTestInstancePostProcessors(ClassBasedTestDescriptor.java:336)
	at org.junit.jupiter.engine.descriptor.ClassBasedTestDescriptor.instantiateAndPostProcessTestInstance(ClassBasedTestDescriptor.java:259)
	at org.junit.jupiter.engine.descriptor.ClassBasedTestDescriptor.lambda$testInstancesProvider$2(ClassBasedTestDescriptor.java:252)
	at java.util.Optional.orElseGet(Optional.java:267)
	at org.junit.jupiter.engine.descriptor.ClassBasedTestDescriptor.lambda$testInstancesProvider$3(ClassBasedTestDescriptor.java:251)
	at org.junit.jupiter.engine.execution.TestInstancesProvider.getTestInstances(TestInstancesProvider.java:29)
	at org.junit.jupiter.engine.descriptor.TestMethodTestDescriptor.lambda$prepare$0(TestMethodTestDescriptor.java:106)
	at org.junit.platform.engine.support.hierarchical.ThrowableCollector.execute(ThrowableCollector.java:73)
	at org.junit.jupiter.engine.descriptor.TestMethodTestDescriptor.prepare(TestMethodTestDescriptor.java:105)
	at org.junit.jupiter.engine.descriptor.TestMethodTestDescriptor.prepare(TestMethodTestDescriptor.java:69)
	at org.junit.platform.engine.support.hierarchical.NodeTestTask.lambda$prepare$1(NodeTestTask.java:107)
	at org.junit.platform.engine.support.hierarchical.ThrowableCollector.execute(ThrowableCollector.java:73)
	at org.junit.platform.engine.support.hierarchical.NodeTestTask.prepare(NodeTestTask.java:107)
	at org.junit.platform.engine.support.hierarchical.NodeTestTask.execute(NodeTestTask.java:75)
	at java.util.ArrayList.forEach(ArrayList.java:1249)
	at org.junit.platform.engine.support.hierarchical.SameThreadHierarchicalTestExecutorService.invokeAll(SameThreadHierarchicalTestExecutorService.java:38)
	at org.junit.platform.engine.support.hierarchical.NodeTestTask.lambda$executeRecursively$5(NodeTestTask.java:139)
	at org.junit.platform.engine.support.hierarchical.ThrowableCollector.execute(ThrowableCollector.java:73)
	at org.junit.platform.engine.support.hierarchical.NodeTestTask.lambda$executeRecursively$7(NodeTestTask.java:125)
	at org.junit.platform.engine.support.hierarchical.Node.around(Node.java:135)
	at org.junit.platform.engine.support.hierarchical.NodeTestTask.lambda$executeRecursively$8(NodeTestTask.java:123)
	at org.junit.platform.engine.support.hierarchical.ThrowableCollector.execute(ThrowableCollector.java:73)
	at org.junit.platform.engine.support.hierarchical.NodeTestTask.executeRecursively(NodeTestTask.java:122)
	at org.junit.platform.engine.support.hierarchical.NodeTestTask.execute(NodeTestTask.java:80)
	at java.util.ArrayList.forEach(ArrayList.java:1249)
	at org.junit.platform.engine.support.hierarchical.SameThreadHierarchicalTestExecutorService.invokeAll(SameThreadHierarchicalTestExecutorService.java:38)
	at org.junit.platform.engine.support.hierarchical.NodeTestTask.lambda$executeRecursively$5(NodeTestTask.java:139)
	at org.junit.platform.engine.support.hierarchical.ThrowableCollector.execute(ThrowableCollector.java:73)
	at org.junit.platform.engine.support.hierarchical.NodeTestTask.lambda$executeRecursively$7(NodeTestTask.java:125)
	at org.junit.platform.engine.support.hierarchical.Node.around(Node.java:135)
	at org.junit.platform.engine.support.hierarchical.NodeTestTask.lambda$executeRecursively$8(NodeTestTask.java:123)
	at org.junit.platform.engine.support.hierarchical.ThrowableCollector.execute(ThrowableCollector.java:73)
	at org.junit.platform.engine.support.hierarchical.NodeTestTask.executeRecursively(NodeTestTask.java:122)
	at org.junit.platform.engine.support.hierarchical.NodeTestTask.execute(NodeTestTask.java:80)
	at org.junit.platform.engine.support.hierarchical.SameThreadHierarchicalTestExecutorService.submit(SameThreadHierarchicalTestExecutorService.java:32)
	at org.junit.platform.engine.support.hierarchical.HierarchicalTestExecutor.execute(HierarchicalTestExecutor.java:57)
	at org.junit.platform.engine.support.hierarchical.HierarchicalTestEngine.execute(HierarchicalTestEngine.java:51)
	at org.junit.platform.launcher.core.DefaultLauncher.execute(DefaultLauncher.java:229)
	at org.junit.platform.launcher.core.DefaultLauncher.lambda$execute$6(DefaultLauncher.java:197)
	at org.junit.platform.launcher.core.DefaultLauncher.withInterceptedStreams(DefaultLauncher.java:211)
	at org.junit.platform.launcher.core.DefaultLauncher.execute(DefaultLauncher.java:191)
	at org.junit.platform.launcher.core.DefaultLauncher.execute(DefaultLauncher.java:137)
	at org.eclipse.jdt.internal.junit5.runner.JUnit5TestReference.run(JUnit5TestReference.java:89)
	at org.eclipse.jdt.internal.junit.runner.TestExecution.run(TestExecution.java:41)
	at org.eclipse.jdt.internal.junit.runner.RemoteTestRunner.runTests(RemoteTestRunner.java:541)
	at org.eclipse.jdt.internal.junit.runner.RemoteTestRunner.runTests(RemoteTestRunner.java:763)
	at org.eclipse.jdt.internal.junit.runner.RemoteTestRunner.run(RemoteTestRunner.java:463)
	at org.eclipse.jdt.internal.junit.runner.RemoteTestRunner.main(RemoteTestRunner.java:209)
2019-12-02 11:53:48,178 ERROR org.springframework.test.context.TestContextManager [main] Caught exception while allowing TestExecutionListener [org.springframework.boot.test.mock.mockito.MockitoTestExecutionListener@5b43e173] to prepare test instance [com.apple.EmployeeSearchService.EmployeeSearchServiceTest@44d70181]
org.mockito.exceptions.base.MockitoException: 
Cannot instantiate @InjectMocks field named 'employeeSearchService'! Cause: the type 'EmployeeSearchService' is an interface.
You haven't provided the instance at field declaration so I tried to construct the instance.
Examples of correct usage of @InjectMocks:
   @InjectMocks Service service = new Service();
   @InjectMocks Service service;
   //and... don't forget about some @Mocks for injection :)

	at org.springframework.boot.test.mock.mockito.MockitoTestExecutionListener.initMocks(MockitoTestExecutionListener.java:68)
	at org.springframework.boot.test.mock.mockito.MockitoTestExecutionListener.prepareTestInstance(MockitoTestExecutionListener.java:53)
	at org.springframework.test.context.TestContextManager.prepareTestInstance(TestContextManager.java:244)
	at org.springframework.test.context.junit.jupiter.SpringExtension.postProcessTestInstance(SpringExtension.java:98)
	at org.junit.jupiter.engine.descriptor.ClassBasedTestDescriptor.lambda$invokeTestInstancePostProcessors$5(ClassBasedTestDescriptor.java:337)
	at org.junit.jupiter.engine.descriptor.ClassBasedTestDescriptor.executeAndMaskThrowable(ClassBasedTestDescriptor.java:342)
	at org.junit.jupiter.engine.descriptor.ClassBasedTestDescriptor.lambda$invokeTestInstancePostProcessors$6(ClassBasedTestDescriptor.java:337)
	at java.util.stream.ReferencePipeline$3$1.accept(ReferencePipeline.java:193)
	at java.util.stream.ReferencePipeline$2$1.accept(ReferencePipeline.java:175)
	at java.util.ArrayList$ArrayListSpliterator.forEachRemaining(ArrayList.java:1374)
	at java.util.stream.AbstractPipeline.copyInto(AbstractPipeline.java:481)
	at java.util.stream.AbstractPipeline.wrapAndCopyInto(AbstractPipeline.java:471)
	at java.util.stream.StreamSpliterators$WrappingSpliterator.forEachRemaining(StreamSpliterators.java:312)
	at java.util.stream.Streams$ConcatSpliterator.forEachRemaining(Streams.java:743)
	at java.util.stream.Streams$ConcatSpliterator.forEachRemaining(Streams.java:742)
	at java.util.stream.ReferencePipeline$Head.forEach(ReferencePipeline.java:580)
	at org.junit.jupiter.engine.descriptor.ClassBasedTestDescriptor.invokeTestInstancePostProcessors(ClassBasedTestDescriptor.java:336)
	at org.junit.jupiter.engine.descriptor.ClassBasedTestDescriptor.instantiateAndPostProcessTestInstance(ClassBasedTestDescriptor.java:259)
	at org.junit.jupiter.engine.descriptor.ClassBasedTestDescriptor.lambda$testInstancesProvider$2(ClassBasedTestDescriptor.java:252)
	at java.util.Optional.orElseGet(Optional.java:267)
	at org.junit.jupiter.engine.descriptor.ClassBasedTestDescriptor.lambda$testInstancesProvider$3(ClassBasedTestDescriptor.java:251)
	at org.junit.jupiter.engine.execution.TestInstancesProvider.getTestInstances(TestInstancesProvider.java:29)
	at org.junit.jupiter.engine.descriptor.TestMethodTestDescriptor.lambda$prepare$0(TestMethodTestDescriptor.java:106)
	at org.junit.platform.engine.support.hierarchical.ThrowableCollector.execute(ThrowableCollector.java:73)
	at org.junit.jupiter.engine.descriptor.TestMethodTestDescriptor.prepare(TestMethodTestDescriptor.java:105)
	at org.junit.jupiter.engine.descriptor.TestMethodTestDescriptor.prepare(TestMethodTestDescriptor.java:69)
	at org.junit.platform.engine.support.hierarchical.NodeTestTask.lambda$prepare$1(NodeTestTask.java:107)
	at org.junit.platform.engine.support.hierarchical.ThrowableCollector.execute(ThrowableCollector.java:73)
	at org.junit.platform.engine.support.hierarchical.NodeTestTask.prepare(NodeTestTask.java:107)
	at org.junit.platform.engine.support.hierarchical.NodeTestTask.execute(NodeTestTask.java:75)
	at java.util.ArrayList.forEach(ArrayList.java:1249)
	at org.junit.platform.engine.support.hierarchical.SameThreadHierarchicalTestExecutorService.invokeAll(SameThreadHierarchicalTestExecutorService.java:38)
	at org.junit.platform.engine.support.hierarchical.NodeTestTask.lambda$executeRecursively$5(NodeTestTask.java:139)
	at org.junit.platform.engine.support.hierarchical.ThrowableCollector.execute(ThrowableCollector.java:73)
	at org.junit.platform.engine.support.hierarchical.NodeTestTask.lambda$executeRecursively$7(NodeTestTask.java:125)
	at org.junit.platform.engine.support.hierarchical.Node.around(Node.java:135)
	at org.junit.platform.engine.support.hierarchical.NodeTestTask.lambda$executeRecursively$8(NodeTestTask.java:123)
	at org.junit.platform.engine.support.hierarchical.ThrowableCollector.execute(ThrowableCollector.java:73)
	at org.junit.platform.engine.support.hierarchical.NodeTestTask.executeRecursively(NodeTestTask.java:122)
	at org.junit.platform.engine.support.hierarchical.NodeTestTask.execute(NodeTestTask.java:80)
	at java.util.ArrayList.forEach(ArrayList.java:1249)
	at org.junit.platform.engine.support.hierarchical.SameThreadHierarchicalTestExecutorService.invokeAll(SameThreadHierarchicalTestExecutorService.java:38)
	at org.junit.platform.engine.support.hierarchical.NodeTestTask.lambda$executeRecursively$5(NodeTestTask.java:139)
	at org.junit.platform.engine.support.hierarchical.ThrowableCollector.execute(ThrowableCollector.java:73)
	at org.junit.platform.engine.support.hierarchical.NodeTestTask.lambda$executeRecursively$7(NodeTestTask.java:125)
	at org.junit.platform.engine.support.hierarchical.Node.around(Node.java:135)
	at org.junit.platform.engine.support.hierarchical.NodeTestTask.lambda$executeRecursively$8(NodeTestTask.java:123)
	at org.junit.platform.engine.support.hierarchical.ThrowableCollector.execute(ThrowableCollector.java:73)
	at org.junit.platform.engine.support.hierarchical.NodeTestTask.executeRecursively(NodeTestTask.java:122)
	at org.junit.platform.engine.support.hierarchical.NodeTestTask.execute(NodeTestTask.java:80)
	at org.junit.platform.engine.support.hierarchical.SameThreadHierarchicalTestExecutorService.submit(SameThreadHierarchicalTestExecutorService.java:32)
	at org.junit.platform.engine.support.hierarchical.HierarchicalTestExecutor.execute(HierarchicalTestExecutor.java:57)
	at org.junit.platform.engine.support.hierarchical.HierarchicalTestEngine.execute(HierarchicalTestEngine.java:51)
	at org.junit.platform.launcher.core.DefaultLauncher.execute(DefaultLauncher.java:229)
	at org.junit.platform.launcher.core.DefaultLauncher.lambda$execute$6(DefaultLauncher.java:197)
	at org.junit.platform.launcher.core.DefaultLauncher.withInterceptedStreams(DefaultLauncher.java:211)
	at org.junit.platform.launcher.core.DefaultLauncher.execute(DefaultLauncher.java:191)
	at org.junit.platform.launcher.core.DefaultLauncher.execute(DefaultLauncher.java:137)
	at org.eclipse.jdt.internal.junit5.runner.JUnit5TestReference.run(JUnit5TestReference.java:89)
	at org.eclipse.jdt.internal.junit.runner.TestExecution.run(TestExecution.java:41)
	at org.eclipse.jdt.internal.junit.runner.RemoteTestRunner.runTests(RemoteTestRunner.java:541)
	at org.eclipse.jdt.internal.junit.runner.RemoteTestRunner.runTests(RemoteTestRunner.java:763)
	at org.eclipse.jdt.internal.junit.runner.RemoteTestRunner.run(RemoteTestRunner.java:463)
	at org.eclipse.jdt.internal.junit.runner.RemoteTestRunner.main(RemoteTestRunner.java:209)
2019-12-02 11:53:49,455 ERROR org.springframework.boot.diagnostics.LoggingFailureAnalysisReporter [main] 

***************************
APPLICATION FAILED TO START
***************************

Description:

Web server failed to start. Port 8080 was already in use.

Action:

Identify and stop the process that's listening on port 8080 or configure this application to listen on another port.

2019-12-02 11:54:29,665 INFO com.apple.EmployeeSearchService.EmployeeSearchServiceTest [main] Starting EmployeeSearchServiceTest on BLRJPT3270D with PID 17414 (started by abdul.rahimanshaik in /Users/abdul.rahimanshaik/eclipse-workspace-practice/employee-service)
2019-12-02 11:54:29,667 DEBUG com.apple.EmployeeSearchService.EmployeeSearchServiceTest [main] Running with Spring Boot v2.2.0.RELEASE, Spring v5.2.0.RELEASE
2019-12-02 11:54:29,667 INFO com.apple.EmployeeSearchService.EmployeeSearchServiceTest [main] No active profile set, falling back to default profiles: default
2019-12-02 11:54:29,801 INFO com.apple.EmployeeSearchService.EmployeeSearchServiceTest [main] Started EmployeeSearchServiceTest in 0.392 seconds (JVM running for 1.405)
2019-12-02 11:54:30,209 ERROR org.springframework.test.context.TestContextManager [main] Caught exception while allowing TestExecutionListener [org.springframework.boot.test.mock.mockito.MockitoTestExecutionListener@5b43e173] to prepare test instance [com.apple.EmployeeSearchService.EmployeeSearchServiceTest@28f8e165]
org.mockito.exceptions.base.MockitoException: 
Cannot instantiate @InjectMocks field named 'employeeSearchService'! Cause: the type 'EmployeeSearchService' is an interface.
You haven't provided the instance at field declaration so I tried to construct the instance.
Examples of correct usage of @InjectMocks:
   @InjectMocks Service service = new Service();
   @InjectMocks Service service;
   //and... don't forget about some @Mocks for injection :)

	at org.springframework.boot.test.mock.mockito.MockitoTestExecutionListener.initMocks(MockitoTestExecutionListener.java:68)
	at org.springframework.boot.test.mock.mockito.MockitoTestExecutionListener.prepareTestInstance(MockitoTestExecutionListener.java:53)
	at org.springframework.test.context.TestContextManager.prepareTestInstance(TestContextManager.java:244)
	at org.springframework.test.context.junit.jupiter.SpringExtension.postProcessTestInstance(SpringExtension.java:98)
	at org.junit.jupiter.engine.descriptor.ClassBasedTestDescriptor.lambda$invokeTestInstancePostProcessors$5(ClassBasedTestDescriptor.java:337)
	at org.junit.jupiter.engine.descriptor.ClassBasedTestDescriptor.executeAndMaskThrowable(ClassBasedTestDescriptor.java:342)
	at org.junit.jupiter.engine.descriptor.ClassBasedTestDescriptor.lambda$invokeTestInstancePostProcessors$6(ClassBasedTestDescriptor.java:337)
	at java.util.stream.ReferencePipeline$3$1.accept(ReferencePipeline.java:193)
	at java.util.stream.ReferencePipeline$2$1.accept(ReferencePipeline.java:175)
	at java.util.ArrayList$ArrayListSpliterator.forEachRemaining(ArrayList.java:1374)
	at java.util.stream.AbstractPipeline.copyInto(AbstractPipeline.java:481)
	at java.util.stream.AbstractPipeline.wrapAndCopyInto(AbstractPipeline.java:471)
	at java.util.stream.StreamSpliterators$WrappingSpliterator.forEachRemaining(StreamSpliterators.java:312)
	at java.util.stream.Streams$ConcatSpliterator.forEachRemaining(Streams.java:743)
	at java.util.stream.Streams$ConcatSpliterator.forEachRemaining(Streams.java:742)
	at java.util.stream.ReferencePipeline$Head.forEach(ReferencePipeline.java:580)
	at org.junit.jupiter.engine.descriptor.ClassBasedTestDescriptor.invokeTestInstancePostProcessors(ClassBasedTestDescriptor.java:336)
	at org.junit.jupiter.engine.descriptor.ClassBasedTestDescriptor.instantiateAndPostProcessTestInstance(ClassBasedTestDescriptor.java:259)
	at org.junit.jupiter.engine.descriptor.ClassBasedTestDescriptor.lambda$testInstancesProvider$2(ClassBasedTestDescriptor.java:252)
	at java.util.Optional.orElseGet(Optional.java:267)
	at org.junit.jupiter.engine.descriptor.ClassBasedTestDescriptor.lambda$testInstancesProvider$3(ClassBasedTestDescriptor.java:251)
	at org.junit.jupiter.engine.execution.TestInstancesProvider.getTestInstances(TestInstancesProvider.java:29)
	at org.junit.jupiter.engine.descriptor.TestMethodTestDescriptor.lambda$prepare$0(TestMethodTestDescriptor.java:106)
	at org.junit.platform.engine.support.hierarchical.ThrowableCollector.execute(ThrowableCollector.java:73)
	at org.junit.jupiter.engine.descriptor.TestMethodTestDescriptor.prepare(TestMethodTestDescriptor.java:105)
	at org.junit.jupiter.engine.descriptor.TestMethodTestDescriptor.prepare(TestMethodTestDescriptor.java:69)
	at org.junit.platform.engine.support.hierarchical.NodeTestTask.lambda$prepare$1(NodeTestTask.java:107)
	at org.junit.platform.engine.support.hierarchical.ThrowableCollector.execute(ThrowableCollector.java:73)
	at org.junit.platform.engine.support.hierarchical.NodeTestTask.prepare(NodeTestTask.java:107)
	at org.junit.platform.engine.support.hierarchical.NodeTestTask.execute(NodeTestTask.java:75)
	at java.util.ArrayList.forEach(ArrayList.java:1249)
	at org.junit.platform.engine.support.hierarchical.SameThreadHierarchicalTestExecutorService.invokeAll(SameThreadHierarchicalTestExecutorService.java:38)
	at org.junit.platform.engine.support.hierarchical.NodeTestTask.lambda$executeRecursively$5(NodeTestTask.java:139)
	at org.junit.platform.engine.support.hierarchical.ThrowableCollector.execute(ThrowableCollector.java:73)
	at org.junit.platform.engine.support.hierarchical.NodeTestTask.lambda$executeRecursively$7(NodeTestTask.java:125)
	at org.junit.platform.engine.support.hierarchical.Node.around(Node.java:135)
	at org.junit.platform.engine.support.hierarchical.NodeTestTask.lambda$executeRecursively$8(NodeTestTask.java:123)
	at org.junit.platform.engine.support.hierarchical.ThrowableCollector.execute(ThrowableCollector.java:73)
	at org.junit.platform.engine.support.hierarchical.NodeTestTask.executeRecursively(NodeTestTask.java:122)
	at org.junit.platform.engine.support.hierarchical.NodeTestTask.execute(NodeTestTask.java:80)
	at java.util.ArrayList.forEach(ArrayList.java:1249)
	at org.junit.platform.engine.support.hierarchical.SameThreadHierarchicalTestExecutorService.invokeAll(SameThreadHierarchicalTestExecutorService.java:38)
	at org.junit.platform.engine.support.hierarchical.NodeTestTask.lambda$executeRecursively$5(NodeTestTask.java:139)
	at org.junit.platform.engine.support.hierarchical.ThrowableCollector.execute(ThrowableCollector.java:73)
	at org.junit.platform.engine.support.hierarchical.NodeTestTask.lambda$executeRecursively$7(NodeTestTask.java:125)
	at org.junit.platform.engine.support.hierarchical.Node.around(Node.java:135)
	at org.junit.platform.engine.support.hierarchical.NodeTestTask.lambda$executeRecursively$8(NodeTestTask.java:123)
	at org.junit.platform.engine.support.hierarchical.ThrowableCollector.execute(ThrowableCollector.java:73)
	at org.junit.platform.engine.support.hierarchical.NodeTestTask.executeRecursively(NodeTestTask.java:122)
	at org.junit.platform.engine.support.hierarchical.NodeTestTask.execute(NodeTestTask.java:80)
	at org.junit.platform.engine.support.hierarchical.SameThreadHierarchicalTestExecutorService.submit(SameThreadHierarchicalTestExecutorService.java:32)
	at org.junit.platform.engine.support.hierarchical.HierarchicalTestExecutor.execute(HierarchicalTestExecutor.java:57)
	at org.junit.platform.engine.support.hierarchical.HierarchicalTestEngine.execute(HierarchicalTestEngine.java:51)
	at org.junit.platform.launcher.core.DefaultLauncher.execute(DefaultLauncher.java:229)
	at org.junit.platform.launcher.core.DefaultLauncher.lambda$execute$6(DefaultLauncher.java:197)
	at org.junit.platform.launcher.core.DefaultLauncher.withInterceptedStreams(DefaultLauncher.java:211)
	at org.junit.platform.launcher.core.DefaultLauncher.execute(DefaultLauncher.java:191)
	at org.junit.platform.launcher.core.DefaultLauncher.execute(DefaultLauncher.java:137)
	at org.eclipse.jdt.internal.junit5.runner.JUnit5TestReference.run(JUnit5TestReference.java:89)
	at org.eclipse.jdt.internal.junit.runner.TestExecution.run(TestExecution.java:41)
	at org.eclipse.jdt.internal.junit.runner.RemoteTestRunner.runTests(RemoteTestRunner.java:541)
	at org.eclipse.jdt.internal.junit.runner.RemoteTestRunner.runTests(RemoteTestRunner.java:763)
	at org.eclipse.jdt.internal.junit.runner.RemoteTestRunner.run(RemoteTestRunner.java:463)
	at org.eclipse.jdt.internal.junit.runner.RemoteTestRunner.main(RemoteTestRunner.java:209)
2019-12-02 11:54:30,219 ERROR org.springframework.test.context.TestContextManager [main] Caught exception while allowing TestExecutionListener [org.springframework.boot.test.mock.mockito.MockitoTestExecutionListener@5b43e173] to prepare test instance [com.apple.EmployeeSearchService.EmployeeSearchServiceTest@44d70181]
org.mockito.exceptions.base.MockitoException: 
Cannot instantiate @InjectMocks field named 'employeeSearchService'! Cause: the type 'EmployeeSearchService' is an interface.
You haven't provided the instance at field declaration so I tried to construct the instance.
Examples of correct usage of @InjectMocks:
   @InjectMocks Service service = new Service();
   @InjectMocks Service service;
   //and... don't forget about some @Mocks for injection :)

	at org.springframework.boot.test.mock.mockito.MockitoTestExecutionListener.initMocks(MockitoTestExecutionListener.java:68)
	at org.springframework.boot.test.mock.mockito.MockitoTestExecutionListener.prepareTestInstance(MockitoTestExecutionListener.java:53)
	at org.springframework.test.context.TestContextManager.prepareTestInstance(TestContextManager.java:244)
	at org.springframework.test.context.junit.jupiter.SpringExtension.postProcessTestInstance(SpringExtension.java:98)
	at org.junit.jupiter.engine.descriptor.ClassBasedTestDescriptor.lambda$invokeTestInstancePostProcessors$5(ClassBasedTestDescriptor.java:337)
	at org.junit.jupiter.engine.descriptor.ClassBasedTestDescriptor.executeAndMaskThrowable(ClassBasedTestDescriptor.java:342)
	at org.junit.jupiter.engine.descriptor.ClassBasedTestDescriptor.lambda$invokeTestInstancePostProcessors$6(ClassBasedTestDescriptor.java:337)
	at java.util.stream.ReferencePipeline$3$1.accept(ReferencePipeline.java:193)
	at java.util.stream.ReferencePipeline$2$1.accept(ReferencePipeline.java:175)
	at java.util.ArrayList$ArrayListSpliterator.forEachRemaining(ArrayList.java:1374)
	at java.util.stream.AbstractPipeline.copyInto(AbstractPipeline.java:481)
	at java.util.stream.AbstractPipeline.wrapAndCopyInto(AbstractPipeline.java:471)
	at java.util.stream.StreamSpliterators$WrappingSpliterator.forEachRemaining(StreamSpliterators.java:312)
	at java.util.stream.Streams$ConcatSpliterator.forEachRemaining(Streams.java:743)
	at java.util.stream.Streams$ConcatSpliterator.forEachRemaining(Streams.java:742)
	at java.util.stream.ReferencePipeline$Head.forEach(ReferencePipeline.java:580)
	at org.junit.jupiter.engine.descriptor.ClassBasedTestDescriptor.invokeTestInstancePostProcessors(ClassBasedTestDescriptor.java:336)
	at org.junit.jupiter.engine.descriptor.ClassBasedTestDescriptor.instantiateAndPostProcessTestInstance(ClassBasedTestDescriptor.java:259)
	at org.junit.jupiter.engine.descriptor.ClassBasedTestDescriptor.lambda$testInstancesProvider$2(ClassBasedTestDescriptor.java:252)
	at java.util.Optional.orElseGet(Optional.java:267)
	at org.junit.jupiter.engine.descriptor.ClassBasedTestDescriptor.lambda$testInstancesProvider$3(ClassBasedTestDescriptor.java:251)
	at org.junit.jupiter.engine.execution.TestInstancesProvider.getTestInstances(TestInstancesProvider.java:29)
	at org.junit.jupiter.engine.descriptor.TestMethodTestDescriptor.lambda$prepare$0(TestMethodTestDescriptor.java:106)
	at org.junit.platform.engine.support.hierarchical.ThrowableCollector.execute(ThrowableCollector.java:73)
	at org.junit.jupiter.engine.descriptor.TestMethodTestDescriptor.prepare(TestMethodTestDescriptor.java:105)
	at org.junit.jupiter.engine.descriptor.TestMethodTestDescriptor.prepare(TestMethodTestDescriptor.java:69)
	at org.junit.platform.engine.support.hierarchical.NodeTestTask.lambda$prepare$1(NodeTestTask.java:107)
	at org.junit.platform.engine.support.hierarchical.ThrowableCollector.execute(ThrowableCollector.java:73)
	at org.junit.platform.engine.support.hierarchical.NodeTestTask.prepare(NodeTestTask.java:107)
	at org.junit.platform.engine.support.hierarchical.NodeTestTask.execute(NodeTestTask.java:75)
	at java.util.ArrayList.forEach(ArrayList.java:1249)
	at org.junit.platform.engine.support.hierarchical.SameThreadHierarchicalTestExecutorService.invokeAll(SameThreadHierarchicalTestExecutorService.java:38)
	at org.junit.platform.engine.support.hierarchical.NodeTestTask.lambda$executeRecursively$5(NodeTestTask.java:139)
	at org.junit.platform.engine.support.hierarchical.ThrowableCollector.execute(ThrowableCollector.java:73)
	at org.junit.platform.engine.support.hierarchical.NodeTestTask.lambda$executeRecursively$7(NodeTestTask.java:125)
	at org.junit.platform.engine.support.hierarchical.Node.around(Node.java:135)
	at org.junit.platform.engine.support.hierarchical.NodeTestTask.lambda$executeRecursively$8(NodeTestTask.java:123)
	at org.junit.platform.engine.support.hierarchical.ThrowableCollector.execute(ThrowableCollector.java:73)
	at org.junit.platform.engine.support.hierarchical.NodeTestTask.executeRecursively(NodeTestTask.java:122)
	at org.junit.platform.engine.support.hierarchical.NodeTestTask.execute(NodeTestTask.java:80)
	at java.util.ArrayList.forEach(ArrayList.java:1249)
	at org.junit.platform.engine.support.hierarchical.SameThreadHierarchicalTestExecutorService.invokeAll(SameThreadHierarchicalTestExecutorService.java:38)
	at org.junit.platform.engine.support.hierarchical.NodeTestTask.lambda$executeRecursively$5(NodeTestTask.java:139)
	at org.junit.platform.engine.support.hierarchical.ThrowableCollector.execute(ThrowableCollector.java:73)
	at org.junit.platform.engine.support.hierarchical.NodeTestTask.lambda$executeRecursively$7(NodeTestTask.java:125)
	at org.junit.platform.engine.support.hierarchical.Node.around(Node.java:135)
	at org.junit.platform.engine.support.hierarchical.NodeTestTask.lambda$executeRecursively$8(NodeTestTask.java:123)
	at org.junit.platform.engine.support.hierarchical.ThrowableCollector.execute(ThrowableCollector.java:73)
	at org.junit.platform.engine.support.hierarchical.NodeTestTask.executeRecursively(NodeTestTask.java:122)
	at org.junit.platform.engine.support.hierarchical.NodeTestTask.execute(NodeTestTask.java:80)
	at org.junit.platform.engine.support.hierarchical.SameThreadHierarchicalTestExecutorService.submit(SameThreadHierarchicalTestExecutorService.java:32)
	at org.junit.platform.engine.support.hierarchical.HierarchicalTestExecutor.execute(HierarchicalTestExecutor.java:57)
	at org.junit.platform.engine.support.hierarchical.HierarchicalTestEngine.execute(HierarchicalTestEngine.java:51)
	at org.junit.platform.launcher.core.DefaultLauncher.execute(DefaultLauncher.java:229)
	at org.junit.platform.launcher.core.DefaultLauncher.lambda$execute$6(DefaultLauncher.java:197)
	at org.junit.platform.launcher.core.DefaultLauncher.withInterceptedStreams(DefaultLauncher.java:211)
	at org.junit.platform.launcher.core.DefaultLauncher.execute(DefaultLauncher.java:191)
	at org.junit.platform.launcher.core.DefaultLauncher.execute(DefaultLauncher.java:137)
	at org.eclipse.jdt.internal.junit5.runner.JUnit5TestReference.run(JUnit5TestReference.java:89)
	at org.eclipse.jdt.internal.junit.runner.TestExecution.run(TestExecution.java:41)
	at org.eclipse.jdt.internal.junit.runner.RemoteTestRunner.runTests(RemoteTestRunner.java:541)
	at org.eclipse.jdt.internal.junit.runner.RemoteTestRunner.runTests(RemoteTestRunner.java:763)
	at org.eclipse.jdt.internal.junit.runner.RemoteTestRunner.run(RemoteTestRunner.java:463)
	at org.eclipse.jdt.internal.junit.runner.RemoteTestRunner.main(RemoteTestRunner.java:209)
2019-12-02 11:57:21,001 INFO com.apple.EmployeeSearchService.EmployeeSearchServiceTest [main] Starting EmployeeSearchServiceTest on BLRJPT3270D with PID 17416 (started by abdul.rahimanshaik in /Users/abdul.rahimanshaik/eclipse-workspace-practice/employee-service)
2019-12-02 11:57:21,003 DEBUG com.apple.EmployeeSearchService.EmployeeSearchServiceTest [main] Running with Spring Boot v2.2.0.RELEASE, Spring v5.2.0.RELEASE
2019-12-02 11:57:21,004 INFO com.apple.EmployeeSearchService.EmployeeSearchServiceTest [main] No active profile set, falling back to default profiles: default
2019-12-02 11:57:21,104 INFO com.apple.EmployeeSearchService.EmployeeSearchServiceTest [main] Started EmployeeSearchServiceTest in 150.275 seconds (JVM running for 151.341)
2019-12-02 12:27:00,654 INFO com.apple.EmployeeSearchService.EmployeeSearchServiceTest [main] Starting EmployeeSearchServiceTest on BLRJPT3270D with PID 1161 (started by abdul.rahimanshaik in /Users/abdul.rahimanshaik/eclipse-workspace-practice/employee-service)
2019-12-02 12:27:00,655 DEBUG com.apple.EmployeeSearchService.EmployeeSearchServiceTest [main] Running with Spring Boot v2.2.0.RELEASE, Spring v5.2.0.RELEASE
2019-12-02 12:27:00,656 INFO com.apple.EmployeeSearchService.EmployeeSearchServiceTest [main] No active profile set, falling back to default profiles: default
2019-12-02 12:27:05,553 INFO com.apple.EmployeeSearchService.EmployeeSearchServiceTest [main] Starting EmployeeSearchServiceTest on BLRJPT3270D with PID 1173 (started by abdul.rahimanshaik in /Users/abdul.rahimanshaik/eclipse-workspace-practice/employee-service)
2019-12-02 12:27:05,991 DEBUG com.apple.EmployeeSearchService.EmployeeSearchServiceTest [main] Running with Spring Boot v2.2.0.RELEASE, Spring v5.2.0.RELEASE
2019-12-02 12:27:05,992 INFO com.apple.EmployeeSearchService.EmployeeSearchServiceTest [main] No active profile set, falling back to default profiles: default
2019-12-02 12:27:08,296 ERROR org.springframework.boot.diagnostics.LoggingFailureAnalysisReporter [main] 

***************************
APPLICATION FAILED TO START
***************************

Description:

Parameter 0 of constructor in com.apple.employee.search.service.impl.EmployeeSearchServiceImpl required a bean of type 'com.apple.employee.search.dao.EmployeeDao' that could not be found.


Action:

Consider defining a bean of type 'com.apple.employee.search.dao.EmployeeDao' in your configuration.

2019-12-02 12:27:08,296 ERROR org.springframework.boot.diagnostics.LoggingFailureAnalysisReporter [main] 

***************************
APPLICATION FAILED TO START
***************************

Description:

Parameter 0 of constructor in com.apple.employee.search.service.impl.EmployeeSearchServiceImpl required a bean of type 'com.apple.employee.search.dao.EmployeeDao' that could not be found.


Action:

Consider defining a bean of type 'com.apple.employee.search.dao.EmployeeDao' in your configuration.

2019-12-02 12:27:08,321 ERROR org.springframework.test.context.TestContextManager [main] Caught exception while allowing TestExecutionListener [org.springframework.test.context.web.ServletTestExecutionListener@56aaaecd] to prepare test instance [com.apple.EmployeeSearchService.EmployeeSearchServiceTest@522a32b1]
java.lang.IllegalStateException: Failed to load ApplicationContext
	at org.springframework.test.context.cache.DefaultCacheAwareContextLoaderDelegate.loadContext(DefaultCacheAwareContextLoaderDelegate.java:132)
	at org.springframework.test.context.support.DefaultTestContext.getApplicationContext(DefaultTestContext.java:123)
	at org.springframework.test.context.web.ServletTestExecutionListener.setUpRequestContextIfNecessary(ServletTestExecutionListener.java:190)
	at org.springframework.test.context.web.ServletTestExecutionListener.prepareTestInstance(ServletTestExecutionListener.java:132)
	at org.springframework.test.context.TestContextManager.prepareTestInstance(TestContextManager.java:244)
	at org.springframework.test.context.junit.jupiter.SpringExtension.postProcessTestInstance(SpringExtension.java:98)
	at org.junit.jupiter.engine.descriptor.ClassBasedTestDescriptor.lambda$invokeTestInstancePostProcessors$5(ClassBasedTestDescriptor.java:337)
	at org.junit.jupiter.engine.descriptor.ClassBasedTestDescriptor.executeAndMaskThrowable(ClassBasedTestDescriptor.java:342)
	at org.junit.jupiter.engine.descriptor.ClassBasedTestDescriptor.lambda$invokeTestInstancePostProcessors$6(ClassBasedTestDescriptor.java:337)
	at java.util.stream.ReferencePipeline$3$1.accept(ReferencePipeline.java:193)
	at java.util.stream.ReferencePipeline$2$1.accept(ReferencePipeline.java:175)
	at java.util.ArrayList$ArrayListSpliterator.forEachRemaining(ArrayList.java:1374)
	at java.util.stream.AbstractPipeline.copyInto(AbstractPipeline.java:481)
	at java.util.stream.AbstractPipeline.wrapAndCopyInto(AbstractPipeline.java:471)
	at java.util.stream.StreamSpliterators$WrappingSpliterator.forEachRemaining(StreamSpliterators.java:312)
	at java.util.stream.Streams$ConcatSpliterator.forEachRemaining(Streams.java:743)
	at java.util.stream.Streams$ConcatSpliterator.forEachRemaining(Streams.java:742)
	at java.util.stream.ReferencePipeline$Head.forEach(ReferencePipeline.java:580)
	at org.junit.jupiter.engine.descriptor.ClassBasedTestDescriptor.invokeTestInstancePostProcessors(ClassBasedTestDescriptor.java:336)
	at org.junit.jupiter.engine.descriptor.ClassBasedTestDescriptor.instantiateAndPostProcessTestInstance(ClassBasedTestDescriptor.java:259)
	at org.junit.jupiter.engine.descriptor.ClassBasedTestDescriptor.lambda$testInstancesProvider$2(ClassBasedTestDescriptor.java:252)
	at java.util.Optional.orElseGet(Optional.java:267)
	at org.junit.jupiter.engine.descriptor.ClassBasedTestDescriptor.lambda$testInstancesProvider$3(ClassBasedTestDescriptor.java:251)
	at org.junit.jupiter.engine.execution.TestInstancesProvider.getTestInstances(TestInstancesProvider.java:29)
	at org.junit.jupiter.engine.descriptor.TestMethodTestDescriptor.lambda$prepare$0(TestMethodTestDescriptor.java:106)
	at org.junit.platform.engine.support.hierarchical.ThrowableCollector.execute(ThrowableCollector.java:73)
	at org.junit.jupiter.engine.descriptor.TestMethodTestDescriptor.prepare(TestMethodTestDescriptor.java:105)
	at org.junit.jupiter.engine.descriptor.TestMethodTestDescriptor.prepare(TestMethodTestDescriptor.java:69)
	at org.junit.platform.engine.support.hierarchical.NodeTestTask.lambda$prepare$1(NodeTestTask.java:107)
	at org.junit.platform.engine.support.hierarchical.ThrowableCollector.execute(ThrowableCollector.java:73)
	at org.junit.platform.engine.support.hierarchical.NodeTestTask.prepare(NodeTestTask.java:107)
	at org.junit.platform.engine.support.hierarchical.NodeTestTask.execute(NodeTestTask.java:75)
	at java.util.ArrayList.forEach(ArrayList.java:1249)
	at org.junit.platform.engine.support.hierarchical.SameThreadHierarchicalTestExecutorService.invokeAll(SameThreadHierarchicalTestExecutorService.java:38)
	at org.junit.platform.engine.support.hierarchical.NodeTestTask.lambda$executeRecursively$5(NodeTestTask.java:139)
	at org.junit.platform.engine.support.hierarchical.ThrowableCollector.execute(ThrowableCollector.java:73)
	at org.junit.platform.engine.support.hierarchical.NodeTestTask.lambda$executeRecursively$7(NodeTestTask.java:125)
	at org.junit.platform.engine.support.hierarchical.Node.around(Node.java:135)
	at org.junit.platform.engine.support.hierarchical.NodeTestTask.lambda$executeRecursively$8(NodeTestTask.java:123)
	at org.junit.platform.engine.support.hierarchical.ThrowableCollector.execute(ThrowableCollector.java:73)
	at org.junit.platform.engine.support.hierarchical.NodeTestTask.executeRecursively(NodeTestTask.java:122)
	at org.junit.platform.engine.support.hierarchical.NodeTestTask.execute(NodeTestTask.java:80)
	at java.util.ArrayList.forEach(ArrayList.java:1249)
	at org.junit.platform.engine.support.hierarchical.SameThreadHierarchicalTestExecutorService.invokeAll(SameThreadHierarchicalTestExecutorService.java:38)
	at org.junit.platform.engine.support.hierarchical.NodeTestTask.lambda$executeRecursively$5(NodeTestTask.java:139)
	at org.junit.platform.engine.support.hierarchical.ThrowableCollector.execute(ThrowableCollector.java:73)
	at org.junit.platform.engine.support.hierarchical.NodeTestTask.lambda$executeRecursively$7(NodeTestTask.java:125)
	at org.junit.platform.engine.support.hierarchical.Node.around(Node.java:135)
	at org.junit.platform.engine.support.hierarchical.NodeTestTask.lambda$executeRecursively$8(NodeTestTask.java:123)
	at org.junit.platform.engine.support.hierarchical.ThrowableCollector.execute(ThrowableCollector.java:73)
	at org.junit.platform.engine.support.hierarchical.NodeTestTask.executeRecursively(NodeTestTask.java:122)
	at org.junit.platform.engine.support.hierarchical.NodeTestTask.execute(NodeTestTask.java:80)
	at org.junit.platform.engine.support.hierarchical.SameThreadHierarchicalTestExecutorService.submit(SameThreadHierarchicalTestExecutorService.java:32)
	at org.junit.platform.engine.support.hierarchical.HierarchicalTestExecutor.execute(HierarchicalTestExecutor.java:57)
	at org.junit.platform.engine.support.hierarchical.HierarchicalTestEngine.execute(HierarchicalTestEngine.java:51)
	at org.junit.platform.launcher.core.DefaultLauncher.execute(DefaultLauncher.java:229)
	at org.junit.platform.launcher.core.DefaultLauncher.lambda$execute$6(DefaultLauncher.java:197)
	at org.junit.platform.launcher.core.DefaultLauncher.withInterceptedStreams(DefaultLauncher.java:211)
	at org.junit.platform.launcher.core.DefaultLauncher.execute(DefaultLauncher.java:191)
	at org.junit.platform.launcher.core.DefaultLauncher.execute(DefaultLauncher.java:137)
	at org.eclipse.jdt.internal.junit5.runner.JUnit5TestReference.run(JUnit5TestReference.java:89)
	at org.eclipse.jdt.internal.junit.runner.TestExecution.run(TestExecution.java:41)
	at org.eclipse.jdt.internal.junit.runner.RemoteTestRunner.runTests(RemoteTestRunner.java:541)
	at org.eclipse.jdt.internal.junit.runner.RemoteTestRunner.runTests(RemoteTestRunner.java:763)
	at org.eclipse.jdt.internal.junit.runner.RemoteTestRunner.run(RemoteTestRunner.java:463)
	at org.eclipse.jdt.internal.junit.runner.RemoteTestRunner.main(RemoteTestRunner.java:209)
Caused by: org.springframework.beans.factory.UnsatisfiedDependencyException: Error creating bean with name 'employeeSearchServiceImpl': Unsatisfied dependency expressed through constructor parameter 0; nested exception is org.springframework.beans.factory.NoSuchBeanDefinitionException: No qualifying bean of type 'com.apple.employee.search.dao.EmployeeDao' available: expected at least 1 bean which qualifies as autowire candidate. Dependency annotations: {}
	at org.springframework.beans.factory.support.ConstructorResolver.createArgumentArray(ConstructorResolver.java:787)
	at org.springframework.beans.factory.support.ConstructorResolver.autowireConstructor(ConstructorResolver.java:226)
	at org.springframework.beans.factory.support.AbstractAutowireCapableBeanFactory.autowireConstructor(AbstractAutowireCapableBeanFactory.java:1358)
	at org.springframework.beans.factory.support.AbstractAutowireCapableBeanFactory.createBeanInstance(AbstractAutowireCapableBeanFactory.java:1204)
	at org.springframework.beans.factory.support.AbstractAutowireCapableBeanFactory.doCreateBean(AbstractAutowireCapableBeanFactory.java:557)
	at org.springframework.beans.factory.support.AbstractAutowireCapableBeanFactory.createBean(AbstractAutowireCapableBeanFactory.java:517)
	at org.springframework.beans.factory.support.AbstractBeanFactory.lambda$doGetBean$0(AbstractBeanFactory.java:323)
	at org.springframework.beans.factory.support.DefaultSingletonBeanRegistry.getSingleton(DefaultSingletonBeanRegistry.java:222)
	at org.springframework.beans.factory.support.AbstractBeanFactory.doGetBean(AbstractBeanFactory.java:321)
	at org.springframework.beans.factory.support.AbstractBeanFactory.getBean(AbstractBeanFactory.java:202)
	at org.springframework.beans.factory.support.DefaultListableBeanFactory.preInstantiateSingletons(DefaultListableBeanFactory.java:879)
	at org.springframework.context.support.AbstractApplicationContext.finishBeanFactoryInitialization(AbstractApplicationContext.java:878)
	at org.springframework.context.support.AbstractApplicationContext.refresh(AbstractApplicationContext.java:550)
	at org.springframework.boot.SpringApplication.refresh(SpringApplication.java:747)
	at org.springframework.boot.SpringApplication.refreshContext(SpringApplication.java:397)
	at org.springframework.boot.SpringApplication.run(SpringApplication.java:315)
	at org.springframework.boot.test.context.SpringBootContextLoader.loadContext(SpringBootContextLoader.java:125)
	at org.springframework.test.context.cache.DefaultCacheAwareContextLoaderDelegate.loadContextInternal(DefaultCacheAwareContextLoaderDelegate.java:99)
	at org.springframework.test.context.cache.DefaultCacheAwareContextLoaderDelegate.loadContext(DefaultCacheAwareContextLoaderDelegate.java:124)
	... 65 common frames omitted
Caused by: org.springframework.beans.factory.NoSuchBeanDefinitionException: No qualifying bean of type 'com.apple.employee.search.dao.EmployeeDao' available: expected at least 1 bean which qualifies as autowire candidate. Dependency annotations: {}
	at org.springframework.beans.factory.support.DefaultListableBeanFactory.raiseNoMatchingBeanFound(DefaultListableBeanFactory.java:1695)
	at org.springframework.beans.factory.support.DefaultListableBeanFactory.doResolveDependency(DefaultListableBeanFactory.java:1253)
	at org.springframework.beans.factory.support.DefaultListableBeanFactory.resolveDependency(DefaultListableBeanFactory.java:1207)
	at org.springframework.beans.factory.support.ConstructorResolver.resolveAutowiredArgument(ConstructorResolver.java:874)
	at org.springframework.beans.factory.support.ConstructorResolver.createArgumentArray(ConstructorResolver.java:778)
	... 83 common frames omitted
2019-12-02 12:27:08,321 ERROR org.springframework.test.context.TestContextManager [main] Caught exception while allowing TestExecutionListener [org.springframework.test.context.web.ServletTestExecutionListener@56aaaecd] to prepare test instance [com.apple.EmployeeSearchService.EmployeeSearchServiceTest@522a32b1]
java.lang.IllegalStateException: Failed to load ApplicationContext
	at org.springframework.test.context.cache.DefaultCacheAwareContextLoaderDelegate.loadContext(DefaultCacheAwareContextLoaderDelegate.java:132)
	at org.springframework.test.context.support.DefaultTestContext.getApplicationContext(DefaultTestContext.java:123)
	at org.springframework.test.context.web.ServletTestExecutionListener.setUpRequestContextIfNecessary(ServletTestExecutionListener.java:190)
	at org.springframework.test.context.web.ServletTestExecutionListener.prepareTestInstance(ServletTestExecutionListener.java:132)
	at org.springframework.test.context.TestContextManager.prepareTestInstance(TestContextManager.java:244)
	at org.springframework.test.context.junit.jupiter.SpringExtension.postProcessTestInstance(SpringExtension.java:98)
	at org.junit.jupiter.engine.descriptor.ClassBasedTestDescriptor.lambda$invokeTestInstancePostProcessors$5(ClassBasedTestDescriptor.java:337)
	at org.junit.jupiter.engine.descriptor.ClassBasedTestDescriptor.executeAndMaskThrowable(ClassBasedTestDescriptor.java:342)
	at org.junit.jupiter.engine.descriptor.ClassBasedTestDescriptor.lambda$invokeTestInstancePostProcessors$6(ClassBasedTestDescriptor.java:337)
	at java.util.stream.ReferencePipeline$3$1.accept(ReferencePipeline.java:193)
	at java.util.stream.ReferencePipeline$2$1.accept(ReferencePipeline.java:175)
	at java.util.ArrayList$ArrayListSpliterator.forEachRemaining(ArrayList.java:1374)
	at java.util.stream.AbstractPipeline.copyInto(AbstractPipeline.java:481)
	at java.util.stream.AbstractPipeline.wrapAndCopyInto(AbstractPipeline.java:471)
	at java.util.stream.StreamSpliterators$WrappingSpliterator.forEachRemaining(StreamSpliterators.java:312)
	at java.util.stream.Streams$ConcatSpliterator.forEachRemaining(Streams.java:743)
	at java.util.stream.Streams$ConcatSpliterator.forEachRemaining(Streams.java:742)
	at java.util.stream.ReferencePipeline$Head.forEach(ReferencePipeline.java:580)
	at org.junit.jupiter.engine.descriptor.ClassBasedTestDescriptor.invokeTestInstancePostProcessors(ClassBasedTestDescriptor.java:336)
	at org.junit.jupiter.engine.descriptor.ClassBasedTestDescriptor.instantiateAndPostProcessTestInstance(ClassBasedTestDescriptor.java:259)
	at org.junit.jupiter.engine.descriptor.ClassBasedTestDescriptor.lambda$testInstancesProvider$2(ClassBasedTestDescriptor.java:252)
	at java.util.Optional.orElseGet(Optional.java:267)
	at org.junit.jupiter.engine.descriptor.ClassBasedTestDescriptor.lambda$testInstancesProvider$3(ClassBasedTestDescriptor.java:251)
	at org.junit.jupiter.engine.execution.TestInstancesProvider.getTestInstances(TestInstancesProvider.java:29)
	at org.junit.jupiter.engine.descriptor.TestMethodTestDescriptor.lambda$prepare$0(TestMethodTestDescriptor.java:106)
	at org.junit.platform.engine.support.hierarchical.ThrowableCollector.execute(ThrowableCollector.java:73)
	at org.junit.jupiter.engine.descriptor.TestMethodTestDescriptor.prepare(TestMethodTestDescriptor.java:105)
	at org.junit.jupiter.engine.descriptor.TestMethodTestDescriptor.prepare(TestMethodTestDescriptor.java:69)
	at org.junit.platform.engine.support.hierarchical.NodeTestTask.lambda$prepare$1(NodeTestTask.java:107)
	at org.junit.platform.engine.support.hierarchical.ThrowableCollector.execute(ThrowableCollector.java:73)
	at org.junit.platform.engine.support.hierarchical.NodeTestTask.prepare(NodeTestTask.java:107)
	at org.junit.platform.engine.support.hierarchical.NodeTestTask.execute(NodeTestTask.java:75)
	at java.util.ArrayList.forEach(ArrayList.java:1249)
	at org.junit.platform.engine.support.hierarchical.SameThreadHierarchicalTestExecutorService.invokeAll(SameThreadHierarchicalTestExecutorService.java:38)
	at org.junit.platform.engine.support.hierarchical.NodeTestTask.lambda$executeRecursively$5(NodeTestTask.java:139)
	at org.junit.platform.engine.support.hierarchical.ThrowableCollector.execute(ThrowableCollector.java:73)
	at org.junit.platform.engine.support.hierarchical.NodeTestTask.lambda$executeRecursively$7(NodeTestTask.java:125)
	at org.junit.platform.engine.support.hierarchical.Node.around(Node.java:135)
	at org.junit.platform.engine.support.hierarchical.NodeTestTask.lambda$executeRecursively$8(NodeTestTask.java:123)
	at org.junit.platform.engine.support.hierarchical.ThrowableCollector.execute(ThrowableCollector.java:73)
	at org.junit.platform.engine.support.hierarchical.NodeTestTask.executeRecursively(NodeTestTask.java:122)
	at org.junit.platform.engine.support.hierarchical.NodeTestTask.execute(NodeTestTask.java:80)
	at java.util.ArrayList.forEach(ArrayList.java:1249)
	at org.junit.platform.engine.support.hierarchical.SameThreadHierarchicalTestExecutorService.invokeAll(SameThreadHierarchicalTestExecutorService.java:38)
	at org.junit.platform.engine.support.hierarchical.NodeTestTask.lambda$executeRecursively$5(NodeTestTask.java:139)
	at org.junit.platform.engine.support.hierarchical.ThrowableCollector.execute(ThrowableCollector.java:73)
	at org.junit.platform.engine.support.hierarchical.NodeTestTask.lambda$executeRecursively$7(NodeTestTask.java:125)
	at org.junit.platform.engine.support.hierarchical.Node.around(Node.java:135)
	at org.junit.platform.engine.support.hierarchical.NodeTestTask.lambda$executeRecursively$8(NodeTestTask.java:123)
	at org.junit.platform.engine.support.hierarchical.ThrowableCollector.execute(ThrowableCollector.java:73)
	at org.junit.platform.engine.support.hierarchical.NodeTestTask.executeRecursively(NodeTestTask.java:122)
	at org.junit.platform.engine.support.hierarchical.NodeTestTask.execute(NodeTestTask.java:80)
	at org.junit.platform.engine.support.hierarchical.SameThreadHierarchicalTestExecutorService.submit(SameThreadHierarchicalTestExecutorService.java:32)
	at org.junit.platform.engine.support.hierarchical.HierarchicalTestExecutor.execute(HierarchicalTestExecutor.java:57)
	at org.junit.platform.engine.support.hierarchical.HierarchicalTestEngine.execute(HierarchicalTestEngine.java:51)
	at org.junit.platform.launcher.core.DefaultLauncher.execute(DefaultLauncher.java:229)
	at org.junit.platform.launcher.core.DefaultLauncher.lambda$execute$6(DefaultLauncher.java:197)
	at org.junit.platform.launcher.core.DefaultLauncher.withInterceptedStreams(DefaultLauncher.java:211)
	at org.junit.platform.launcher.core.DefaultLauncher.execute(DefaultLauncher.java:191)
	at org.junit.platform.launcher.core.DefaultLauncher.execute(DefaultLauncher.java:137)
	at org.eclipse.jdt.internal.junit5.runner.JUnit5TestReference.run(JUnit5TestReference.java:89)
	at org.eclipse.jdt.internal.junit.runner.TestExecution.run(TestExecution.java:41)
	at org.eclipse.jdt.internal.junit.runner.RemoteTestRunner.runTests(RemoteTestRunner.java:541)
	at org.eclipse.jdt.internal.junit.runner.RemoteTestRunner.runTests(RemoteTestRunner.java:763)
	at org.eclipse.jdt.internal.junit.runner.RemoteTestRunner.run(RemoteTestRunner.java:463)
	at org.eclipse.jdt.internal.junit.runner.RemoteTestRunner.main(RemoteTestRunner.java:209)
Caused by: org.springframework.beans.factory.UnsatisfiedDependencyException: Error creating bean with name 'employeeSearchServiceImpl': Unsatisfied dependency expressed through constructor parameter 0; nested exception is org.springframework.beans.factory.NoSuchBeanDefinitionException: No qualifying bean of type 'com.apple.employee.search.dao.EmployeeDao' available: expected at least 1 bean which qualifies as autowire candidate. Dependency annotations: {}
	at org.springframework.beans.factory.support.ConstructorResolver.createArgumentArray(ConstructorResolver.java:787)
	at org.springframework.beans.factory.support.ConstructorResolver.autowireConstructor(ConstructorResolver.java:226)
	at org.springframework.beans.factory.support.AbstractAutowireCapableBeanFactory.autowireConstructor(AbstractAutowireCapableBeanFactory.java:1358)
	at org.springframework.beans.factory.support.AbstractAutowireCapableBeanFactory.createBeanInstance(AbstractAutowireCapableBeanFactory.java:1204)
	at org.springframework.beans.factory.support.AbstractAutowireCapableBeanFactory.doCreateBean(AbstractAutowireCapableBeanFactory.java:557)
	at org.springframework.beans.factory.support.AbstractAutowireCapableBeanFactory.createBean(AbstractAutowireCapableBeanFactory.java:517)
	at org.springframework.beans.factory.support.AbstractBeanFactory.lambda$doGetBean$0(AbstractBeanFactory.java:323)
	at org.springframework.beans.factory.support.DefaultSingletonBeanRegistry.getSingleton(DefaultSingletonBeanRegistry.java:222)
	at org.springframework.beans.factory.support.AbstractBeanFactory.doGetBean(AbstractBeanFactory.java:321)
	at org.springframework.beans.factory.support.AbstractBeanFactory.getBean(AbstractBeanFactory.java:202)
	at org.springframework.beans.factory.support.DefaultListableBeanFactory.preInstantiateSingletons(DefaultListableBeanFactory.java:879)
	at org.springframework.context.support.AbstractApplicationContext.finishBeanFactoryInitialization(AbstractApplicationContext.java:878)
	at org.springframework.context.support.AbstractApplicationContext.refresh(AbstractApplicationContext.java:550)
	at org.springframework.boot.SpringApplication.refresh(SpringApplication.java:747)
	at org.springframework.boot.SpringApplication.refreshContext(SpringApplication.java:397)
	at org.springframework.boot.SpringApplication.run(SpringApplication.java:315)
	at org.springframework.boot.test.context.SpringBootContextLoader.loadContext(SpringBootContextLoader.java:125)
	at org.springframework.test.context.cache.DefaultCacheAwareContextLoaderDelegate.loadContextInternal(DefaultCacheAwareContextLoaderDelegate.java:99)
	at org.springframework.test.context.cache.DefaultCacheAwareContextLoaderDelegate.loadContext(DefaultCacheAwareContextLoaderDelegate.java:124)
	... 65 common frames omitted
Caused by: org.springframework.beans.factory.NoSuchBeanDefinitionException: No qualifying bean of type 'com.apple.employee.search.dao.EmployeeDao' available: expected at least 1 bean which qualifies as autowire candidate. Dependency annotations: {}
	at org.springframework.beans.factory.support.DefaultListableBeanFactory.raiseNoMatchingBeanFound(DefaultListableBeanFactory.java:1695)
	at org.springframework.beans.factory.support.DefaultListableBeanFactory.doResolveDependency(DefaultListableBeanFactory.java:1253)
	at org.springframework.beans.factory.support.DefaultListableBeanFactory.resolveDependency(DefaultListableBeanFactory.java:1207)
	at org.springframework.beans.factory.support.ConstructorResolver.resolveAutowiredArgument(ConstructorResolver.java:874)
	at org.springframework.beans.factory.support.ConstructorResolver.createArgumentArray(ConstructorResolver.java:778)
	... 83 common frames omitted
2019-12-02 12:27:08,455 INFO com.apple.EmployeeSearchService.EmployeeSearchServiceTest [main] Starting EmployeeSearchServiceTest on BLRJPT3270D with PID 1173 (started by abdul.rahimanshaik in /Users/abdul.rahimanshaik/eclipse-workspace-practice/employee-service)
2019-12-02 12:27:08,455 DEBUG com.apple.EmployeeSearchService.EmployeeSearchServiceTest [main] Running with Spring Boot v2.2.0.RELEASE, Spring v5.2.0.RELEASE
2019-12-02 12:27:08,455 INFO com.apple.EmployeeSearchService.EmployeeSearchServiceTest [main] No active profile set, falling back to default profiles: default
2019-12-02 12:27:08,459 INFO com.apple.EmployeeSearchService.EmployeeSearchServiceTest [main] Starting EmployeeSearchServiceTest on BLRJPT3270D with PID 1161 (started by abdul.rahimanshaik in /Users/abdul.rahimanshaik/eclipse-workspace-practice/employee-service)
2019-12-02 12:27:08,467 ERROR org.springframework.boot.diagnostics.LoggingFailureAnalysisReporter [main] 

***************************
APPLICATION FAILED TO START
***************************

Description:

Parameter 0 of constructor in com.apple.employee.search.service.impl.EmployeeSearchServiceImpl required a bean of type 'com.apple.employee.search.dao.EmployeeDao' that could not be found.


Action:

Consider defining a bean of type 'com.apple.employee.search.dao.EmployeeDao' in your configuration.

2019-12-02 12:27:08,509 DEBUG com.apple.EmployeeSearchService.EmployeeSearchServiceTest [main] Running with Spring Boot v2.2.0.RELEASE, Spring v5.2.0.RELEASE
2019-12-02 12:27:08,509 INFO com.apple.EmployeeSearchService.EmployeeSearchServiceTest [main] No active profile set, falling back to default profiles: default
2019-12-02 12:27:08,509 ERROR org.springframework.test.context.TestContextManager [main] Caught exception while allowing TestExecutionListener [org.springframework.test.context.web.ServletTestExecutionListener@56aaaecd] to prepare test instance [com.apple.EmployeeSearchService.EmployeeSearchServiceTest@4a11eb84]
java.lang.IllegalStateException: Failed to load ApplicationContext
	at org.springframework.test.context.cache.DefaultCacheAwareContextLoaderDelegate.loadContext(DefaultCacheAwareContextLoaderDelegate.java:132)
	at org.springframework.test.context.support.DefaultTestContext.getApplicationContext(DefaultTestContext.java:123)
	at org.springframework.test.context.web.ServletTestExecutionListener.setUpRequestContextIfNecessary(ServletTestExecutionListener.java:190)
	at org.springframework.test.context.web.ServletTestExecutionListener.prepareTestInstance(ServletTestExecutionListener.java:132)
	at org.springframework.test.context.TestContextManager.prepareTestInstance(TestContextManager.java:244)
	at org.springframework.test.context.junit.jupiter.SpringExtension.postProcessTestInstance(SpringExtension.java:98)
	at org.junit.jupiter.engine.descriptor.ClassBasedTestDescriptor.lambda$invokeTestInstancePostProcessors$5(ClassBasedTestDescriptor.java:337)
	at org.junit.jupiter.engine.descriptor.ClassBasedTestDescriptor.executeAndMaskThrowable(ClassBasedTestDescriptor.java:342)
	at org.junit.jupiter.engine.descriptor.ClassBasedTestDescriptor.lambda$invokeTestInstancePostProcessors$6(ClassBasedTestDescriptor.java:337)
	at java.util.stream.ReferencePipeline$3$1.accept(ReferencePipeline.java:193)
	at java.util.stream.ReferencePipeline$2$1.accept(ReferencePipeline.java:175)
	at java.util.ArrayList$ArrayListSpliterator.forEachRemaining(ArrayList.java:1374)
	at java.util.stream.AbstractPipeline.copyInto(AbstractPipeline.java:481)
	at java.util.stream.AbstractPipeline.wrapAndCopyInto(AbstractPipeline.java:471)
	at java.util.stream.StreamSpliterators$WrappingSpliterator.forEachRemaining(StreamSpliterators.java:312)
	at java.util.stream.Streams$ConcatSpliterator.forEachRemaining(Streams.java:743)
	at java.util.stream.Streams$ConcatSpliterator.forEachRemaining(Streams.java:742)
	at java.util.stream.ReferencePipeline$Head.forEach(ReferencePipeline.java:580)
	at org.junit.jupiter.engine.descriptor.ClassBasedTestDescriptor.invokeTestInstancePostProcessors(ClassBasedTestDescriptor.java:336)
	at org.junit.jupiter.engine.descriptor.ClassBasedTestDescriptor.instantiateAndPostProcessTestInstance(ClassBasedTestDescriptor.java:259)
	at org.junit.jupiter.engine.descriptor.ClassBasedTestDescriptor.lambda$testInstancesProvider$2(ClassBasedTestDescriptor.java:252)
	at java.util.Optional.orElseGet(Optional.java:267)
	at org.junit.jupiter.engine.descriptor.ClassBasedTestDescriptor.lambda$testInstancesProvider$3(ClassBasedTestDescriptor.java:251)
	at org.junit.jupiter.engine.execution.TestInstancesProvider.getTestInstances(TestInstancesProvider.java:29)
	at org.junit.jupiter.engine.descriptor.TestMethodTestDescriptor.lambda$prepare$0(TestMethodTestDescriptor.java:106)
	at org.junit.platform.engine.support.hierarchical.ThrowableCollector.execute(ThrowableCollector.java:73)
	at org.junit.jupiter.engine.descriptor.TestMethodTestDescriptor.prepare(TestMethodTestDescriptor.java:105)
	at org.junit.jupiter.engine.descriptor.TestMethodTestDescriptor.prepare(TestMethodTestDescriptor.java:69)
	at org.junit.platform.engine.support.hierarchical.NodeTestTask.lambda$prepare$1(NodeTestTask.java:107)
	at org.junit.platform.engine.support.hierarchical.ThrowableCollector.execute(ThrowableCollector.java:73)
	at org.junit.platform.engine.support.hierarchical.NodeTestTask.prepare(NodeTestTask.java:107)
	at org.junit.platform.engine.support.hierarchical.NodeTestTask.execute(NodeTestTask.java:75)
	at java.util.ArrayList.forEach(ArrayList.java:1249)
	at org.junit.platform.engine.support.hierarchical.SameThreadHierarchicalTestExecutorService.invokeAll(SameThreadHierarchicalTestExecutorService.java:38)
	at org.junit.platform.engine.support.hierarchical.NodeTestTask.lambda$executeRecursively$5(NodeTestTask.java:139)
	at org.junit.platform.engine.support.hierarchical.ThrowableCollector.execute(ThrowableCollector.java:73)
	at org.junit.platform.engine.support.hierarchical.NodeTestTask.lambda$executeRecursively$7(NodeTestTask.java:125)
	at org.junit.platform.engine.support.hierarchical.Node.around(Node.java:135)
	at org.junit.platform.engine.support.hierarchical.NodeTestTask.lambda$executeRecursively$8(NodeTestTask.java:123)
	at org.junit.platform.engine.support.hierarchical.ThrowableCollector.execute(ThrowableCollector.java:73)
	at org.junit.platform.engine.support.hierarchical.NodeTestTask.executeRecursively(NodeTestTask.java:122)
	at org.junit.platform.engine.support.hierarchical.NodeTestTask.execute(NodeTestTask.java:80)
	at java.util.ArrayList.forEach(ArrayList.java:1249)
	at org.junit.platform.engine.support.hierarchical.SameThreadHierarchicalTestExecutorService.invokeAll(SameThreadHierarchicalTestExecutorService.java:38)
	at org.junit.platform.engine.support.hierarchical.NodeTestTask.lambda$executeRecursively$5(NodeTestTask.java:139)
	at org.junit.platform.engine.support.hierarchical.ThrowableCollector.execute(ThrowableCollector.java:73)
	at org.junit.platform.engine.support.hierarchical.NodeTestTask.lambda$executeRecursively$7(NodeTestTask.java:125)
	at org.junit.platform.engine.support.hierarchical.Node.around(Node.java:135)
	at org.junit.platform.engine.support.hierarchical.NodeTestTask.lambda$executeRecursively$8(NodeTestTask.java:123)
	at org.junit.platform.engine.support.hierarchical.ThrowableCollector.execute(ThrowableCollector.java:73)
	at org.junit.platform.engine.support.hierarchical.NodeTestTask.executeRecursively(NodeTestTask.java:122)
	at org.junit.platform.engine.support.hierarchical.NodeTestTask.execute(NodeTestTask.java:80)
	at org.junit.platform.engine.support.hierarchical.SameThreadHierarchicalTestExecutorService.submit(SameThreadHierarchicalTestExecutorService.java:32)
	at org.junit.platform.engine.support.hierarchical.HierarchicalTestExecutor.execute(HierarchicalTestExecutor.java:57)
	at org.junit.platform.engine.support.hierarchical.HierarchicalTestEngine.execute(HierarchicalTestEngine.java:51)
	at org.junit.platform.launcher.core.DefaultLauncher.execute(DefaultLauncher.java:229)
	at org.junit.platform.launcher.core.DefaultLauncher.lambda$execute$6(DefaultLauncher.java:197)
	at org.junit.platform.launcher.core.DefaultLauncher.withInterceptedStreams(DefaultLauncher.java:211)
	at org.junit.platform.launcher.core.DefaultLauncher.execute(DefaultLauncher.java:191)
	at org.junit.platform.launcher.core.DefaultLauncher.execute(DefaultLauncher.java:137)
	at org.eclipse.jdt.internal.junit5.runner.JUnit5TestReference.run(JUnit5TestReference.java:89)
	at org.eclipse.jdt.internal.junit.runner.TestExecution.run(TestExecution.java:41)
	at org.eclipse.jdt.internal.junit.runner.RemoteTestRunner.runTests(RemoteTestRunner.java:541)
	at org.eclipse.jdt.internal.junit.runner.RemoteTestRunner.runTests(RemoteTestRunner.java:763)
	at org.eclipse.jdt.internal.junit.runner.RemoteTestRunner.run(RemoteTestRunner.java:463)
	at org.eclipse.jdt.internal.junit.runner.RemoteTestRunner.main(RemoteTestRunner.java:209)
Caused by: org.springframework.beans.factory.UnsatisfiedDependencyException: Error creating bean with name 'employeeSearchServiceImpl': Unsatisfied dependency expressed through constructor parameter 0; nested exception is org.springframework.beans.factory.NoSuchBeanDefinitionException: No qualifying bean of type 'com.apple.employee.search.dao.EmployeeDao' available: expected at least 1 bean which qualifies as autowire candidate. Dependency annotations: {}
	at org.springframework.beans.factory.support.ConstructorResolver.createArgumentArray(ConstructorResolver.java:787)
	at org.springframework.beans.factory.support.ConstructorResolver.autowireConstructor(ConstructorResolver.java:226)
	at org.springframework.beans.factory.support.AbstractAutowireCapableBeanFactory.autowireConstructor(AbstractAutowireCapableBeanFactory.java:1358)
	at org.springframework.beans.factory.support.AbstractAutowireCapableBeanFactory.createBeanInstance(AbstractAutowireCapableBeanFactory.java:1204)
	at org.springframework.beans.factory.support.AbstractAutowireCapableBeanFactory.doCreateBean(AbstractAutowireCapableBeanFactory.java:557)
	at org.springframework.beans.factory.support.AbstractAutowireCapableBeanFactory.createBean(AbstractAutowireCapableBeanFactory.java:517)
	at org.springframework.beans.factory.support.AbstractBeanFactory.lambda$doGetBean$0(AbstractBeanFactory.java:323)
	at org.springframework.beans.factory.support.DefaultSingletonBeanRegistry.getSingleton(DefaultSingletonBeanRegistry.java:222)
	at org.springframework.beans.factory.support.AbstractBeanFactory.doGetBean(AbstractBeanFactory.java:321)
	at org.springframework.beans.factory.support.AbstractBeanFactory.getBean(AbstractBeanFactory.java:202)
	at org.springframework.beans.factory.support.DefaultListableBeanFactory.preInstantiateSingletons(DefaultListableBeanFactory.java:879)
	at org.springframework.context.support.AbstractApplicationContext.finishBeanFactoryInitialization(AbstractApplicationContext.java:878)
	at org.springframework.context.support.AbstractApplicationContext.refresh(AbstractApplicationContext.java:550)
	at org.springframework.boot.SpringApplication.refresh(SpringApplication.java:747)
	at org.springframework.boot.SpringApplication.refreshContext(SpringApplication.java:397)
	at org.springframework.boot.SpringApplication.run(SpringApplication.java:315)
	at org.springframework.boot.test.context.SpringBootContextLoader.loadContext(SpringBootContextLoader.java:125)
	at org.springframework.test.context.cache.DefaultCacheAwareContextLoaderDelegate.loadContextInternal(DefaultCacheAwareContextLoaderDelegate.java:99)
	at org.springframework.test.context.cache.DefaultCacheAwareContextLoaderDelegate.loadContext(DefaultCacheAwareContextLoaderDelegate.java:124)
	... 65 common frames omitted
Caused by: org.springframework.beans.factory.NoSuchBeanDefinitionException: No qualifying bean of type 'com.apple.employee.search.dao.EmployeeDao' available: expected at least 1 bean which qualifies as autowire candidate. Dependency annotations: {}
	at org.springframework.beans.factory.support.DefaultListableBeanFactory.raiseNoMatchingBeanFound(DefaultListableBeanFactory.java:1695)
	at org.springframework.beans.factory.support.DefaultListableBeanFactory.doResolveDependency(DefaultListableBeanFactory.java:1253)
	at org.springframework.beans.factory.support.DefaultListableBeanFactory.resolveDependency(DefaultListableBeanFactory.java:1207)
	at org.springframework.beans.factory.support.ConstructorResolver.resolveAutowiredArgument(ConstructorResolver.java:874)
	at org.springframework.beans.factory.support.ConstructorResolver.createArgumentArray(ConstructorResolver.java:778)
	... 83 common frames omitted
2019-12-02 12:27:08,524 ERROR org.springframework.boot.diagnostics.LoggingFailureAnalysisReporter [main] 

***************************
APPLICATION FAILED TO START
***************************

Description:

Parameter 0 of constructor in com.apple.employee.search.service.impl.EmployeeSearchServiceImpl required a bean of type 'com.apple.employee.search.dao.EmployeeDao' that could not be found.


Action:

Consider defining a bean of type 'com.apple.employee.search.dao.EmployeeDao' in your configuration.

2019-12-02 12:27:08,559 ERROR org.springframework.test.context.TestContextManager [main] Caught exception while allowing TestExecutionListener [org.springframework.test.context.web.ServletTestExecutionListener@56aaaecd] to prepare test instance [com.apple.EmployeeSearchService.EmployeeSearchServiceTest@4a11eb84]
java.lang.IllegalStateException: Failed to load ApplicationContext
	at org.springframework.test.context.cache.DefaultCacheAwareContextLoaderDelegate.loadContext(DefaultCacheAwareContextLoaderDelegate.java:132)
	at org.springframework.test.context.support.DefaultTestContext.getApplicationContext(DefaultTestContext.java:123)
	at org.springframework.test.context.web.ServletTestExecutionListener.setUpRequestContextIfNecessary(ServletTestExecutionListener.java:190)
	at org.springframework.test.context.web.ServletTestExecutionListener.prepareTestInstance(ServletTestExecutionListener.java:132)
	at org.springframework.test.context.TestContextManager.prepareTestInstance(TestContextManager.java:244)
	at org.springframework.test.context.junit.jupiter.SpringExtension.postProcessTestInstance(SpringExtension.java:98)
	at org.junit.jupiter.engine.descriptor.ClassBasedTestDescriptor.lambda$invokeTestInstancePostProcessors$5(ClassBasedTestDescriptor.java:337)
	at org.junit.jupiter.engine.descriptor.ClassBasedTestDescriptor.executeAndMaskThrowable(ClassBasedTestDescriptor.java:342)
	at org.junit.jupiter.engine.descriptor.ClassBasedTestDescriptor.lambda$invokeTestInstancePostProcessors$6(ClassBasedTestDescriptor.java:337)
	at java.util.stream.ReferencePipeline$3$1.accept(ReferencePipeline.java:193)
	at java.util.stream.ReferencePipeline$2$1.accept(ReferencePipeline.java:175)
	at java.util.ArrayList$ArrayListSpliterator.forEachRemaining(ArrayList.java:1374)
	at java.util.stream.AbstractPipeline.copyInto(AbstractPipeline.java:481)
	at java.util.stream.AbstractPipeline.wrapAndCopyInto(AbstractPipeline.java:471)
	at java.util.stream.StreamSpliterators$WrappingSpliterator.forEachRemaining(StreamSpliterators.java:312)
	at java.util.stream.Streams$ConcatSpliterator.forEachRemaining(Streams.java:743)
	at java.util.stream.Streams$ConcatSpliterator.forEachRemaining(Streams.java:742)
	at java.util.stream.ReferencePipeline$Head.forEach(ReferencePipeline.java:580)
	at org.junit.jupiter.engine.descriptor.ClassBasedTestDescriptor.invokeTestInstancePostProcessors(ClassBasedTestDescriptor.java:336)
	at org.junit.jupiter.engine.descriptor.ClassBasedTestDescriptor.instantiateAndPostProcessTestInstance(ClassBasedTestDescriptor.java:259)
	at org.junit.jupiter.engine.descriptor.ClassBasedTestDescriptor.lambda$testInstancesProvider$2(ClassBasedTestDescriptor.java:252)
	at java.util.Optional.orElseGet(Optional.java:267)
	at org.junit.jupiter.engine.descriptor.ClassBasedTestDescriptor.lambda$testInstancesProvider$3(ClassBasedTestDescriptor.java:251)
	at org.junit.jupiter.engine.execution.TestInstancesProvider.getTestInstances(TestInstancesProvider.java:29)
	at org.junit.jupiter.engine.descriptor.TestMethodTestDescriptor.lambda$prepare$0(TestMethodTestDescriptor.java:106)
	at org.junit.platform.engine.support.hierarchical.ThrowableCollector.execute(ThrowableCollector.java:73)
	at org.junit.jupiter.engine.descriptor.TestMethodTestDescriptor.prepare(TestMethodTestDescriptor.java:105)
	at org.junit.jupiter.engine.descriptor.TestMethodTestDescriptor.prepare(TestMethodTestDescriptor.java:69)
	at org.junit.platform.engine.support.hierarchical.NodeTestTask.lambda$prepare$1(NodeTestTask.java:107)
	at org.junit.platform.engine.support.hierarchical.ThrowableCollector.execute(ThrowableCollector.java:73)
	at org.junit.platform.engine.support.hierarchical.NodeTestTask.prepare(NodeTestTask.java:107)
	at org.junit.platform.engine.support.hierarchical.NodeTestTask.execute(NodeTestTask.java:75)
	at java.util.ArrayList.forEach(ArrayList.java:1249)
	at org.junit.platform.engine.support.hierarchical.SameThreadHierarchicalTestExecutorService.invokeAll(SameThreadHierarchicalTestExecutorService.java:38)
	at org.junit.platform.engine.support.hierarchical.NodeTestTask.lambda$executeRecursively$5(NodeTestTask.java:139)
	at org.junit.platform.engine.support.hierarchical.ThrowableCollector.execute(ThrowableCollector.java:73)
	at org.junit.platform.engine.support.hierarchical.NodeTestTask.lambda$executeRecursively$7(NodeTestTask.java:125)
	at org.junit.platform.engine.support.hierarchical.Node.around(Node.java:135)
	at org.junit.platform.engine.support.hierarchical.NodeTestTask.lambda$executeRecursively$8(NodeTestTask.java:123)
	at org.junit.platform.engine.support.hierarchical.ThrowableCollector.execute(ThrowableCollector.java:73)
	at org.junit.platform.engine.support.hierarchical.NodeTestTask.executeRecursively(NodeTestTask.java:122)
	at org.junit.platform.engine.support.hierarchical.NodeTestTask.execute(NodeTestTask.java:80)
	at java.util.ArrayList.forEach(ArrayList.java:1249)
	at org.junit.platform.engine.support.hierarchical.SameThreadHierarchicalTestExecutorService.invokeAll(SameThreadHierarchicalTestExecutorService.java:38)
	at org.junit.platform.engine.support.hierarchical.NodeTestTask.lambda$executeRecursively$5(NodeTestTask.java:139)
	at org.junit.platform.engine.support.hierarchical.ThrowableCollector.execute(ThrowableCollector.java:73)
	at org.junit.platform.engine.support.hierarchical.NodeTestTask.lambda$executeRecursively$7(NodeTestTask.java:125)
	at org.junit.platform.engine.support.hierarchical.Node.around(Node.java:135)
	at org.junit.platform.engine.support.hierarchical.NodeTestTask.lambda$executeRecursively$8(NodeTestTask.java:123)
	at org.junit.platform.engine.support.hierarchical.ThrowableCollector.execute(ThrowableCollector.java:73)
	at org.junit.platform.engine.support.hierarchical.NodeTestTask.executeRecursively(NodeTestTask.java:122)
	at org.junit.platform.engine.support.hierarchical.NodeTestTask.execute(NodeTestTask.java:80)
	at org.junit.platform.engine.support.hierarchical.SameThreadHierarchicalTestExecutorService.submit(SameThreadHierarchicalTestExecutorService.java:32)
	at org.junit.platform.engine.support.hierarchical.HierarchicalTestExecutor.execute(HierarchicalTestExecutor.java:57)
	at org.junit.platform.engine.support.hierarchical.HierarchicalTestEngine.execute(HierarchicalTestEngine.java:51)
	at org.junit.platform.launcher.core.DefaultLauncher.execute(DefaultLauncher.java:229)
	at org.junit.platform.launcher.core.DefaultLauncher.lambda$execute$6(DefaultLauncher.java:197)
	at org.junit.platform.launcher.core.DefaultLauncher.withInterceptedStreams(DefaultLauncher.java:211)
	at org.junit.platform.launcher.core.DefaultLauncher.execute(DefaultLauncher.java:191)
	at org.junit.platform.launcher.core.DefaultLauncher.execute(DefaultLauncher.java:137)
	at org.eclipse.jdt.internal.junit5.runner.JUnit5TestReference.run(JUnit5TestReference.java:89)
	at org.eclipse.jdt.internal.junit.runner.TestExecution.run(TestExecution.java:41)
	at org.eclipse.jdt.internal.junit.runner.RemoteTestRunner.runTests(RemoteTestRunner.java:541)
	at org.eclipse.jdt.internal.junit.runner.RemoteTestRunner.runTests(RemoteTestRunner.java:763)
	at org.eclipse.jdt.internal.junit.runner.RemoteTestRunner.run(RemoteTestRunner.java:463)
	at org.eclipse.jdt.internal.junit.runner.RemoteTestRunner.main(RemoteTestRunner.java:209)
Caused by: org.springframework.beans.factory.UnsatisfiedDependencyException: Error creating bean with name 'employeeSearchServiceImpl': Unsatisfied dependency expressed through constructor parameter 0; nested exception is org.springframework.beans.factory.NoSuchBeanDefinitionException: No qualifying bean of type 'com.apple.employee.search.dao.EmployeeDao' available: expected at least 1 bean which qualifies as autowire candidate. Dependency annotations: {}
	at org.springframework.beans.factory.support.ConstructorResolver.createArgumentArray(ConstructorResolver.java:787)
	at org.springframework.beans.factory.support.ConstructorResolver.autowireConstructor(ConstructorResolver.java:226)
	at org.springframework.beans.factory.support.AbstractAutowireCapableBeanFactory.autowireConstructor(AbstractAutowireCapableBeanFactory.java:1358)
	at org.springframework.beans.factory.support.AbstractAutowireCapableBeanFactory.createBeanInstance(AbstractAutowireCapableBeanFactory.java:1204)
	at org.springframework.beans.factory.support.AbstractAutowireCapableBeanFactory.doCreateBean(AbstractAutowireCapableBeanFactory.java:557)
	at org.springframework.beans.factory.support.AbstractAutowireCapableBeanFactory.createBean(AbstractAutowireCapableBeanFactory.java:517)
	at org.springframework.beans.factory.support.AbstractBeanFactory.lambda$doGetBean$0(AbstractBeanFactory.java:323)
	at org.springframework.beans.factory.support.DefaultSingletonBeanRegistry.getSingleton(DefaultSingletonBeanRegistry.java:222)
	at org.springframework.beans.factory.support.AbstractBeanFactory.doGetBean(AbstractBeanFactory.java:321)
	at org.springframework.beans.factory.support.AbstractBeanFactory.getBean(AbstractBeanFactory.java:202)
	at org.springframework.beans.factory.support.DefaultListableBeanFactory.preInstantiateSingletons(DefaultListableBeanFactory.java:879)
	at org.springframework.context.support.AbstractApplicationContext.finishBeanFactoryInitialization(AbstractApplicationContext.java:878)
	at org.springframework.context.support.AbstractApplicationContext.refresh(AbstractApplicationContext.java:550)
	at org.springframework.boot.SpringApplication.refresh(SpringApplication.java:747)
	at org.springframework.boot.SpringApplication.refreshContext(SpringApplication.java:397)
	at org.springframework.boot.SpringApplication.run(SpringApplication.java:315)
	at org.springframework.boot.test.context.SpringBootContextLoader.loadContext(SpringBootContextLoader.java:125)
	at org.springframework.test.context.cache.DefaultCacheAwareContextLoaderDelegate.loadContextInternal(DefaultCacheAwareContextLoaderDelegate.java:99)
	at org.springframework.test.context.cache.DefaultCacheAwareContextLoaderDelegate.loadContext(DefaultCacheAwareContextLoaderDelegate.java:124)
	... 65 common frames omitted
Caused by: org.springframework.beans.factory.NoSuchBeanDefinitionException: No qualifying bean of type 'com.apple.employee.search.dao.EmployeeDao' available: expected at least 1 bean which qualifies as autowire candidate. Dependency annotations: {}
	at org.springframework.beans.factory.support.DefaultListableBeanFactory.raiseNoMatchingBeanFound(DefaultListableBeanFactory.java:1695)
	at org.springframework.beans.factory.support.DefaultListableBeanFactory.doResolveDependency(DefaultListableBeanFactory.java:1253)
	at org.springframework.beans.factory.support.DefaultListableBeanFactory.resolveDependency(DefaultListableBeanFactory.java:1207)
	at org.springframework.beans.factory.support.ConstructorResolver.resolveAutowiredArgument(ConstructorResolver.java:874)
	at org.springframework.beans.factory.support.ConstructorResolver.createArgumentArray(ConstructorResolver.java:778)
	... 83 common frames omitted
2019-12-02 12:31:05,316 INFO com.apple.EmployeeSearchService.EmployeeSearchServiceTest [main] Starting EmployeeSearchServiceTest on BLRJPT3270D with PID 1250 (started by abdul.rahimanshaik in /Users/abdul.rahimanshaik/eclipse-workspace-practice/employee-service)
2019-12-02 12:31:05,318 DEBUG com.apple.EmployeeSearchService.EmployeeSearchServiceTest [main] Running with Spring Boot v2.2.0.RELEASE, Spring v5.2.0.RELEASE
2019-12-02 12:31:05,318 INFO com.apple.EmployeeSearchService.EmployeeSearchServiceTest [main] No active profile set, falling back to default profiles: default
2019-12-02 12:31:05,487 ERROR org.springframework.boot.diagnostics.LoggingFailureAnalysisReporter [main] 

***************************
APPLICATION FAILED TO START
***************************

Description:

Field employeeDao in com.apple.employee.search.service.impl.EmployeeSearchServiceImpl required a bean of type 'com.apple.employee.search.dao.EmployeeDao' that could not be found.

The injection point has the following annotations:
	- @org.springframework.beans.factory.annotation.Autowired(required=true)


Action:

Consider defining a bean of type 'com.apple.employee.search.dao.EmployeeDao' in your configuration.

2019-12-02 12:31:05,489 ERROR org.springframework.test.context.TestContextManager [main] Caught exception while allowing TestExecutionListener [org.springframework.test.context.web.ServletTestExecutionListener@5f7b97da] to prepare test instance [com.apple.EmployeeSearchService.EmployeeSearchServiceTest@18b0930f]
java.lang.IllegalStateException: Failed to load ApplicationContext
	at org.springframework.test.context.cache.DefaultCacheAwareContextLoaderDelegate.loadContext(DefaultCacheAwareContextLoaderDelegate.java:132)
	at org.springframework.test.context.support.DefaultTestContext.getApplicationContext(DefaultTestContext.java:123)
	at org.springframework.test.context.web.ServletTestExecutionListener.setUpRequestContextIfNecessary(ServletTestExecutionListener.java:190)
	at org.springframework.test.context.web.ServletTestExecutionListener.prepareTestInstance(ServletTestExecutionListener.java:132)
	at org.springframework.test.context.TestContextManager.prepareTestInstance(TestContextManager.java:244)
	at org.springframework.test.context.junit.jupiter.SpringExtension.postProcessTestInstance(SpringExtension.java:98)
	at org.junit.jupiter.engine.descriptor.ClassBasedTestDescriptor.lambda$invokeTestInstancePostProcessors$5(ClassBasedTestDescriptor.java:337)
	at org.junit.jupiter.engine.descriptor.ClassBasedTestDescriptor.executeAndMaskThrowable(ClassBasedTestDescriptor.java:342)
	at org.junit.jupiter.engine.descriptor.ClassBasedTestDescriptor.lambda$invokeTestInstancePostProcessors$6(ClassBasedTestDescriptor.java:337)
	at java.util.stream.ReferencePipeline$3$1.accept(ReferencePipeline.java:193)
	at java.util.stream.ReferencePipeline$2$1.accept(ReferencePipeline.java:175)
	at java.util.ArrayList$ArrayListSpliterator.forEachRemaining(ArrayList.java:1374)
	at java.util.stream.AbstractPipeline.copyInto(AbstractPipeline.java:481)
	at java.util.stream.AbstractPipeline.wrapAndCopyInto(AbstractPipeline.java:471)
	at java.util.stream.StreamSpliterators$WrappingSpliterator.forEachRemaining(StreamSpliterators.java:312)
	at java.util.stream.Streams$ConcatSpliterator.forEachRemaining(Streams.java:743)
	at java.util.stream.Streams$ConcatSpliterator.forEachRemaining(Streams.java:742)
	at java.util.stream.ReferencePipeline$Head.forEach(ReferencePipeline.java:580)
	at org.junit.jupiter.engine.descriptor.ClassBasedTestDescriptor.invokeTestInstancePostProcessors(ClassBasedTestDescriptor.java:336)
	at org.junit.jupiter.engine.descriptor.ClassBasedTestDescriptor.instantiateAndPostProcessTestInstance(ClassBasedTestDescriptor.java:259)
	at org.junit.jupiter.engine.descriptor.ClassBasedTestDescriptor.lambda$testInstancesProvider$2(ClassBasedTestDescriptor.java:252)
	at java.util.Optional.orElseGet(Optional.java:267)
	at org.junit.jupiter.engine.descriptor.ClassBasedTestDescriptor.lambda$testInstancesProvider$3(ClassBasedTestDescriptor.java:251)
	at org.junit.jupiter.engine.execution.TestInstancesProvider.getTestInstances(TestInstancesProvider.java:29)
	at org.junit.jupiter.engine.descriptor.TestMethodTestDescriptor.lambda$prepare$0(TestMethodTestDescriptor.java:106)
	at org.junit.platform.engine.support.hierarchical.ThrowableCollector.execute(ThrowableCollector.java:73)
	at org.junit.jupiter.engine.descriptor.TestMethodTestDescriptor.prepare(TestMethodTestDescriptor.java:105)
	at org.junit.jupiter.engine.descriptor.TestMethodTestDescriptor.prepare(TestMethodTestDescriptor.java:69)
	at org.junit.platform.engine.support.hierarchical.NodeTestTask.lambda$prepare$1(NodeTestTask.java:107)
	at org.junit.platform.engine.support.hierarchical.ThrowableCollector.execute(ThrowableCollector.java:73)
	at org.junit.platform.engine.support.hierarchical.NodeTestTask.prepare(NodeTestTask.java:107)
	at org.junit.platform.engine.support.hierarchical.NodeTestTask.execute(NodeTestTask.java:75)
	at java.util.ArrayList.forEach(ArrayList.java:1249)
	at org.junit.platform.engine.support.hierarchical.SameThreadHierarchicalTestExecutorService.invokeAll(SameThreadHierarchicalTestExecutorService.java:38)
	at org.junit.platform.engine.support.hierarchical.NodeTestTask.lambda$executeRecursively$5(NodeTestTask.java:139)
	at org.junit.platform.engine.support.hierarchical.ThrowableCollector.execute(ThrowableCollector.java:73)
	at org.junit.platform.engine.support.hierarchical.NodeTestTask.lambda$executeRecursively$7(NodeTestTask.java:125)
	at org.junit.platform.engine.support.hierarchical.Node.around(Node.java:135)
	at org.junit.platform.engine.support.hierarchical.NodeTestTask.lambda$executeRecursively$8(NodeTestTask.java:123)
	at org.junit.platform.engine.support.hierarchical.ThrowableCollector.execute(ThrowableCollector.java:73)
	at org.junit.platform.engine.support.hierarchical.NodeTestTask.executeRecursively(NodeTestTask.java:122)
	at org.junit.platform.engine.support.hierarchical.NodeTestTask.execute(NodeTestTask.java:80)
	at java.util.ArrayList.forEach(ArrayList.java:1249)
	at org.junit.platform.engine.support.hierarchical.SameThreadHierarchicalTestExecutorService.invokeAll(SameThreadHierarchicalTestExecutorService.java:38)
	at org.junit.platform.engine.support.hierarchical.NodeTestTask.lambda$executeRecursively$5(NodeTestTask.java:139)
	at org.junit.platform.engine.support.hierarchical.ThrowableCollector.execute(ThrowableCollector.java:73)
	at org.junit.platform.engine.support.hierarchical.NodeTestTask.lambda$executeRecursively$7(NodeTestTask.java:125)
	at org.junit.platform.engine.support.hierarchical.Node.around(Node.java:135)
	at org.junit.platform.engine.support.hierarchical.NodeTestTask.lambda$executeRecursively$8(NodeTestTask.java:123)
	at org.junit.platform.engine.support.hierarchical.ThrowableCollector.execute(ThrowableCollector.java:73)
	at org.junit.platform.engine.support.hierarchical.NodeTestTask.executeRecursively(NodeTestTask.java:122)
	at org.junit.platform.engine.support.hierarchical.NodeTestTask.execute(NodeTestTask.java:80)
	at org.junit.platform.engine.support.hierarchical.SameThreadHierarchicalTestExecutorService.submit(SameThreadHierarchicalTestExecutorService.java:32)
	at org.junit.platform.engine.support.hierarchical.HierarchicalTestExecutor.execute(HierarchicalTestExecutor.java:57)
	at org.junit.platform.engine.support.hierarchical.HierarchicalTestEngine.execute(HierarchicalTestEngine.java:51)
	at org.junit.platform.launcher.core.DefaultLauncher.execute(DefaultLauncher.java:229)
	at org.junit.platform.launcher.core.DefaultLauncher.lambda$execute$6(DefaultLauncher.java:197)
	at org.junit.platform.launcher.core.DefaultLauncher.withInterceptedStreams(DefaultLauncher.java:211)
	at org.junit.platform.launcher.core.DefaultLauncher.execute(DefaultLauncher.java:191)
	at org.junit.platform.launcher.core.DefaultLauncher.execute(DefaultLauncher.java:137)
	at org.eclipse.jdt.internal.junit5.runner.JUnit5TestReference.run(JUnit5TestReference.java:89)
	at org.eclipse.jdt.internal.junit.runner.TestExecution.run(TestExecution.java:41)
	at org.eclipse.jdt.internal.junit.runner.RemoteTestRunner.runTests(RemoteTestRunner.java:541)
	at org.eclipse.jdt.internal.junit.runner.RemoteTestRunner.runTests(RemoteTestRunner.java:763)
	at org.eclipse.jdt.internal.junit.runner.RemoteTestRunner.run(RemoteTestRunner.java:463)
	at org.eclipse.jdt.internal.junit.runner.RemoteTestRunner.main(RemoteTestRunner.java:209)
Caused by: org.springframework.beans.factory.UnsatisfiedDependencyException: Error creating bean with name 'employeeSearchServiceImpl': Unsatisfied dependency expressed through field 'employeeDao'; nested exception is org.springframework.beans.factory.NoSuchBeanDefinitionException: No qualifying bean of type 'com.apple.employee.search.dao.EmployeeDao' available: expected at least 1 bean which qualifies as autowire candidate. Dependency annotations: {@org.springframework.beans.factory.annotation.Autowired(required=true)}
	at org.springframework.beans.factory.annotation.AutowiredAnnotationBeanPostProcessor$AutowiredFieldElement.inject(AutowiredAnnotationBeanPostProcessor.java:639)
	at org.springframework.beans.factory.annotation.InjectionMetadata.inject(InjectionMetadata.java:116)
	at org.springframework.beans.factory.annotation.AutowiredAnnotationBeanPostProcessor.postProcessProperties(AutowiredAnnotationBeanPostProcessor.java:397)
	at org.springframework.beans.factory.support.AbstractAutowireCapableBeanFactory.populateBean(AbstractAutowireCapableBeanFactory.java:1429)
	at org.springframework.beans.factory.support.AbstractAutowireCapableBeanFactory.doCreateBean(AbstractAutowireCapableBeanFactory.java:594)
	at org.springframework.beans.factory.support.AbstractAutowireCapableBeanFactory.createBean(AbstractAutowireCapableBeanFactory.java:517)
	at org.springframework.beans.factory.support.AbstractBeanFactory.lambda$doGetBean$0(AbstractBeanFactory.java:323)
	at org.springframework.beans.factory.support.DefaultSingletonBeanRegistry.getSingleton(DefaultSingletonBeanRegistry.java:222)
	at org.springframework.beans.factory.support.AbstractBeanFactory.doGetBean(AbstractBeanFactory.java:321)
	at org.springframework.beans.factory.support.AbstractBeanFactory.getBean(AbstractBeanFactory.java:202)
	at org.springframework.beans.factory.support.DefaultListableBeanFactory.preInstantiateSingletons(DefaultListableBeanFactory.java:879)
	at org.springframework.context.support.AbstractApplicationContext.finishBeanFactoryInitialization(AbstractApplicationContext.java:878)
	at org.springframework.context.support.AbstractApplicationContext.refresh(AbstractApplicationContext.java:550)
	at org.springframework.boot.SpringApplication.refresh(SpringApplication.java:747)
	at org.springframework.boot.SpringApplication.refreshContext(SpringApplication.java:397)
	at org.springframework.boot.SpringApplication.run(SpringApplication.java:315)
	at org.springframework.boot.test.context.SpringBootContextLoader.loadContext(SpringBootContextLoader.java:125)
	at org.springframework.test.context.cache.DefaultCacheAwareContextLoaderDelegate.loadContextInternal(DefaultCacheAwareContextLoaderDelegate.java:99)
	at org.springframework.test.context.cache.DefaultCacheAwareContextLoaderDelegate.loadContext(DefaultCacheAwareContextLoaderDelegate.java:124)
	... 65 common frames omitted
Caused by: org.springframework.beans.factory.NoSuchBeanDefinitionException: No qualifying bean of type 'com.apple.employee.search.dao.EmployeeDao' available: expected at least 1 bean which qualifies as autowire candidate. Dependency annotations: {@org.springframework.beans.factory.annotation.Autowired(required=true)}
	at org.springframework.beans.factory.support.DefaultListableBeanFactory.raiseNoMatchingBeanFound(DefaultListableBeanFactory.java:1695)
	at org.springframework.beans.factory.support.DefaultListableBeanFactory.doResolveDependency(DefaultListableBeanFactory.java:1253)
	at org.springframework.beans.factory.support.DefaultListableBeanFactory.resolveDependency(DefaultListableBeanFactory.java:1207)
	at org.springframework.beans.factory.annotation.AutowiredAnnotationBeanPostProcessor$AutowiredFieldElement.inject(AutowiredAnnotationBeanPostProcessor.java:636)
	... 83 common frames omitted
2019-12-02 12:31:05,536 INFO com.apple.EmployeeSearchService.EmployeeSearchServiceTest [main] Starting EmployeeSearchServiceTest on BLRJPT3270D with PID 1250 (started by abdul.rahimanshaik in /Users/abdul.rahimanshaik/eclipse-workspace-practice/employee-service)
2019-12-02 12:31:05,536 DEBUG com.apple.EmployeeSearchService.EmployeeSearchServiceTest [main] Running with Spring Boot v2.2.0.RELEASE, Spring v5.2.0.RELEASE
2019-12-02 12:31:05,536 INFO com.apple.EmployeeSearchService.EmployeeSearchServiceTest [main] No active profile set, falling back to default profiles: default
2019-12-02 12:31:05,551 ERROR org.springframework.boot.diagnostics.LoggingFailureAnalysisReporter [main] 

***************************
APPLICATION FAILED TO START
***************************

Description:

Field employeeDao in com.apple.employee.search.service.impl.EmployeeSearchServiceImpl required a bean of type 'com.apple.employee.search.dao.EmployeeDao' that could not be found.

The injection point has the following annotations:
	- @org.springframework.beans.factory.annotation.Autowired(required=true)


Action:

Consider defining a bean of type 'com.apple.employee.search.dao.EmployeeDao' in your configuration.

2019-12-02 12:31:05,552 ERROR org.springframework.test.context.TestContextManager [main] Caught exception while allowing TestExecutionListener [org.springframework.test.context.web.ServletTestExecutionListener@5f7b97da] to prepare test instance [com.apple.EmployeeSearchService.EmployeeSearchServiceTest@4795ded0]
java.lang.IllegalStateException: Failed to load ApplicationContext
	at org.springframework.test.context.cache.DefaultCacheAwareContextLoaderDelegate.loadContext(DefaultCacheAwareContextLoaderDelegate.java:132)
	at org.springframework.test.context.support.DefaultTestContext.getApplicationContext(DefaultTestContext.java:123)
	at org.springframework.test.context.web.ServletTestExecutionListener.setUpRequestContextIfNecessary(ServletTestExecutionListener.java:190)
	at org.springframework.test.context.web.ServletTestExecutionListener.prepareTestInstance(ServletTestExecutionListener.java:132)
	at org.springframework.test.context.TestContextManager.prepareTestInstance(TestContextManager.java:244)
	at org.springframework.test.context.junit.jupiter.SpringExtension.postProcessTestInstance(SpringExtension.java:98)
	at org.junit.jupiter.engine.descriptor.ClassBasedTestDescriptor.lambda$invokeTestInstancePostProcessors$5(ClassBasedTestDescriptor.java:337)
	at org.junit.jupiter.engine.descriptor.ClassBasedTestDescriptor.executeAndMaskThrowable(ClassBasedTestDescriptor.java:342)
	at org.junit.jupiter.engine.descriptor.ClassBasedTestDescriptor.lambda$invokeTestInstancePostProcessors$6(ClassBasedTestDescriptor.java:337)
	at java.util.stream.ReferencePipeline$3$1.accept(ReferencePipeline.java:193)
	at java.util.stream.ReferencePipeline$2$1.accept(ReferencePipeline.java:175)
	at java.util.ArrayList$ArrayListSpliterator.forEachRemaining(ArrayList.java:1374)
	at java.util.stream.AbstractPipeline.copyInto(AbstractPipeline.java:481)
	at java.util.stream.AbstractPipeline.wrapAndCopyInto(AbstractPipeline.java:471)
	at java.util.stream.StreamSpliterators$WrappingSpliterator.forEachRemaining(StreamSpliterators.java:312)
	at java.util.stream.Streams$ConcatSpliterator.forEachRemaining(Streams.java:743)
	at java.util.stream.Streams$ConcatSpliterator.forEachRemaining(Streams.java:742)
	at java.util.stream.ReferencePipeline$Head.forEach(ReferencePipeline.java:580)
	at org.junit.jupiter.engine.descriptor.ClassBasedTestDescriptor.invokeTestInstancePostProcessors(ClassBasedTestDescriptor.java:336)
	at org.junit.jupiter.engine.descriptor.ClassBasedTestDescriptor.instantiateAndPostProcessTestInstance(ClassBasedTestDescriptor.java:259)
	at org.junit.jupiter.engine.descriptor.ClassBasedTestDescriptor.lambda$testInstancesProvider$2(ClassBasedTestDescriptor.java:252)
	at java.util.Optional.orElseGet(Optional.java:267)
	at org.junit.jupiter.engine.descriptor.ClassBasedTestDescriptor.lambda$testInstancesProvider$3(ClassBasedTestDescriptor.java:251)
	at org.junit.jupiter.engine.execution.TestInstancesProvider.getTestInstances(TestInstancesProvider.java:29)
	at org.junit.jupiter.engine.descriptor.TestMethodTestDescriptor.lambda$prepare$0(TestMethodTestDescriptor.java:106)
	at org.junit.platform.engine.support.hierarchical.ThrowableCollector.execute(ThrowableCollector.java:73)
	at org.junit.jupiter.engine.descriptor.TestMethodTestDescriptor.prepare(TestMethodTestDescriptor.java:105)
	at org.junit.jupiter.engine.descriptor.TestMethodTestDescriptor.prepare(TestMethodTestDescriptor.java:69)
	at org.junit.platform.engine.support.hierarchical.NodeTestTask.lambda$prepare$1(NodeTestTask.java:107)
	at org.junit.platform.engine.support.hierarchical.ThrowableCollector.execute(ThrowableCollector.java:73)
	at org.junit.platform.engine.support.hierarchical.NodeTestTask.prepare(NodeTestTask.java:107)
	at org.junit.platform.engine.support.hierarchical.NodeTestTask.execute(NodeTestTask.java:75)
	at java.util.ArrayList.forEach(ArrayList.java:1249)
	at org.junit.platform.engine.support.hierarchical.SameThreadHierarchicalTestExecutorService.invokeAll(SameThreadHierarchicalTestExecutorService.java:38)
	at org.junit.platform.engine.support.hierarchical.NodeTestTask.lambda$executeRecursively$5(NodeTestTask.java:139)
	at org.junit.platform.engine.support.hierarchical.ThrowableCollector.execute(ThrowableCollector.java:73)
	at org.junit.platform.engine.support.hierarchical.NodeTestTask.lambda$executeRecursively$7(NodeTestTask.java:125)
	at org.junit.platform.engine.support.hierarchical.Node.around(Node.java:135)
	at org.junit.platform.engine.support.hierarchical.NodeTestTask.lambda$executeRecursively$8(NodeTestTask.java:123)
	at org.junit.platform.engine.support.hierarchical.ThrowableCollector.execute(ThrowableCollector.java:73)
	at org.junit.platform.engine.support.hierarchical.NodeTestTask.executeRecursively(NodeTestTask.java:122)
	at org.junit.platform.engine.support.hierarchical.NodeTestTask.execute(NodeTestTask.java:80)
	at java.util.ArrayList.forEach(ArrayList.java:1249)
	at org.junit.platform.engine.support.hierarchical.SameThreadHierarchicalTestExecutorService.invokeAll(SameThreadHierarchicalTestExecutorService.java:38)
	at org.junit.platform.engine.support.hierarchical.NodeTestTask.lambda$executeRecursively$5(NodeTestTask.java:139)
	at org.junit.platform.engine.support.hierarchical.ThrowableCollector.execute(ThrowableCollector.java:73)
	at org.junit.platform.engine.support.hierarchical.NodeTestTask.lambda$executeRecursively$7(NodeTestTask.java:125)
	at org.junit.platform.engine.support.hierarchical.Node.around(Node.java:135)
	at org.junit.platform.engine.support.hierarchical.NodeTestTask.lambda$executeRecursively$8(NodeTestTask.java:123)
	at org.junit.platform.engine.support.hierarchical.ThrowableCollector.execute(ThrowableCollector.java:73)
	at org.junit.platform.engine.support.hierarchical.NodeTestTask.executeRecursively(NodeTestTask.java:122)
	at org.junit.platform.engine.support.hierarchical.NodeTestTask.execute(NodeTestTask.java:80)
	at org.junit.platform.engine.support.hierarchical.SameThreadHierarchicalTestExecutorService.submit(SameThreadHierarchicalTestExecutorService.java:32)
	at org.junit.platform.engine.support.hierarchical.HierarchicalTestExecutor.execute(HierarchicalTestExecutor.java:57)
	at org.junit.platform.engine.support.hierarchical.HierarchicalTestEngine.execute(HierarchicalTestEngine.java:51)
	at org.junit.platform.launcher.core.DefaultLauncher.execute(DefaultLauncher.java:229)
	at org.junit.platform.launcher.core.DefaultLauncher.lambda$execute$6(DefaultLauncher.java:197)
	at org.junit.platform.launcher.core.DefaultLauncher.withInterceptedStreams(DefaultLauncher.java:211)
	at org.junit.platform.launcher.core.DefaultLauncher.execute(DefaultLauncher.java:191)
	at org.junit.platform.launcher.core.DefaultLauncher.execute(DefaultLauncher.java:137)
	at org.eclipse.jdt.internal.junit5.runner.JUnit5TestReference.run(JUnit5TestReference.java:89)
	at org.eclipse.jdt.internal.junit.runner.TestExecution.run(TestExecution.java:41)
	at org.eclipse.jdt.internal.junit.runner.RemoteTestRunner.runTests(RemoteTestRunner.java:541)
	at org.eclipse.jdt.internal.junit.runner.RemoteTestRunner.runTests(RemoteTestRunner.java:763)
	at org.eclipse.jdt.internal.junit.runner.RemoteTestRunner.run(RemoteTestRunner.java:463)
	at org.eclipse.jdt.internal.junit.runner.RemoteTestRunner.main(RemoteTestRunner.java:209)
Caused by: org.springframework.beans.factory.UnsatisfiedDependencyException: Error creating bean with name 'employeeSearchServiceImpl': Unsatisfied dependency expressed through field 'employeeDao'; nested exception is org.springframework.beans.factory.NoSuchBeanDefinitionException: No qualifying bean of type 'com.apple.employee.search.dao.EmployeeDao' available: expected at least 1 bean which qualifies as autowire candidate. Dependency annotations: {@org.springframework.beans.factory.annotation.Autowired(required=true)}
	at org.springframework.beans.factory.annotation.AutowiredAnnotationBeanPostProcessor$AutowiredFieldElement.inject(AutowiredAnnotationBeanPostProcessor.java:639)
	at org.springframework.beans.factory.annotation.InjectionMetadata.inject(InjectionMetadata.java:116)
	at org.springframework.beans.factory.annotation.AutowiredAnnotationBeanPostProcessor.postProcessProperties(AutowiredAnnotationBeanPostProcessor.java:397)
	at org.springframework.beans.factory.support.AbstractAutowireCapableBeanFactory.populateBean(AbstractAutowireCapableBeanFactory.java:1429)
	at org.springframework.beans.factory.support.AbstractAutowireCapableBeanFactory.doCreateBean(AbstractAutowireCapableBeanFactory.java:594)
	at org.springframework.beans.factory.support.AbstractAutowireCapableBeanFactory.createBean(AbstractAutowireCapableBeanFactory.java:517)
	at org.springframework.beans.factory.support.AbstractBeanFactory.lambda$doGetBean$0(AbstractBeanFactory.java:323)
	at org.springframework.beans.factory.support.DefaultSingletonBeanRegistry.getSingleton(DefaultSingletonBeanRegistry.java:222)
	at org.springframework.beans.factory.support.AbstractBeanFactory.doGetBean(AbstractBeanFactory.java:321)
	at org.springframework.beans.factory.support.AbstractBeanFactory.getBean(AbstractBeanFactory.java:202)
	at org.springframework.beans.factory.support.DefaultListableBeanFactory.preInstantiateSingletons(DefaultListableBeanFactory.java:879)
	at org.springframework.context.support.AbstractApplicationContext.finishBeanFactoryInitialization(AbstractApplicationContext.java:878)
	at org.springframework.context.support.AbstractApplicationContext.refresh(AbstractApplicationContext.java:550)
	at org.springframework.boot.SpringApplication.refresh(SpringApplication.java:747)
	at org.springframework.boot.SpringApplication.refreshContext(SpringApplication.java:397)
	at org.springframework.boot.SpringApplication.run(SpringApplication.java:315)
	at org.springframework.boot.test.context.SpringBootContextLoader.loadContext(SpringBootContextLoader.java:125)
	at org.springframework.test.context.cache.DefaultCacheAwareContextLoaderDelegate.loadContextInternal(DefaultCacheAwareContextLoaderDelegate.java:99)
	at org.springframework.test.context.cache.DefaultCacheAwareContextLoaderDelegate.loadContext(DefaultCacheAwareContextLoaderDelegate.java:124)
	... 65 common frames omitted
Caused by: org.springframework.beans.factory.NoSuchBeanDefinitionException: No qualifying bean of type 'com.apple.employee.search.dao.EmployeeDao' available: expected at least 1 bean which qualifies as autowire candidate. Dependency annotations: {@org.springframework.beans.factory.annotation.Autowired(required=true)}
	at org.springframework.beans.factory.support.DefaultListableBeanFactory.raiseNoMatchingBeanFound(DefaultListableBeanFactory.java:1695)
	at org.springframework.beans.factory.support.DefaultListableBeanFactory.doResolveDependency(DefaultListableBeanFactory.java:1253)
	at org.springframework.beans.factory.support.DefaultListableBeanFactory.resolveDependency(DefaultListableBeanFactory.java:1207)
	at org.springframework.beans.factory.annotation.AutowiredAnnotationBeanPostProcessor$AutowiredFieldElement.inject(AutowiredAnnotationBeanPostProcessor.java:636)
	... 83 common frames omitted
2019-12-02 12:31:39,358 INFO com.apple.EmployeeSearchService.EmployeeSearchServiceTest [main] Starting EmployeeSearchServiceTest on BLRJPT3270D with PID 1253 (started by abdul.rahimanshaik in /Users/abdul.rahimanshaik/eclipse-workspace-practice/employee-service)
2019-12-02 12:31:39,359 DEBUG com.apple.EmployeeSearchService.EmployeeSearchServiceTest [main] Running with Spring Boot v2.2.0.RELEASE, Spring v5.2.0.RELEASE
2019-12-02 12:31:39,362 INFO com.apple.EmployeeSearchService.EmployeeSearchServiceTest [main] No active profile set, falling back to default profiles: default
2019-12-02 12:31:39,612 INFO com.apple.EmployeeSearchService.EmployeeSearchServiceTest [main] Started EmployeeSearchServiceTest in 0.49 seconds (JVM running for 2.102)
2019-12-02 12:31:42,376 ERROR org.springframework.test.context.TestContextManager [main] Caught exception while allowing TestExecutionListener [org.springframework.boot.test.mock.mockito.MockitoTestExecutionListener@18151a14] to prepare test instance [com.apple.EmployeeSearchService.EmployeeSearchServiceTest@64711bf2]
org.mockito.exceptions.misusing.InjectMocksException: 
Cannot instantiate @InjectMocks field named 'dozerBeanMapper' of type 'class org.dozer.DozerBeanMapper'.
You haven't provided the instance at field declaration so I tried to construct the instance.
However the constructor or the initialization block threw an exception : null

	at org.springframework.boot.test.mock.mockito.MockitoTestExecutionListener.initMocks(MockitoTestExecutionListener.java:68)
	at org.springframework.boot.test.mock.mockito.MockitoTestExecutionListener.prepareTestInstance(MockitoTestExecutionListener.java:53)
	at org.springframework.test.context.TestContextManager.prepareTestInstance(TestContextManager.java:244)
	at org.springframework.test.context.junit.jupiter.SpringExtension.postProcessTestInstance(SpringExtension.java:98)
	at org.junit.jupiter.engine.descriptor.ClassBasedTestDescriptor.lambda$invokeTestInstancePostProcessors$5(ClassBasedTestDescriptor.java:337)
	at org.junit.jupiter.engine.descriptor.ClassBasedTestDescriptor.executeAndMaskThrowable(ClassBasedTestDescriptor.java:342)
	at org.junit.jupiter.engine.descriptor.ClassBasedTestDescriptor.lambda$invokeTestInstancePostProcessors$6(ClassBasedTestDescriptor.java:337)
	at java.util.stream.ReferencePipeline$3$1.accept(ReferencePipeline.java:193)
	at java.util.stream.ReferencePipeline$2$1.accept(ReferencePipeline.java:175)
	at java.util.ArrayList$ArrayListSpliterator.forEachRemaining(ArrayList.java:1374)
	at java.util.stream.AbstractPipeline.copyInto(AbstractPipeline.java:481)
	at java.util.stream.AbstractPipeline.wrapAndCopyInto(AbstractPipeline.java:471)
	at java.util.stream.StreamSpliterators$WrappingSpliterator.forEachRemaining(StreamSpliterators.java:312)
	at java.util.stream.Streams$ConcatSpliterator.forEachRemaining(Streams.java:743)
	at java.util.stream.Streams$ConcatSpliterator.forEachRemaining(Streams.java:742)
	at java.util.stream.ReferencePipeline$Head.forEach(ReferencePipeline.java:580)
	at org.junit.jupiter.engine.descriptor.ClassBasedTestDescriptor.invokeTestInstancePostProcessors(ClassBasedTestDescriptor.java:336)
	at org.junit.jupiter.engine.descriptor.ClassBasedTestDescriptor.instantiateAndPostProcessTestInstance(ClassBasedTestDescriptor.java:259)
	at org.junit.jupiter.engine.descriptor.ClassBasedTestDescriptor.lambda$testInstancesProvider$2(ClassBasedTestDescriptor.java:252)
	at java.util.Optional.orElseGet(Optional.java:267)
	at org.junit.jupiter.engine.descriptor.ClassBasedTestDescriptor.lambda$testInstancesProvider$3(ClassBasedTestDescriptor.java:251)
	at org.junit.jupiter.engine.execution.TestInstancesProvider.getTestInstances(TestInstancesProvider.java:29)
	at org.junit.jupiter.engine.descriptor.TestMethodTestDescriptor.lambda$prepare$0(TestMethodTestDescriptor.java:106)
	at org.junit.platform.engine.support.hierarchical.ThrowableCollector.execute(ThrowableCollector.java:73)
	at org.junit.jupiter.engine.descriptor.TestMethodTestDescriptor.prepare(TestMethodTestDescriptor.java:105)
	at org.junit.jupiter.engine.descriptor.TestMethodTestDescriptor.prepare(TestMethodTestDescriptor.java:69)
	at org.junit.platform.engine.support.hierarchical.NodeTestTask.lambda$prepare$1(NodeTestTask.java:107)
	at org.junit.platform.engine.support.hierarchical.ThrowableCollector.execute(ThrowableCollector.java:73)
	at org.junit.platform.engine.support.hierarchical.NodeTestTask.prepare(NodeTestTask.java:107)
	at org.junit.platform.engine.support.hierarchical.NodeTestTask.execute(NodeTestTask.java:75)
	at java.util.ArrayList.forEach(ArrayList.java:1249)
	at org.junit.platform.engine.support.hierarchical.SameThreadHierarchicalTestExecutorService.invokeAll(SameThreadHierarchicalTestExecutorService.java:38)
	at org.junit.platform.engine.support.hierarchical.NodeTestTask.lambda$executeRecursively$5(NodeTestTask.java:139)
	at org.junit.platform.engine.support.hierarchical.ThrowableCollector.execute(ThrowableCollector.java:73)
	at org.junit.platform.engine.support.hierarchical.NodeTestTask.lambda$executeRecursively$7(NodeTestTask.java:125)
	at org.junit.platform.engine.support.hierarchical.Node.around(Node.java:135)
	at org.junit.platform.engine.support.hierarchical.NodeTestTask.lambda$executeRecursively$8(NodeTestTask.java:123)
	at org.junit.platform.engine.support.hierarchical.ThrowableCollector.execute(ThrowableCollector.java:73)
	at org.junit.platform.engine.support.hierarchical.NodeTestTask.executeRecursively(NodeTestTask.java:122)
	at org.junit.platform.engine.support.hierarchical.NodeTestTask.execute(NodeTestTask.java:80)
	at java.util.ArrayList.forEach(ArrayList.java:1249)
	at org.junit.platform.engine.support.hierarchical.SameThreadHierarchicalTestExecutorService.invokeAll(SameThreadHierarchicalTestExecutorService.java:38)
	at org.junit.platform.engine.support.hierarchical.NodeTestTask.lambda$executeRecursively$5(NodeTestTask.java:139)
	at org.junit.platform.engine.support.hierarchical.ThrowableCollector.execute(ThrowableCollector.java:73)
	at org.junit.platform.engine.support.hierarchical.NodeTestTask.lambda$executeRecursively$7(NodeTestTask.java:125)
	at org.junit.platform.engine.support.hierarchical.Node.around(Node.java:135)
	at org.junit.platform.engine.support.hierarchical.NodeTestTask.lambda$executeRecursively$8(NodeTestTask.java:123)
	at org.junit.platform.engine.support.hierarchical.ThrowableCollector.execute(ThrowableCollector.java:73)
	at org.junit.platform.engine.support.hierarchical.NodeTestTask.executeRecursively(NodeTestTask.java:122)
	at org.junit.platform.engine.support.hierarchical.NodeTestTask.execute(NodeTestTask.java:80)
	at org.junit.platform.engine.support.hierarchical.SameThreadHierarchicalTestExecutorService.submit(SameThreadHierarchicalTestExecutorService.java:32)
	at org.junit.platform.engine.support.hierarchical.HierarchicalTestExecutor.execute(HierarchicalTestExecutor.java:57)
	at org.junit.platform.engine.support.hierarchical.HierarchicalTestEngine.execute(HierarchicalTestEngine.java:51)
	at org.junit.platform.launcher.core.DefaultLauncher.execute(DefaultLauncher.java:229)
	at org.junit.platform.launcher.core.DefaultLauncher.lambda$execute$6(DefaultLauncher.java:197)
	at org.junit.platform.launcher.core.DefaultLauncher.withInterceptedStreams(DefaultLauncher.java:211)
	at org.junit.platform.launcher.core.DefaultLauncher.execute(DefaultLauncher.java:191)
	at org.junit.platform.launcher.core.DefaultLauncher.execute(DefaultLauncher.java:137)
	at org.eclipse.jdt.internal.junit5.runner.JUnit5TestReference.run(JUnit5TestReference.java:89)
	at org.eclipse.jdt.internal.junit.runner.TestExecution.run(TestExecution.java:41)
	at org.eclipse.jdt.internal.junit.runner.RemoteTestRunner.runTests(RemoteTestRunner.java:541)
	at org.eclipse.jdt.internal.junit.runner.RemoteTestRunner.runTests(RemoteTestRunner.java:763)
	at org.eclipse.jdt.internal.junit.runner.RemoteTestRunner.run(RemoteTestRunner.java:463)
	at org.eclipse.jdt.internal.junit.runner.RemoteTestRunner.main(RemoteTestRunner.java:209)
Caused by: java.lang.NullPointerException: null
	at java.util.ArrayList.addAll(ArrayList.java:577)
	at org.dozer.DozerBeanMapper.<init>(DozerBeanMapper.java:98)
	at sun.reflect.NativeConstructorAccessorImpl.newInstance0(Native Method)
	at sun.reflect.NativeConstructorAccessorImpl.newInstance(NativeConstructorAccessorImpl.java:62)
	at sun.reflect.DelegatingConstructorAccessorImpl.newInstance(DelegatingConstructorAccessorImpl.java:45)
	at java.lang.reflect.Constructor.newInstance(Constructor.java:423)
	at org.mockito.internal.util.reflection.FieldInitializer$ParameterizedConstructorInstantiator.instantiate(FieldInitializer.java:269)
	at org.mockito.internal.util.reflection.FieldInitializer.acquireFieldInstance(FieldInitializer.java:137)
	at org.mockito.internal.util.reflection.FieldInitializer.initialize(FieldInitializer.java:91)
	at org.mockito.internal.configuration.injection.ConstructorInjection.processInjection(ConstructorInjection.java:46)
	at org.mockito.internal.configuration.injection.MockInjectionStrategy.process(MockInjectionStrategy.java:68)
	at org.mockito.internal.configuration.injection.MockInjectionStrategy.relayProcessToNextStrategy(MockInjectionStrategy.java:89)
	at org.mockito.internal.configuration.injection.MockInjectionStrategy.process(MockInjectionStrategy.java:71)
	at org.mockito.internal.configuration.injection.MockInjection$OngoingMockInjection.apply(MockInjection.java:92)
	at org.mockito.internal.configuration.DefaultInjectionEngine.injectMocksOnFields(DefaultInjectionEngine.java:25)
	at org.mockito.internal.configuration.InjectingAnnotationEngine.injectMocks(InjectingAnnotationEngine.java:79)
	at org.mockito.internal.configuration.InjectingAnnotationEngine.process(InjectingAnnotationEngine.java:42)
	at org.mockito.MockitoAnnotations.initMocks(MockitoAnnotations.java:69)
	... 64 common frames omitted
2019-12-02 12:31:42,385 ERROR org.springframework.test.context.TestContextManager [main] Caught exception while allowing TestExecutionListener [org.springframework.boot.test.mock.mockito.MockitoTestExecutionListener@18151a14] to prepare test instance [com.apple.EmployeeSearchService.EmployeeSearchServiceTest@6a078481]
org.mockito.exceptions.misusing.InjectMocksException: 
Cannot instantiate @InjectMocks field named 'dozerBeanMapper' of type 'class org.dozer.DozerBeanMapper'.
You haven't provided the instance at field declaration so I tried to construct the instance.
However the constructor or the initialization block threw an exception : null

	at org.springframework.boot.test.mock.mockito.MockitoTestExecutionListener.initMocks(MockitoTestExecutionListener.java:68)
	at org.springframework.boot.test.mock.mockito.MockitoTestExecutionListener.prepareTestInstance(MockitoTestExecutionListener.java:53)
	at org.springframework.test.context.TestContextManager.prepareTestInstance(TestContextManager.java:244)
	at org.springframework.test.context.junit.jupiter.SpringExtension.postProcessTestInstance(SpringExtension.java:98)
	at org.junit.jupiter.engine.descriptor.ClassBasedTestDescriptor.lambda$invokeTestInstancePostProcessors$5(ClassBasedTestDescriptor.java:337)
	at org.junit.jupiter.engine.descriptor.ClassBasedTestDescriptor.executeAndMaskThrowable(ClassBasedTestDescriptor.java:342)
	at org.junit.jupiter.engine.descriptor.ClassBasedTestDescriptor.lambda$invokeTestInstancePostProcessors$6(ClassBasedTestDescriptor.java:337)
	at java.util.stream.ReferencePipeline$3$1.accept(ReferencePipeline.java:193)
	at java.util.stream.ReferencePipeline$2$1.accept(ReferencePipeline.java:175)
	at java.util.ArrayList$ArrayListSpliterator.forEachRemaining(ArrayList.java:1374)
	at java.util.stream.AbstractPipeline.copyInto(AbstractPipeline.java:481)
	at java.util.stream.AbstractPipeline.wrapAndCopyInto(AbstractPipeline.java:471)
	at java.util.stream.StreamSpliterators$WrappingSpliterator.forEachRemaining(StreamSpliterators.java:312)
	at java.util.stream.Streams$ConcatSpliterator.forEachRemaining(Streams.java:743)
	at java.util.stream.Streams$ConcatSpliterator.forEachRemaining(Streams.java:742)
	at java.util.stream.ReferencePipeline$Head.forEach(ReferencePipeline.java:580)
	at org.junit.jupiter.engine.descriptor.ClassBasedTestDescriptor.invokeTestInstancePostProcessors(ClassBasedTestDescriptor.java:336)
	at org.junit.jupiter.engine.descriptor.ClassBasedTestDescriptor.instantiateAndPostProcessTestInstance(ClassBasedTestDescriptor.java:259)
	at org.junit.jupiter.engine.descriptor.ClassBasedTestDescriptor.lambda$testInstancesProvider$2(ClassBasedTestDescriptor.java:252)
	at java.util.Optional.orElseGet(Optional.java:267)
	at org.junit.jupiter.engine.descriptor.ClassBasedTestDescriptor.lambda$testInstancesProvider$3(ClassBasedTestDescriptor.java:251)
	at org.junit.jupiter.engine.execution.TestInstancesProvider.getTestInstances(TestInstancesProvider.java:29)
	at org.junit.jupiter.engine.descriptor.TestMethodTestDescriptor.lambda$prepare$0(TestMethodTestDescriptor.java:106)
	at org.junit.platform.engine.support.hierarchical.ThrowableCollector.execute(ThrowableCollector.java:73)
	at org.junit.jupiter.engine.descriptor.TestMethodTestDescriptor.prepare(TestMethodTestDescriptor.java:105)
	at org.junit.jupiter.engine.descriptor.TestMethodTestDescriptor.prepare(TestMethodTestDescriptor.java:69)
	at org.junit.platform.engine.support.hierarchical.NodeTestTask.lambda$prepare$1(NodeTestTask.java:107)
	at org.junit.platform.engine.support.hierarchical.ThrowableCollector.execute(ThrowableCollector.java:73)
	at org.junit.platform.engine.support.hierarchical.NodeTestTask.prepare(NodeTestTask.java:107)
	at org.junit.platform.engine.support.hierarchical.NodeTestTask.execute(NodeTestTask.java:75)
	at java.util.ArrayList.forEach(ArrayList.java:1249)
	at org.junit.platform.engine.support.hierarchical.SameThreadHierarchicalTestExecutorService.invokeAll(SameThreadHierarchicalTestExecutorService.java:38)
	at org.junit.platform.engine.support.hierarchical.NodeTestTask.lambda$executeRecursively$5(NodeTestTask.java:139)
	at org.junit.platform.engine.support.hierarchical.ThrowableCollector.execute(ThrowableCollector.java:73)
	at org.junit.platform.engine.support.hierarchical.NodeTestTask.lambda$executeRecursively$7(NodeTestTask.java:125)
	at org.junit.platform.engine.support.hierarchical.Node.around(Node.java:135)
	at org.junit.platform.engine.support.hierarchical.NodeTestTask.lambda$executeRecursively$8(NodeTestTask.java:123)
	at org.junit.platform.engine.support.hierarchical.ThrowableCollector.execute(ThrowableCollector.java:73)
	at org.junit.platform.engine.support.hierarchical.NodeTestTask.executeRecursively(NodeTestTask.java:122)
	at org.junit.platform.engine.support.hierarchical.NodeTestTask.execute(NodeTestTask.java:80)
	at java.util.ArrayList.forEach(ArrayList.java:1249)
	at org.junit.platform.engine.support.hierarchical.SameThreadHierarchicalTestExecutorService.invokeAll(SameThreadHierarchicalTestExecutorService.java:38)
	at org.junit.platform.engine.support.hierarchical.NodeTestTask.lambda$executeRecursively$5(NodeTestTask.java:139)
	at org.junit.platform.engine.support.hierarchical.ThrowableCollector.execute(ThrowableCollector.java:73)
	at org.junit.platform.engine.support.hierarchical.NodeTestTask.lambda$executeRecursively$7(NodeTestTask.java:125)
	at org.junit.platform.engine.support.hierarchical.Node.around(Node.java:135)
	at org.junit.platform.engine.support.hierarchical.NodeTestTask.lambda$executeRecursively$8(NodeTestTask.java:123)
	at org.junit.platform.engine.support.hierarchical.ThrowableCollector.execute(ThrowableCollector.java:73)
	at org.junit.platform.engine.support.hierarchical.NodeTestTask.executeRecursively(NodeTestTask.java:122)
	at org.junit.platform.engine.support.hierarchical.NodeTestTask.execute(NodeTestTask.java:80)
	at org.junit.platform.engine.support.hierarchical.SameThreadHierarchicalTestExecutorService.submit(SameThreadHierarchicalTestExecutorService.java:32)
	at org.junit.platform.engine.support.hierarchical.HierarchicalTestExecutor.execute(HierarchicalTestExecutor.java:57)
	at org.junit.platform.engine.support.hierarchical.HierarchicalTestEngine.execute(HierarchicalTestEngine.java:51)
	at org.junit.platform.launcher.core.DefaultLauncher.execute(DefaultLauncher.java:229)
	at org.junit.platform.launcher.core.DefaultLauncher.lambda$execute$6(DefaultLauncher.java:197)
	at org.junit.platform.launcher.core.DefaultLauncher.withInterceptedStreams(DefaultLauncher.java:211)
	at org.junit.platform.launcher.core.DefaultLauncher.execute(DefaultLauncher.java:191)
	at org.junit.platform.launcher.core.DefaultLauncher.execute(DefaultLauncher.java:137)
	at org.eclipse.jdt.internal.junit5.runner.JUnit5TestReference.run(JUnit5TestReference.java:89)
	at org.eclipse.jdt.internal.junit.runner.TestExecution.run(TestExecution.java:41)
	at org.eclipse.jdt.internal.junit.runner.RemoteTestRunner.runTests(RemoteTestRunner.java:541)
	at org.eclipse.jdt.internal.junit.runner.RemoteTestRunner.runTests(RemoteTestRunner.java:763)
	at org.eclipse.jdt.internal.junit.runner.RemoteTestRunner.run(RemoteTestRunner.java:463)
	at org.eclipse.jdt.internal.junit.runner.RemoteTestRunner.main(RemoteTestRunner.java:209)
Caused by: java.lang.NullPointerException: null
	at java.util.ArrayList.addAll(ArrayList.java:577)
	at org.dozer.DozerBeanMapper.<init>(DozerBeanMapper.java:98)
	at sun.reflect.NativeConstructorAccessorImpl.newInstance0(Native Method)
	at sun.reflect.NativeConstructorAccessorImpl.newInstance(NativeConstructorAccessorImpl.java:62)
	at sun.reflect.DelegatingConstructorAccessorImpl.newInstance(DelegatingConstructorAccessorImpl.java:45)
	at java.lang.reflect.Constructor.newInstance(Constructor.java:423)
	at org.mockito.internal.util.reflection.FieldInitializer$ParameterizedConstructorInstantiator.instantiate(FieldInitializer.java:269)
	at org.mockito.internal.util.reflection.FieldInitializer.acquireFieldInstance(FieldInitializer.java:137)
	at org.mockito.internal.util.reflection.FieldInitializer.initialize(FieldInitializer.java:91)
	at org.mockito.internal.configuration.injection.ConstructorInjection.processInjection(ConstructorInjection.java:46)
	at org.mockito.internal.configuration.injection.MockInjectionStrategy.process(MockInjectionStrategy.java:68)
	at org.mockito.internal.configuration.injection.MockInjectionStrategy.relayProcessToNextStrategy(MockInjectionStrategy.java:89)
	at org.mockito.internal.configuration.injection.MockInjectionStrategy.process(MockInjectionStrategy.java:71)
	at org.mockito.internal.configuration.injection.MockInjection$OngoingMockInjection.apply(MockInjection.java:92)
	at org.mockito.internal.configuration.DefaultInjectionEngine.injectMocksOnFields(DefaultInjectionEngine.java:25)
	at org.mockito.internal.configuration.InjectingAnnotationEngine.injectMocks(InjectingAnnotationEngine.java:79)
	at org.mockito.internal.configuration.InjectingAnnotationEngine.process(InjectingAnnotationEngine.java:42)
	at org.mockito.MockitoAnnotations.initMocks(MockitoAnnotations.java:69)
	... 64 common frames omitted
2019-12-02 12:34:39,055 INFO com.apple.EmployeeSearchService.EmployeeSearchServiceTest [main] Starting EmployeeSearchServiceTest on BLRJPT3270D with PID 1260 (started by abdul.rahimanshaik in /Users/abdul.rahimanshaik/eclipse-workspace-practice/employee-service)
2019-12-02 12:34:39,057 DEBUG com.apple.EmployeeSearchService.EmployeeSearchServiceTest [main] Running with Spring Boot v2.2.0.RELEASE, Spring v5.2.0.RELEASE
2019-12-02 12:34:39,058 INFO com.apple.EmployeeSearchService.EmployeeSearchServiceTest [main] No active profile set, falling back to default profiles: default
2019-12-02 12:34:39,158 INFO com.apple.EmployeeSearchService.EmployeeSearchServiceTest [main] Started EmployeeSearchServiceTest in 150.299 seconds (JVM running for 151.337)
2019-12-02 12:40:47,578 INFO com.apple.EmployeeSearchService.EmployeeSearchServiceTest [main] Starting EmployeeSearchServiceTest on BLRJPT3270D with PID 1401 (started by abdul.rahimanshaik in /Users/abdul.rahimanshaik/eclipse-workspace-practice/employee-service)
2019-12-02 12:40:47,599 DEBUG com.apple.EmployeeSearchService.EmployeeSearchServiceTest [main] Running with Spring Boot v2.2.0.RELEASE, Spring v5.2.0.RELEASE
2019-12-02 12:40:47,599 INFO com.apple.EmployeeSearchService.EmployeeSearchServiceTest [main] No active profile set, falling back to default profiles: default
2019-12-02 12:40:47,723 INFO com.apple.EmployeeSearchService.EmployeeSearchServiceTest [main] Started EmployeeSearchServiceTest in 125.796 seconds (JVM running for 127.106)
2019-12-02 12:40:47,761 INFO com.apple.EmployeeSearchService.EmployeeSearchServiceTest [main] Starting EmployeeSearchServiceTest on BLRJPT3270D with PID 1413 (started by abdul.rahimanshaik in /Users/abdul.rahimanshaik/eclipse-workspace-practice/employee-service)
2019-12-02 12:40:47,763 DEBUG com.apple.EmployeeSearchService.EmployeeSearchServiceTest [main] Running with Spring Boot v2.2.0.RELEASE, Spring v5.2.0.RELEASE
2019-12-02 12:40:47,764 INFO com.apple.EmployeeSearchService.EmployeeSearchServiceTest [main] No active profile set, falling back to default profiles: default
2019-12-02 12:40:47,777 INFO com.apple.EmployeeSearchService.EmployeeSearchServiceTest [main] Starting EmployeeSearchServiceTest on BLRJPT3270D with PID 1414 (started by abdul.rahimanshaik in /Users/abdul.rahimanshaik/eclipse-workspace-practice/employee-service)
2019-12-02 12:40:47,780 DEBUG com.apple.EmployeeSearchService.EmployeeSearchServiceTest [main] Running with Spring Boot v2.2.0.RELEASE, Spring v5.2.0.RELEASE
2019-12-02 12:40:47,781 INFO com.apple.EmployeeSearchService.EmployeeSearchServiceTest [main] No active profile set, falling back to default profiles: default
2019-12-02 12:40:48,019 INFO com.apple.EmployeeSearchService.EmployeeSearchServiceTest [main] Started EmployeeSearchServiceTest in 41.303 seconds (JVM running for 42.353)
2019-12-02 12:40:48,020 INFO com.apple.EmployeeSearchService.EmployeeSearchServiceTest [main] Started EmployeeSearchServiceTest in 47.549 seconds (JVM running for 48.622)
2019-12-02 12:45:08,507 INFO com.apple.EmployeeSearchService.EmployeeSearchServiceTest [main] Starting EmployeeSearchServiceTest on BLRJPT3270D with PID 1437 (started by abdul.rahimanshaik in /Users/abdul.rahimanshaik/eclipse-workspace-practice/employee-service)
2019-12-02 12:45:08,509 DEBUG com.apple.EmployeeSearchService.EmployeeSearchServiceTest [main] Running with Spring Boot v2.2.0.RELEASE, Spring v5.2.0.RELEASE
2019-12-02 12:45:08,510 INFO com.apple.EmployeeSearchService.EmployeeSearchServiceTest [main] No active profile set, falling back to default profiles: default
2019-12-02 12:45:08,517 INFO com.apple.EmployeeSearchService.EmployeeSearchServiceTest [main] Starting EmployeeSearchServiceTest on BLRJPT3270D with PID 1439 (started by abdul.rahimanshaik in /Users/abdul.rahimanshaik/eclipse-workspace-practice/employee-service)
2019-12-02 12:45:08,519 DEBUG com.apple.EmployeeSearchService.EmployeeSearchServiceTest [main] Running with Spring Boot v2.2.0.RELEASE, Spring v5.2.0.RELEASE
2019-12-02 12:45:08,519 INFO com.apple.EmployeeSearchService.EmployeeSearchServiceTest [main] No active profile set, falling back to default profiles: default
2019-12-02 12:45:08,638 INFO com.apple.EmployeeSearchService.EmployeeSearchServiceTest [main] Started EmployeeSearchServiceTest in 66.379 seconds (JVM running for 67.368)
2019-12-02 12:45:08,646 INFO com.apple.EmployeeSearchService.EmployeeSearchServiceTest [main] Started EmployeeSearchServiceTest in 41.31 seconds (JVM running for 42.386)
2019-12-02 12:50:09,521 INFO com.apple.EmployeeSearchService.EmployeeSearchServiceTest [main] Starting EmployeeSearchServiceTest on BLRJPT3270D with PID 1472 (started by abdul.rahimanshaik in /Users/abdul.rahimanshaik/eclipse-workspace-practice/employee-service)
2019-12-02 12:50:09,524 DEBUG com.apple.EmployeeSearchService.EmployeeSearchServiceTest [main] Running with Spring Boot v2.2.0.RELEASE, Spring v5.2.0.RELEASE
2019-12-02 12:50:09,524 INFO com.apple.EmployeeSearchService.EmployeeSearchServiceTest [main] No active profile set, falling back to default profiles: default
2019-12-02 12:50:09,719 INFO com.apple.EmployeeSearchService.EmployeeSearchServiceTest [main] Started EmployeeSearchServiceTest in 149.771 seconds (JVM running for 151.923)
2019-12-02 17:04:31,535 INFO com.apple.EmployeeSearchService.EmployeeSearchServiceTest [main] Starting EmployeeSearchServiceTest on BLRJPT3270D with PID 4317 (started by abdul.rahimanshaik in /Users/abdul.rahimanshaik/eclipse-workspace-practice/employee-service)
2019-12-02 17:04:31,551 DEBUG com.apple.EmployeeSearchService.EmployeeSearchServiceTest [main] Running with Spring Boot v2.2.0.RELEASE, Spring v5.2.0.RELEASE
2019-12-02 17:04:31,551 INFO com.apple.EmployeeSearchService.EmployeeSearchServiceTest [main] No active profile set, falling back to default profiles: default
2019-12-02 17:04:31,703 INFO com.apple.EmployeeSearchService.EmployeeSearchServiceTest [main] Started EmployeeSearchServiceTest in 1.604 seconds (JVM running for 3.464)
2019-12-02 17:43:26,277 INFO com.apple.EmployeeSearchService.EmployeeSearchServiceTest [main] Starting EmployeeSearchServiceTest on BLRJPT3270D with PID 4848 (started by abdul.rahimanshaik in /Users/abdul.rahimanshaik/eclipse-workspace-practice/employee-service)
2019-12-02 17:43:26,309 DEBUG com.apple.EmployeeSearchService.EmployeeSearchServiceTest [main] Running with Spring Boot v2.2.0.RELEASE, Spring v5.2.0.RELEASE
2019-12-02 17:43:26,310 INFO com.apple.EmployeeSearchService.EmployeeSearchServiceTest [main] No active profile set, falling back to default profiles: default
2019-12-02 17:43:26,436 INFO com.apple.EmployeeSearchService.EmployeeSearchServiceTest [main] Started EmployeeSearchServiceTest in 3.438 seconds (JVM running for 5.216)
2019-12-02 17:44:37,088 INFO com.apple.EmployeeSearchService.EmployeeSearchServiceTest [main] Starting EmployeeSearchServiceTest on BLRJPT3270D with PID 4873 (started by abdul.rahimanshaik in /Users/abdul.rahimanshaik/eclipse-workspace-practice/employee-service)
2019-12-02 17:44:37,090 DEBUG com.apple.EmployeeSearchService.EmployeeSearchServiceTest [main] Running with Spring Boot v2.2.0.RELEASE, Spring v5.2.0.RELEASE
2019-12-02 17:44:37,091 INFO com.apple.EmployeeSearchService.EmployeeSearchServiceTest [main] No active profile set, falling back to default profiles: default
2019-12-02 17:44:37,242 INFO com.apple.EmployeeSearchService.EmployeeSearchServiceTest [main] Started EmployeeSearchServiceTest in 0.382 seconds (JVM running for 1.433)
2019-12-02 17:45:10,958 INFO com.apple.EmployeeSearchService.EmployeeSearchServiceTest [main] Starting EmployeeSearchServiceTest on BLRJPT3270D with PID 4878 (started by abdul.rahimanshaik in /Users/abdul.rahimanshaik/eclipse-workspace-practice/employee-service)
2019-12-02 17:45:10,961 DEBUG com.apple.EmployeeSearchService.EmployeeSearchServiceTest [main] Running with Spring Boot v2.2.0.RELEASE, Spring v5.2.0.RELEASE
2019-12-02 17:45:10,961 INFO com.apple.EmployeeSearchService.EmployeeSearchServiceTest [main] No active profile set, falling back to default profiles: default
2019-12-02 17:45:11,405 INFO com.apple.EmployeeSearchService.EmployeeSearchServiceTest [main] Started EmployeeSearchServiceTest in 0.772 seconds (JVM running for 2.087)
2019-12-02 17:45:53,559 INFO com.apple.EmployeeSearchService.EmployeeSearchServiceTest [main] Starting EmployeeSearchServiceTest on BLRJPT3270D with PID 4890 (started by abdul.rahimanshaik in /Users/abdul.rahimanshaik/eclipse-workspace-practice/employee-service)
2019-12-02 17:45:53,561 DEBUG com.apple.EmployeeSearchService.EmployeeSearchServiceTest [main] Running with Spring Boot v2.2.0.RELEASE, Spring v5.2.0.RELEASE
2019-12-02 17:45:53,561 INFO com.apple.EmployeeSearchService.EmployeeSearchServiceTest [main] No active profile set, falling back to default profiles: default
2019-12-02 17:45:53,682 INFO com.apple.EmployeeSearchService.EmployeeSearchServiceTest [main] Started EmployeeSearchServiceTest in 0.35 seconds (JVM running for 1.513)
2019-12-02 17:48:10,851 INFO com.apple.EmployeeSearchService.EmployeeSearchServiceTest [main] Starting EmployeeSearchServiceTest on BLRJPT3270D with PID 4924 (started by abdul.rahimanshaik in /Users/abdul.rahimanshaik/eclipse-workspace-practice/employee-service)
2019-12-02 17:48:10,853 DEBUG com.apple.EmployeeSearchService.EmployeeSearchServiceTest [main] Running with Spring Boot v2.2.0.RELEASE, Spring v5.2.0.RELEASE
2019-12-02 17:48:10,853 INFO com.apple.EmployeeSearchService.EmployeeSearchServiceTest [main] No active profile set, falling back to default profiles: default
2019-12-02 17:48:10,976 INFO com.apple.EmployeeSearchService.EmployeeSearchServiceTest [main] Started EmployeeSearchServiceTest in 0.55 seconds (JVM running for 1.803)
2019-12-02 17:48:32,949 INFO com.apple.EmployeeSearchService.EmployeeSearchServiceTest [main] Starting EmployeeSearchServiceTest on BLRJPT3270D with PID 4925 (started by abdul.rahimanshaik in /Users/abdul.rahimanshaik/eclipse-workspace-practice/employee-service)
2019-12-02 17:48:32,951 DEBUG com.apple.EmployeeSearchService.EmployeeSearchServiceTest [main] Running with Spring Boot v2.2.0.RELEASE, Spring v5.2.0.RELEASE
2019-12-02 17:48:32,952 INFO com.apple.EmployeeSearchService.EmployeeSearchServiceTest [main] No active profile set, falling back to default profiles: default
2019-12-02 17:48:33,308 INFO com.apple.EmployeeSearchService.EmployeeSearchServiceTest [main] Started EmployeeSearchServiceTest in 0.715 seconds (JVM running for 1.99)
2019-12-02 17:51:24,688 INFO com.apple.EmployeeSearchService.EmployeeSearchServiceTest [main] Starting EmployeeSearchServiceTest on BLRJPT3270D with PID 5023 (started by abdul.rahimanshaik in /Users/abdul.rahimanshaik/eclipse-workspace-practice/employee-service)
2019-12-02 17:51:24,690 DEBUG com.apple.EmployeeSearchService.EmployeeSearchServiceTest [main] Running with Spring Boot v2.2.0.RELEASE, Spring v5.2.0.RELEASE
2019-12-02 17:51:24,690 INFO com.apple.EmployeeSearchService.EmployeeSearchServiceTest [main] No active profile set, falling back to default profiles: default
2019-12-02 17:51:24,800 INFO com.apple.EmployeeSearchService.EmployeeSearchServiceTest [main] Started EmployeeSearchServiceTest in 0.529 seconds (JVM running for 1.689)
2019-12-02 17:52:04,198 INFO com.apple.EmployeeSearchService.EmployeeSearchServiceTest [main] Starting EmployeeSearchServiceTest on BLRJPT3270D with PID 5034 (started by abdul.rahimanshaik in /Users/abdul.rahimanshaik/eclipse-workspace-practice/employee-service)
2019-12-02 17:52:04,217 DEBUG com.apple.EmployeeSearchService.EmployeeSearchServiceTest [main] Running with Spring Boot v2.2.0.RELEASE, Spring v5.2.0.RELEASE
2019-12-02 17:52:04,218 INFO com.apple.EmployeeSearchService.EmployeeSearchServiceTest [main] No active profile set, falling back to default profiles: default
2019-12-02 17:52:04,432 INFO com.apple.EmployeeSearchService.EmployeeSearchServiceTest [main] Started EmployeeSearchServiceTest in 0.574 seconds (JVM running for 3.226)
2019-12-02 17:54:45,541 INFO com.apple.EmployeeSearchService.EmployeeSearchServiceTest [main] Starting EmployeeSearchServiceTest on BLRJPT3270D with PID 5068 (started by abdul.rahimanshaik in /Users/abdul.rahimanshaik/eclipse-workspace-practice/employee-service)
2019-12-02 17:54:45,553 DEBUG com.apple.EmployeeSearchService.EmployeeSearchServiceTest [main] Running with Spring Boot v2.2.0.RELEASE, Spring v5.2.0.RELEASE
2019-12-02 17:54:45,554 INFO com.apple.EmployeeSearchService.EmployeeSearchServiceTest [main] No active profile set, falling back to default profiles: default
2019-12-02 17:54:45,679 INFO com.apple.EmployeeSearchService.EmployeeSearchServiceTest [main] Started EmployeeSearchServiceTest in 0.607 seconds (JVM running for 2.296)
2019-12-02 17:54:55,480 INFO com.apple.EmployeeSearchService.EmployeeSearchServiceTest [main] Starting EmployeeSearchServiceTest on BLRJPT3270D with PID 5079 (started by abdul.rahimanshaik in /Users/abdul.rahimanshaik/eclipse-workspace-practice/employee-service)
2019-12-02 17:54:55,498 DEBUG com.apple.EmployeeSearchService.EmployeeSearchServiceTest [main] Running with Spring Boot v2.2.0.RELEASE, Spring v5.2.0.RELEASE
2019-12-02 17:54:55,498 INFO com.apple.EmployeeSearchService.EmployeeSearchServiceTest [main] No active profile set, falling back to default profiles: default
2019-12-02 17:54:55,682 INFO com.apple.EmployeeSearchService.EmployeeSearchServiceTest [main] Started EmployeeSearchServiceTest in 0.559 seconds (JVM running for 2.459)
2019-12-02 17:58:00,003 INFO com.apple.EmployeeSearchService.EmployeeSearchServiceTest [main] Starting EmployeeSearchServiceTest on BLRJPT3270D with PID 5110 (started by abdul.rahimanshaik in /Users/abdul.rahimanshaik/eclipse-workspace-practice/employee-service)
2019-12-02 17:58:00,012 DEBUG com.apple.EmployeeSearchService.EmployeeSearchServiceTest [main] Running with Spring Boot v2.2.0.RELEASE, Spring v5.2.0.RELEASE
2019-12-02 17:58:00,012 INFO com.apple.EmployeeSearchService.EmployeeSearchServiceTest [main] No active profile set, falling back to default profiles: default
2019-12-02 17:58:00,144 INFO com.apple.EmployeeSearchService.EmployeeSearchServiceTest [main] Started EmployeeSearchServiceTest in 0.576 seconds (JVM running for 1.988)
2019-12-02 17:58:36,280 INFO com.apple.EmployeeSearchService.EmployeeSearchServiceTest [main] Starting EmployeeSearchServiceTest on BLRJPT3270D with PID 5122 (started by abdul.rahimanshaik in /Users/abdul.rahimanshaik/eclipse-workspace-practice/employee-service)
2019-12-02 17:58:36,282 DEBUG com.apple.EmployeeSearchService.EmployeeSearchServiceTest [main] Running with Spring Boot v2.2.0.RELEASE, Spring v5.2.0.RELEASE
2019-12-02 17:58:36,282 INFO com.apple.EmployeeSearchService.EmployeeSearchServiceTest [main] No active profile set, falling back to default profiles: default
2019-12-02 17:58:36,454 INFO com.apple.EmployeeSearchService.EmployeeSearchServiceTest [main] Started EmployeeSearchServiceTest in 0.438 seconds (JVM running for 1.561)
2019-12-02 18:00:02,076 INFO com.apple.EmployeeSearchService.EmployeeSearchServiceTest [main] Starting EmployeeSearchServiceTest on BLRJPT3270D with PID 5140 (started by abdul.rahimanshaik in /Users/abdul.rahimanshaik/eclipse-workspace-practice/employee-service)
2019-12-02 18:00:02,078 DEBUG com.apple.EmployeeSearchService.EmployeeSearchServiceTest [main] Running with Spring Boot v2.2.0.RELEASE, Spring v5.2.0.RELEASE
2019-12-02 18:00:02,079 INFO com.apple.EmployeeSearchService.EmployeeSearchServiceTest [main] No active profile set, falling back to default profiles: default
2019-12-02 18:00:02,252 INFO com.apple.EmployeeSearchService.EmployeeSearchServiceTest [main] Started EmployeeSearchServiceTest in 0.592 seconds (JVM running for 1.607)
2019-12-02 18:00:46,203 INFO com.apple.EmployeeSearchService.EmployeeSearchServiceTest [main] Starting EmployeeSearchServiceTest on BLRJPT3270D with PID 5156 (started by abdul.rahimanshaik in /Users/abdul.rahimanshaik/eclipse-workspace-practice/employee-service)
2019-12-02 18:00:46,206 DEBUG com.apple.EmployeeSearchService.EmployeeSearchServiceTest [main] Running with Spring Boot v2.2.0.RELEASE, Spring v5.2.0.RELEASE
2019-12-02 18:00:46,206 INFO com.apple.EmployeeSearchService.EmployeeSearchServiceTest [main] No active profile set, falling back to default profiles: default
2019-12-02 18:00:46,429 INFO com.apple.EmployeeSearchService.EmployeeSearchServiceTest [main] Started EmployeeSearchServiceTest in 0.747 seconds (JVM running for 3.059)
2019-12-02 18:02:53,258 INFO com.apple.EmployeeSearchService.EmployeeSearchServiceTest [main] Starting EmployeeSearchServiceTest on BLRJPT3270D with PID 5185 (started by abdul.rahimanshaik in /Users/abdul.rahimanshaik/eclipse-workspace-practice/employee-service)
2019-12-02 18:02:53,260 DEBUG com.apple.EmployeeSearchService.EmployeeSearchServiceTest [main] Running with Spring Boot v2.2.0.RELEASE, Spring v5.2.0.RELEASE
2019-12-02 18:02:53,261 INFO com.apple.EmployeeSearchService.EmployeeSearchServiceTest [main] No active profile set, falling back to default profiles: default
2019-12-02 18:02:53,413 INFO com.apple.EmployeeSearchService.EmployeeSearchServiceTest [main] Started EmployeeSearchServiceTest in 0.381 seconds (JVM running for 1.642)
2019-12-02 18:08:59,034 INFO com.apple.EmployeeSearchService.EmployeeSearchServiceTest [main] Starting EmployeeSearchServiceTest on BLRJPT3270D with PID 5360 (started by abdul.rahimanshaik in /Users/abdul.rahimanshaik/eclipse-workspace-practice/employee-service)
2019-12-02 18:08:59,179 DEBUG com.apple.EmployeeSearchService.EmployeeSearchServiceTest [main] Running with Spring Boot v2.2.0.RELEASE, Spring v5.2.0.RELEASE
2019-12-02 18:08:59,179 INFO com.apple.EmployeeSearchService.EmployeeSearchServiceTest [main] No active profile set, falling back to default profiles: default
2019-12-02 18:08:59,279 INFO com.apple.EmployeeSearchService.EmployeeSearchServiceTest [main] Started EmployeeSearchServiceTest in 0.805 seconds (JVM running for 4.208)
2019-12-02 18:22:10,912 INFO com.apple.employee.search.EmployeeSearchApplication [main] Starting EmployeeSearchApplication on BLRJPT3270D with PID 5559 (/Users/abdul.rahimanshaik/eclipse-workspace-practice/employee-service/target/classes started by abdul.rahimanshaik in /Users/abdul.rahimanshaik/eclipse-workspace-practice/employee-service)
2019-12-02 18:22:10,914 DEBUG com.apple.employee.search.EmployeeSearchApplication [main] Running with Spring Boot v2.2.0.RELEASE, Spring v5.2.0.RELEASE
2019-12-02 18:22:10,914 INFO com.apple.employee.search.EmployeeSearchApplication [main] No active profile set, falling back to default profiles: default
2019-12-02 18:22:14,234 INFO com.apple.employee.search.EmployeeSearchApplication [main] Started EmployeeSearchApplication in 4.217 seconds (JVM running for 9.677)
2019-12-02 18:26:22,016 INFO com.apple.employee.search.EmployeeSearchApplication [main] Starting EmployeeSearchApplication on BLRJPT3270D with PID 5612 (/Users/abdul.rahimanshaik/eclipse-workspace-practice/employee-service/target/classes started by abdul.rahimanshaik in /Users/abdul.rahimanshaik/eclipse-workspace-practice/employee-service)
2019-12-02 18:26:22,050 DEBUG com.apple.employee.search.EmployeeSearchApplication [main] Running with Spring Boot v2.2.0.RELEASE, Spring v5.2.0.RELEASE
2019-12-02 18:26:22,051 INFO com.apple.employee.search.EmployeeSearchApplication [main] No active profile set, falling back to default profiles: default
2019-12-02 18:26:23,501 INFO com.apple.employee.search.EmployeeSearchApplication [main] Started EmployeeSearchApplication in 1.801 seconds (JVM running for 3.45)
2019-12-02 18:26:30,884 INFO com.apple.employee.search.logger.EmployeeServiceLogger [http-nio-8080-exec-1] Method : List com.apple.employee.search.controller.EmployeeSearchController.fetchemp(): arguments: []
2019-12-02 18:26:30,890 INFO com.apple.employee.search.logger.EmployeeServiceLogger [http-nio-8080-exec-1] Method : List com.apple.employee.search.service.impl.EmployeeSearchServiceImpl.fetchEmployees(): arguments: []
2019-12-02 18:26:30,894 INFO com.apple.employee.search.logger.EmployeeServiceLogger [http-nio-8080-exec-1] Method : List com.apple.employee.search.dao.impl.EmployeeDaoImpl.fetchEmployees(): arguments: []
2019-12-02 18:26:30,898 INFO com.apple.employee.search.logger.EmployeeServiceLogger [http-nio-8080-exec-1] Method : List com.apple.employee.search.util.FileUtils.getFileContent(String): arguments: ["src/main/resources/EmployeeDetails.txt"]
2019-12-02 18:26:30,945 INFO com.apple.employee.search.logger.EmployeeServiceLogger [http-nio-8080-exec-1] Method Name : List com.apple.employee.search.util.FileUtils.getFileContent(String) : Response: ["ID,Name,Domain,Designation.Company","1,Chiru,Java,Manager,Infosys","2,Balayya,C++,Manager, Tech Mahindra","3,Venky,AI,Sr.Architect, Apple","4,Nag,AWS,Programmer, Google"]
2019-12-02 18:26:31,012 INFO com.apple.employee.search.logger.EmployeeServiceLogger [http-nio-8080-exec-1] Method Name : List com.apple.employee.search.dao.impl.EmployeeDaoImpl.fetchEmployees() : Response: [{"employeeID":1,"employeeName":"Chiru","employeePracticeArea":"Java","employeeDesignation":"Manager","employeeCompanyInfo":"Infosys"},{"employeeID":2,"employeeName":"Balayya","employeePracticeArea":"C++","employeeDesignation":"Manager","employeeCompanyInfo":" Tech Mahindra"},{"employeeID":3,"employeeName":"Venky","employeePracticeArea":"AI","employeeDesignation":"Sr.Architect","employeeCompanyInfo":" Apple"},{"employeeID":4,"employeeName":"Nag","employeePracticeArea":"AWS","employeeDesignation":"Programmer","employeeCompanyInfo":" Google"}]
2019-12-02 18:26:31,053 INFO com.apple.employee.search.logger.EmployeeServiceLogger [http-nio-8080-exec-1] Method Name : List com.apple.employee.search.service.impl.EmployeeSearchServiceImpl.fetchEmployees() : Response: [{"employeeID":1,"employeeName":"Chiru","employeePracticeArea":"Java","employeeDesignation":"Manager","employeeCompanyInfo":"Infosys"},{"employeeID":2,"employeeName":"Balayya","employeePracticeArea":"C++","employeeDesignation":"Manager","employeeCompanyInfo":" Tech Mahindra"},{"employeeID":3,"employeeName":"Venky","employeePracticeArea":"AI","employeeDesignation":"Sr.Architect","employeeCompanyInfo":" Apple"},{"employeeID":4,"employeeName":"Nag","employeePracticeArea":"AWS","employeeDesignation":"Programmer","employeeCompanyInfo":" Google"}]
2019-12-02 18:26:31,054 INFO com.apple.employee.search.logger.EmployeeServiceLogger [http-nio-8080-exec-1] Method Name : List com.apple.employee.search.controller.EmployeeSearchController.fetchemp() : Response: [{"employeeID":1,"employeeName":"Chiru","employeePracticeArea":"Java","employeeDesignation":"Manager","employeeCompanyInfo":"Infosys"},{"employeeID":2,"employeeName":"Balayya","employeePracticeArea":"C++","employeeDesignation":"Manager","employeeCompanyInfo":" Tech Mahindra"},{"employeeID":3,"employeeName":"Venky","employeePracticeArea":"AI","employeeDesignation":"Sr.Architect","employeeCompanyInfo":" Apple"},{"employeeID":4,"employeeName":"Nag","employeePracticeArea":"AWS","employeeDesignation":"Programmer","employeeCompanyInfo":" Google"}]
2019-12-02 18:26:45,471 INFO com.apple.employee.search.logger.EmployeeServiceLogger [http-nio-8080-exec-4] Method : EmployeeDTO com.apple.employee.search.controller.EmployeeSearchController.fetchempByID(Long): arguments: [1]
2019-12-02 18:26:45,471 INFO com.apple.employee.search.logger.EmployeeServiceLogger [http-nio-8080-exec-4] Method : EmployeeDTO com.apple.employee.search.service.impl.EmployeeSearchServiceImpl.fetchEmployeeById(Long): arguments: [1]
2019-12-02 18:26:45,472 INFO com.apple.employee.search.logger.EmployeeServiceLogger [http-nio-8080-exec-4] Method : Employee com.apple.employee.search.dao.impl.EmployeeDaoImpl.fetchEmployeeById(Long): arguments: [1]
2019-12-02 18:26:45,473 INFO com.apple.employee.search.logger.EmployeeServiceLogger [http-nio-8080-exec-4] Method : List com.apple.employee.search.util.FileUtils.getFileContent(String): arguments: ["src/main/resources/EmployeeDetails.txt"]
2019-12-02 18:26:45,473 INFO com.apple.employee.search.logger.EmployeeServiceLogger [http-nio-8080-exec-4] Method Name : List com.apple.employee.search.util.FileUtils.getFileContent(String) : Response: ["ID,Name,Domain,Designation.Company","1,Chiru,Java,Manager,Infosys","2,Balayya,C++,Manager, Tech Mahindra","3,Venky,AI,Sr.Architect, Apple","4,Nag,AWS,Programmer, Google"]
2019-12-02 18:26:45,475 INFO com.apple.employee.search.logger.EmployeeServiceLogger [http-nio-8080-exec-4] Method Name : Employee com.apple.employee.search.dao.impl.EmployeeDaoImpl.fetchEmployeeById(Long) : Response: {"employeeID":1,"employeeName":"Chiru","employeePracticeArea":"Java","employeeDesignation":"Manager","employeeCompanyInfo":"Infosys"}
2019-12-02 18:26:45,477 INFO com.apple.employee.search.logger.EmployeeServiceLogger [http-nio-8080-exec-4] Method Name : EmployeeDTO com.apple.employee.search.service.impl.EmployeeSearchServiceImpl.fetchEmployeeById(Long) : Response: {"employeeID":1,"employeeName":"Chiru","employeePracticeArea":"Java","employeeDesignation":"Manager","employeeCompanyInfo":"Infosys"}
2019-12-02 18:26:45,477 INFO com.apple.employee.search.logger.EmployeeServiceLogger [http-nio-8080-exec-4] Method Name : EmployeeDTO com.apple.employee.search.controller.EmployeeSearchController.fetchempByID(Long) : Response: {"employeeID":1,"employeeName":"Chiru","employeePracticeArea":"Java","employeeDesignation":"Manager","employeeCompanyInfo":"Infosys"}
2019-12-02 18:26:55,240 INFO com.apple.employee.search.logger.EmployeeServiceLogger [http-nio-8080-exec-5] Method : EmployeeDTO com.apple.employee.search.controller.EmployeeSearchController.fetchempByID(Long): arguments: [5]
2019-12-02 18:26:55,241 INFO com.apple.employee.search.logger.EmployeeServiceLogger [http-nio-8080-exec-5] Method : EmployeeDTO com.apple.employee.search.service.impl.EmployeeSearchServiceImpl.fetchEmployeeById(Long): arguments: [5]
2019-12-02 18:26:55,241 INFO com.apple.employee.search.logger.EmployeeServiceLogger [http-nio-8080-exec-5] Method : Employee com.apple.employee.search.dao.impl.EmployeeDaoImpl.fetchEmployeeById(Long): arguments: [5]
2019-12-02 18:26:55,242 INFO com.apple.employee.search.logger.EmployeeServiceLogger [http-nio-8080-exec-5] Method : List com.apple.employee.search.util.FileUtils.getFileContent(String): arguments: ["src/main/resources/EmployeeDetails.txt"]
2019-12-02 18:26:55,242 INFO com.apple.employee.search.logger.EmployeeServiceLogger [http-nio-8080-exec-5] Method Name : List com.apple.employee.search.util.FileUtils.getFileContent(String) : Response: ["ID,Name,Domain,Designation.Company","1,Chiru,Java,Manager,Infosys","2,Balayya,C++,Manager, Tech Mahindra","3,Venky,AI,Sr.Architect, Apple","4,Nag,AWS,Programmer, Google"]
2019-12-02 18:26:55,242 INFO com.apple.employee.search.logger.EmployeeServiceLogger [http-nio-8080-exec-5] Method Name : Employee com.apple.employee.search.dao.impl.EmployeeDaoImpl.fetchEmployeeById(Long) : Response: null
2019-12-02 18:26:55,242 INFO com.apple.employee.search.logger.EmployeeServiceLogger [http-nio-8080-exec-5] Method Name : EmployeeDTO com.apple.employee.search.service.impl.EmployeeSearchServiceImpl.fetchEmployeeById(Long) : Response: Source object must not be null
2019-12-02 18:26:55,243 INFO com.apple.employee.search.logger.EmployeeServiceLogger [http-nio-8080-exec-5] Method Name : EmployeeDTO com.apple.employee.search.controller.EmployeeSearchController.fetchempByID(Long) : Response: Source object must not be null
2019-12-02 18:26:55,247 ERROR org.apache.catalina.core.ContainerBase.[Tomcat].[localhost].[/].[dispatcherServlet] [http-nio-8080-exec-5] Servlet.service() for servlet [dispatcherServlet] in context with path [] threw exception [Request processing failed; nested exception is org.dozer.MappingException: Source object must not be null] with root cause
org.dozer.MappingException: Source object must not be null
	at org.dozer.util.MappingUtils.throwMappingException(MappingUtils.java:87)
	at org.dozer.util.MappingValidator.validateMappingRequest(MappingValidator.java:37)
	at org.dozer.util.MappingValidator.validateMappingRequest(MappingValidator.java:49)
	at org.dozer.MappingProcessor.map(MappingProcessor.java:103)
	at org.dozer.MappingProcessor.map(MappingProcessor.java:99)
	at org.dozer.DozerBeanMapper.map(DozerBeanMapper.java:120)
	at com.apple.employee.search.service.impl.EmployeeSearchServiceImpl.convertToEmployeeDTO(EmployeeSearchServiceImpl.java:75)
	at com.apple.employee.search.service.impl.EmployeeSearchServiceImpl.fetchEmployeeById(EmployeeSearchServiceImpl.java:42)
	at com.apple.employee.search.service.impl.EmployeeSearchServiceImpl$$FastClassBySpringCGLIB$$2cab0b1.invoke(<generated>)
	at org.springframework.cglib.proxy.MethodProxy.invoke(MethodProxy.java:218)
	at org.springframework.aop.framework.CglibAopProxy$CglibMethodInvocation.invokeJoinpoint(CglibAopProxy.java:769)
	at org.springframework.aop.framework.ReflectiveMethodInvocation.proceed(ReflectiveMethodInvocation.java:163)
	at org.springframework.aop.framework.CglibAopProxy$CglibMethodInvocation.proceed(CglibAopProxy.java:747)
	at org.springframework.aop.aspectj.MethodInvocationProceedingJoinPoint.proceed(MethodInvocationProceedingJoinPoint.java:88)
	at com.apple.employee.search.logger.EmployeeServiceLogger.employeeRequestData(EmployeeServiceLogger.java:52)
	at sun.reflect.NativeMethodAccessorImpl.invoke0(Native Method)
	at sun.reflect.NativeMethodAccessorImpl.invoke(NativeMethodAccessorImpl.java:62)
	at sun.reflect.DelegatingMethodAccessorImpl.invoke(DelegatingMethodAccessorImpl.java:43)
	at java.lang.reflect.Method.invoke(Method.java:498)
	at org.springframework.aop.aspectj.AbstractAspectJAdvice.invokeAdviceMethodWithGivenArgs(AbstractAspectJAdvice.java:644)
	at org.springframework.aop.aspectj.AbstractAspectJAdvice.invokeAdviceMethod(AbstractAspectJAdvice.java:633)
	at org.springframework.aop.aspectj.AspectJAroundAdvice.invoke(AspectJAroundAdvice.java:70)
	at org.springframework.aop.framework.ReflectiveMethodInvocation.proceed(ReflectiveMethodInvocation.java:175)
	at org.springframework.aop.framework.CglibAopProxy$CglibMethodInvocation.proceed(CglibAopProxy.java:747)
	at org.springframework.aop.aspectj.AspectJAfterThrowingAdvice.invoke(AspectJAfterThrowingAdvice.java:62)
	at org.springframework.aop.framework.ReflectiveMethodInvocation.proceed(ReflectiveMethodInvocation.java:175)
	at org.springframework.aop.framework.CglibAopProxy$CglibMethodInvocation.proceed(CglibAopProxy.java:747)
	at org.springframework.aop.interceptor.ExposeInvocationInterceptor.invoke(ExposeInvocationInterceptor.java:93)
	at org.springframework.aop.framework.ReflectiveMethodInvocation.proceed(ReflectiveMethodInvocation.java:186)
	at org.springframework.aop.framework.CglibAopProxy$CglibMethodInvocation.proceed(CglibAopProxy.java:747)
	at org.springframework.aop.framework.CglibAopProxy$DynamicAdvisedInterceptor.intercept(CglibAopProxy.java:689)
	at com.apple.employee.search.service.impl.EmployeeSearchServiceImpl$$EnhancerBySpringCGLIB$$413339c0.fetchEmployeeById(<generated>)
	at com.apple.employee.search.controller.EmployeeSearchController.fetchempByID(EmployeeSearchController.java:55)
	at com.apple.employee.search.controller.EmployeeSearchController$$FastClassBySpringCGLIB$$43bfcf9d.invoke(<generated>)
	at org.springframework.cglib.proxy.MethodProxy.invoke(MethodProxy.java:218)
	at org.springframework.aop.framework.CglibAopProxy$CglibMethodInvocation.invokeJoinpoint(CglibAopProxy.java:769)
	at org.springframework.aop.framework.ReflectiveMethodInvocation.proceed(ReflectiveMethodInvocation.java:163)
	at org.springframework.aop.framework.CglibAopProxy$CglibMethodInvocation.proceed(CglibAopProxy.java:747)
	at org.springframework.aop.aspectj.MethodInvocationProceedingJoinPoint.proceed(MethodInvocationProceedingJoinPoint.java:88)
	at com.apple.employee.search.logger.EmployeeServiceLogger.employeeRequestData(EmployeeServiceLogger.java:52)
	at sun.reflect.NativeMethodAccessorImpl.invoke0(Native Method)
	at sun.reflect.NativeMethodAccessorImpl.invoke(NativeMethodAccessorImpl.java:62)
	at sun.reflect.DelegatingMethodAccessorImpl.invoke(DelegatingMethodAccessorImpl.java:43)
	at java.lang.reflect.Method.invoke(Method.java:498)
	at org.springframework.aop.aspectj.AbstractAspectJAdvice.invokeAdviceMethodWithGivenArgs(AbstractAspectJAdvice.java:644)
	at org.springframework.aop.aspectj.AbstractAspectJAdvice.invokeAdviceMethod(AbstractAspectJAdvice.java:633)
	at org.springframework.aop.aspectj.AspectJAroundAdvice.invoke(AspectJAroundAdvice.java:70)
	at org.springframework.aop.framework.ReflectiveMethodInvocation.proceed(ReflectiveMethodInvocation.java:175)
	at org.springframework.aop.framework.CglibAopProxy$CglibMethodInvocation.proceed(CglibAopProxy.java:747)
	at org.springframework.aop.aspectj.AspectJAfterThrowingAdvice.invoke(AspectJAfterThrowingAdvice.java:62)
	at org.springframework.aop.framework.ReflectiveMethodInvocation.proceed(ReflectiveMethodInvocation.java:175)
	at org.springframework.aop.framework.CglibAopProxy$CglibMethodInvocation.proceed(CglibAopProxy.java:747)
	at org.springframework.aop.interceptor.ExposeInvocationInterceptor.invoke(ExposeInvocationInterceptor.java:93)
	at org.springframework.aop.framework.ReflectiveMethodInvocation.proceed(ReflectiveMethodInvocation.java:186)
	at org.springframework.aop.framework.CglibAopProxy$CglibMethodInvocation.proceed(CglibAopProxy.java:747)
	at org.springframework.aop.framework.CglibAopProxy$DynamicAdvisedInterceptor.intercept(CglibAopProxy.java:689)
	at com.apple.employee.search.controller.EmployeeSearchController$$EnhancerBySpringCGLIB$$12974a04.fetchempByID(<generated>)
	at sun.reflect.NativeMethodAccessorImpl.invoke0(Native Method)
	at sun.reflect.NativeMethodAccessorImpl.invoke(NativeMethodAccessorImpl.java:62)
	at sun.reflect.DelegatingMethodAccessorImpl.invoke(DelegatingMethodAccessorImpl.java:43)
	at java.lang.reflect.Method.invoke(Method.java:498)
	at org.springframework.web.method.support.InvocableHandlerMethod.doInvoke(InvocableHandlerMethod.java:190)
	at org.springframework.web.method.support.InvocableHandlerMethod.invokeForRequest(InvocableHandlerMethod.java:138)
	at org.springframework.web.servlet.mvc.method.annotation.ServletInvocableHandlerMethod.invokeAndHandle(ServletInvocableHandlerMethod.java:106)
	at org.springframework.web.servlet.mvc.method.annotation.RequestMappingHandlerAdapter.invokeHandlerMethod(RequestMappingHandlerAdapter.java:888)
	at org.springframework.web.servlet.mvc.method.annotation.RequestMappingHandlerAdapter.handleInternal(RequestMappingHandlerAdapter.java:793)
	at org.springframework.web.servlet.mvc.method.AbstractHandlerMethodAdapter.handle(AbstractHandlerMethodAdapter.java:87)
	at org.springframework.web.servlet.DispatcherServlet.doDispatch(DispatcherServlet.java:1040)
	at org.springframework.web.servlet.DispatcherServlet.doService(DispatcherServlet.java:943)
	at org.springframework.web.servlet.FrameworkServlet.processRequest(FrameworkServlet.java:1006)
	at org.springframework.web.servlet.FrameworkServlet.doGet(FrameworkServlet.java:898)
	at javax.servlet.http.HttpServlet.service(HttpServlet.java:634)
	at org.springframework.web.servlet.FrameworkServlet.service(FrameworkServlet.java:883)
	at javax.servlet.http.HttpServlet.service(HttpServlet.java:741)
	at org.apache.catalina.core.ApplicationFilterChain.internalDoFilter(ApplicationFilterChain.java:231)
	at org.apache.catalina.core.ApplicationFilterChain.doFilter(ApplicationFilterChain.java:166)
	at org.apache.tomcat.websocket.server.WsFilter.doFilter(WsFilter.java:53)
	at org.apache.catalina.core.ApplicationFilterChain.internalDoFilter(ApplicationFilterChain.java:193)
	at org.apache.catalina.core.ApplicationFilterChain.doFilter(ApplicationFilterChain.java:166)
	at org.springframework.web.filter.RequestContextFilter.doFilterInternal(RequestContextFilter.java:100)
	at org.springframework.web.filter.OncePerRequestFilter.doFilter(OncePerRequestFilter.java:119)
	at org.apache.catalina.core.ApplicationFilterChain.internalDoFilter(ApplicationFilterChain.java:193)
	at org.apache.catalina.core.ApplicationFilterChain.doFilter(ApplicationFilterChain.java:166)
	at org.springframework.web.filter.FormContentFilter.doFilterInternal(FormContentFilter.java:93)
	at org.springframework.web.filter.OncePerRequestFilter.doFilter(OncePerRequestFilter.java:119)
	at org.apache.catalina.core.ApplicationFilterChain.internalDoFilter(ApplicationFilterChain.java:193)
	at org.apache.catalina.core.ApplicationFilterChain.doFilter(ApplicationFilterChain.java:166)
	at org.springframework.web.filter.CharacterEncodingFilter.doFilterInternal(CharacterEncodingFilter.java:201)
	at org.springframework.web.filter.OncePerRequestFilter.doFilter(OncePerRequestFilter.java:119)
	at org.apache.catalina.core.ApplicationFilterChain.internalDoFilter(ApplicationFilterChain.java:193)
	at org.apache.catalina.core.ApplicationFilterChain.doFilter(ApplicationFilterChain.java:166)
	at org.apache.catalina.core.StandardWrapperValve.invoke(StandardWrapperValve.java:202)
	at org.apache.catalina.core.StandardContextValve.invoke(StandardContextValve.java:96)
	at org.apache.catalina.authenticator.AuthenticatorBase.invoke(AuthenticatorBase.java:526)
	at org.apache.catalina.core.StandardHostValve.invoke(StandardHostValve.java:139)
	at org.apache.catalina.valves.ErrorReportValve.invoke(ErrorReportValve.java:92)
	at org.apache.catalina.core.StandardEngineValve.invoke(StandardEngineValve.java:74)
	at org.apache.catalina.connector.CoyoteAdapter.service(CoyoteAdapter.java:343)
	at org.apache.coyote.http11.Http11Processor.service(Http11Processor.java:408)
	at org.apache.coyote.AbstractProcessorLight.process(AbstractProcessorLight.java:66)
	at org.apache.coyote.AbstractProtocol$ConnectionHandler.process(AbstractProtocol.java:861)
	at org.apache.tomcat.util.net.NioEndpoint$SocketProcessor.doRun(NioEndpoint.java:1579)
	at org.apache.tomcat.util.net.SocketProcessorBase.run(SocketProcessorBase.java:49)
	at java.util.concurrent.ThreadPoolExecutor.runWorker(ThreadPoolExecutor.java:1149)
	at java.util.concurrent.ThreadPoolExecutor$Worker.run(ThreadPoolExecutor.java:624)
	at org.apache.tomcat.util.threads.TaskThread$WrappingRunnable.run(TaskThread.java:61)
	at java.lang.Thread.run(Thread.java:748)
2019-12-02 18:30:30,067 INFO com.apple.employee.search.EmployeeSearchApplication [main] Starting EmployeeSearchApplication on BLRJPT3270D with PID 5735 (/Users/abdul.rahimanshaik/eclipse-workspace-practice/employee-service/target/classes started by abdul.rahimanshaik in /Users/abdul.rahimanshaik/eclipse-workspace-practice/employee-service)
2019-12-02 18:30:30,069 DEBUG com.apple.employee.search.EmployeeSearchApplication [main] Running with Spring Boot v2.2.0.RELEASE, Spring v5.2.0.RELEASE
2019-12-02 18:30:30,069 INFO com.apple.employee.search.EmployeeSearchApplication [main] No active profile set, falling back to default profiles: default
2019-12-02 18:30:31,588 INFO com.apple.employee.search.EmployeeSearchApplication [main] Started EmployeeSearchApplication in 1.729 seconds (JVM running for 4.278)
2019-12-02 18:30:34,798 INFO com.apple.employee.search.logger.EmployeeServiceLogger [http-nio-8080-exec-1] Method : EmployeeDTO com.apple.employee.search.controller.EmployeeSearchController.fetchempByID(Long): arguments: [5]
2019-12-02 18:30:34,804 INFO com.apple.employee.search.logger.EmployeeServiceLogger [http-nio-8080-exec-1] Method : EmployeeDTO com.apple.employee.search.service.impl.EmployeeSearchServiceImpl.fetchEmployeeById(Long): arguments: [5]
2019-12-02 18:30:34,808 INFO com.apple.employee.search.logger.EmployeeServiceLogger [http-nio-8080-exec-1] Method : Employee com.apple.employee.search.dao.impl.EmployeeDaoImpl.fetchEmployeeById(Long): arguments: [5]
2019-12-02 18:30:34,811 INFO com.apple.employee.search.logger.EmployeeServiceLogger [http-nio-8080-exec-1] Method : List com.apple.employee.search.util.FileUtils.getFileContent(String): arguments: ["src/main/resources/EmployeeDetails.txt"]
2019-12-02 18:30:34,817 INFO com.apple.employee.search.logger.EmployeeServiceLogger [http-nio-8080-exec-1] Method Name : List com.apple.employee.search.util.FileUtils.getFileContent(String) : Response: ["ID,Name,Domain,Designation.Company","1,Chiru,Java,Manager,Infosys","2,Balayya,C++,Manager, Tech Mahindra","3,Venky,AI,Sr.Architect, Apple","4,Nag,AWS,Programmer, Google"]
2019-12-02 18:30:34,818 INFO com.apple.employee.search.logger.EmployeeServiceLogger [http-nio-8080-exec-1] Method Name : Employee com.apple.employee.search.dao.impl.EmployeeDaoImpl.fetchEmployeeById(Long) : Response: null
2019-12-02 18:30:34,819 INFO com.apple.employee.search.logger.EmployeeServiceLogger [http-nio-8080-exec-1] Method Name : EmployeeDTO com.apple.employee.search.service.impl.EmployeeSearchServiceImpl.fetchEmployeeById(Long) : Response: Employee Details Not Available for iEmployeeID : 5
2019-12-02 18:30:34,819 INFO com.apple.employee.search.logger.EmployeeServiceLogger [http-nio-8080-exec-1] Method Name : EmployeeDTO com.apple.employee.search.controller.EmployeeSearchController.fetchempByID(Long) : Response: Employee Details Not Available for iEmployeeID : 5
2019-12-02 18:32:27,066 INFO com.apple.EmployeeSearchService.EmployeeSearchServiceTest [main] Starting EmployeeSearchServiceTest on BLRJPT3270D with PID 5760 (started by abdul.rahimanshaik in /Users/abdul.rahimanshaik/eclipse-workspace-practice/employee-service)
2019-12-02 18:32:27,079 DEBUG com.apple.EmployeeSearchService.EmployeeSearchServiceTest [main] Running with Spring Boot v2.2.0.RELEASE, Spring v5.2.0.RELEASE
2019-12-02 18:32:27,079 INFO com.apple.EmployeeSearchService.EmployeeSearchServiceTest [main] No active profile set, falling back to default profiles: default
2019-12-02 18:32:27,179 INFO com.apple.EmployeeSearchService.EmployeeSearchServiceTest [main] Started EmployeeSearchServiceTest in 0.537 seconds (JVM running for 2.108)
2019-12-02 18:50:45,866 INFO com.apple.EmployeeSearchService.EmployeeSearchServiceTest [main] Starting EmployeeSearchServiceTest on BLRJPT3270D with PID 6027 (started by abdul.rahimanshaik in /Users/abdul.rahimanshaik/eclipse-workspace-practice/employee-service)
2019-12-02 18:50:45,896 DEBUG com.apple.EmployeeSearchService.EmployeeSearchServiceTest [main] Running with Spring Boot v2.2.0.RELEASE, Spring v5.2.0.RELEASE
2019-12-02 18:50:45,896 INFO com.apple.EmployeeSearchService.EmployeeSearchServiceTest [main] No active profile set, falling back to default profiles: default
2019-12-02 18:50:46,005 INFO com.apple.EmployeeSearchService.EmployeeSearchServiceTest [main] Started EmployeeSearchServiceTest in 0.582 seconds (JVM running for 2.607)
2019-12-02 18:51:21,344 INFO com.apple.EmployeeSearchService.EmployeeSearchServiceTest [main] Starting EmployeeSearchServiceTest on BLRJPT3270D with PID 6031 (started by abdul.rahimanshaik in /Users/abdul.rahimanshaik/eclipse-workspace-practice/employee-service)
2019-12-02 18:51:21,347 DEBUG com.apple.EmployeeSearchService.EmployeeSearchServiceTest [main] Running with Spring Boot v2.2.0.RELEASE, Spring v5.2.0.RELEASE
2019-12-02 18:51:21,347 INFO com.apple.EmployeeSearchService.EmployeeSearchServiceTest [main] No active profile set, falling back to default profiles: default
2019-12-02 18:51:21,516 INFO com.apple.EmployeeSearchService.EmployeeSearchServiceTest [main] Started EmployeeSearchServiceTest in 0.487 seconds (JVM running for 2.517)
2019-12-02 19:07:04,042 INFO com.apple.EmployeeSearchService.EmployeeSearchServiceTest [main] Starting EmployeeSearchServiceTest on BLRJPT3270D with PID 6290 (started by abdul.rahimanshaik in /Users/abdul.rahimanshaik/eclipse-workspace-practice/employee-service)
2019-12-02 19:07:04,322 DEBUG com.apple.EmployeeSearchService.EmployeeSearchServiceTest [main] Running with Spring Boot v2.2.0.RELEASE, Spring v5.2.0.RELEASE
2019-12-02 19:07:04,323 INFO com.apple.EmployeeSearchService.EmployeeSearchServiceTest [main] No active profile set, falling back to default profiles: default
2019-12-02 19:07:04,427 INFO com.apple.EmployeeSearchService.EmployeeSearchServiceTest [main] Started EmployeeSearchServiceTest in 3.666 seconds (JVM running for 6.104)
2019-12-02 19:08:31,734 INFO com.apple.EmployeeSearchService.EmployeeSearchServiceTest [main] Starting EmployeeSearchServiceTest on BLRJPT3270D with PID 6322 (started by abdul.rahimanshaik in /Users/abdul.rahimanshaik/eclipse-workspace-practice/employee-service)
2019-12-02 19:08:31,736 DEBUG com.apple.EmployeeSearchService.EmployeeSearchServiceTest [main] Running with Spring Boot v2.2.0.RELEASE, Spring v5.2.0.RELEASE
2019-12-02 19:08:31,736 INFO com.apple.EmployeeSearchService.EmployeeSearchServiceTest [main] No active profile set, falling back to default profiles: default
2019-12-02 19:08:31,857 INFO com.apple.EmployeeSearchService.EmployeeSearchServiceTest [main] Started EmployeeSearchServiceTest in 0.543 seconds (JVM running for 1.719)
2019-12-02 19:09:35,584 INFO com.apple.EmployeeSearchService.EmployeeSearchServiceTest [main] Starting EmployeeSearchServiceTest on BLRJPT3270D with PID 6338 (started by abdul.rahimanshaik in /Users/abdul.rahimanshaik/eclipse-workspace-practice/employee-service)
2019-12-02 19:09:35,586 DEBUG com.apple.EmployeeSearchService.EmployeeSearchServiceTest [main] Running with Spring Boot v2.2.0.RELEASE, Spring v5.2.0.RELEASE
2019-12-02 19:09:35,587 INFO com.apple.EmployeeSearchService.EmployeeSearchServiceTest [main] No active profile set, falling back to default profiles: default
2019-12-02 19:09:35,717 INFO com.apple.EmployeeSearchService.EmployeeSearchServiceTest [main] Started EmployeeSearchServiceTest in 0.346 seconds (JVM running for 1.341)
2019-12-02 19:11:04,021 INFO com.apple.EmployeeSearchService.EmployeeSearchServiceTest [main] Starting EmployeeSearchServiceTest on BLRJPT3270D with PID 6352 (started by abdul.rahimanshaik in /Users/abdul.rahimanshaik/eclipse-workspace-practice/employee-service)
2019-12-02 19:11:04,038 DEBUG com.apple.EmployeeSearchService.EmployeeSearchServiceTest [main] Running with Spring Boot v2.2.0.RELEASE, Spring v5.2.0.RELEASE
2019-12-02 19:11:04,038 INFO com.apple.EmployeeSearchService.EmployeeSearchServiceTest [main] No active profile set, falling back to default profiles: default
2019-12-02 19:11:04,223 INFO com.apple.EmployeeSearchService.EmployeeSearchServiceTest [main] Started EmployeeSearchServiceTest in 0.807 seconds (JVM running for 2.488)
2019-12-02 19:27:57,929 INFO com.apple.EmployeeSearchService.EmployeeSearchServiceTest [main] Starting EmployeeSearchServiceTest on BLRJPT3270D with PID 6617 (started by abdul.rahimanshaik in /Users/abdul.rahimanshaik/eclipse-workspace-practice/employee-service)
2019-12-02 19:27:57,942 DEBUG com.apple.EmployeeSearchService.EmployeeSearchServiceTest [main] Running with Spring Boot v2.2.0.RELEASE, Spring v5.2.0.RELEASE
2019-12-02 19:27:57,942 INFO com.apple.EmployeeSearchService.EmployeeSearchServiceTest [main] No active profile set, falling back to default profiles: default
2019-12-02 19:27:58,060 INFO com.apple.EmployeeSearchService.EmployeeSearchServiceTest [main] Started EmployeeSearchServiceTest in 0.455 seconds (JVM running for 2.006)
2019-12-02 19:29:08,403 INFO com.apple.EmployeeSearchService.EmployeeSearchServiceTest [main] Starting EmployeeSearchServiceTest on BLRJPT3270D with PID 6630 (started by abdul.rahimanshaik in /Users/abdul.rahimanshaik/eclipse-workspace-practice/employee-service)
2019-12-02 19:29:08,406 DEBUG com.apple.EmployeeSearchService.EmployeeSearchServiceTest [main] Running with Spring Boot v2.2.0.RELEASE, Spring v5.2.0.RELEASE
2019-12-02 19:29:08,406 INFO com.apple.EmployeeSearchService.EmployeeSearchServiceTest [main] No active profile set, falling back to default profiles: default
2019-12-02 19:29:08,613 INFO com.apple.EmployeeSearchService.EmployeeSearchServiceTest [main] Started EmployeeSearchServiceTest in 0.423 seconds (JVM running for 1.419)
2019-12-02 19:29:31,253 INFO com.apple.EmployeeSearchService.EmployeeSearchServiceTest [main] Starting EmployeeSearchServiceTest on BLRJPT3270D with PID 6632 (started by abdul.rahimanshaik in /Users/abdul.rahimanshaik/eclipse-workspace-practice/employee-service)
2019-12-02 19:29:31,255 DEBUG com.apple.EmployeeSearchService.EmployeeSearchServiceTest [main] Running with Spring Boot v2.2.0.RELEASE, Spring v5.2.0.RELEASE
2019-12-02 19:29:31,255 INFO com.apple.EmployeeSearchService.EmployeeSearchServiceTest [main] No active profile set, falling back to default profiles: default
2019-12-02 19:29:31,355 INFO com.apple.EmployeeSearchService.EmployeeSearchServiceTest [main] Started EmployeeSearchServiceTest in 0.512 seconds (JVM running for 1.49)
2019-12-02 19:35:39,073 INFO com.apple.EmployeeSearchService.EmployeeSearchServiceTest [main] Starting EmployeeSearchServiceTest on BLRJPT3270D with PID 6704 (started by abdul.rahimanshaik in /Users/abdul.rahimanshaik/eclipse-workspace-practice/employee-service)
2019-12-02 19:35:39,075 DEBUG com.apple.EmployeeSearchService.EmployeeSearchServiceTest [main] Running with Spring Boot v2.2.0.RELEASE, Spring v5.2.0.RELEASE
2019-12-02 19:35:39,075 INFO com.apple.EmployeeSearchService.EmployeeSearchServiceTest [main] No active profile set, falling back to default profiles: default
2019-12-02 19:35:39,175 INFO com.apple.EmployeeSearchService.EmployeeSearchServiceTest [main] Started EmployeeSearchServiceTest in 0.504 seconds (JVM running for 1.457)
2019-12-02 19:57:18,253 INFO com.apple.EmployeeSearchService.EmployeeSearchServiceTest [main] Starting EmployeeSearchServiceTest on BLRJPT3270D with PID 7064 (started by abdul.rahimanshaik in /Users/abdul.rahimanshaik/eclipse-workspace-practice/employee-service)
2019-12-02 19:57:18,280 DEBUG com.apple.EmployeeSearchService.EmployeeSearchServiceTest [main] Running with Spring Boot v2.2.0.RELEASE, Spring v5.2.0.RELEASE
2019-12-02 19:57:18,280 INFO com.apple.EmployeeSearchService.EmployeeSearchServiceTest [main] No active profile set, falling back to default profiles: default
2019-12-02 19:57:18,390 INFO com.apple.EmployeeSearchService.EmployeeSearchServiceTest [main] Started EmployeeSearchServiceTest in 2.029 seconds (JVM running for 3.832)
2019-12-02 19:58:31,220 INFO com.apple.EmployeeSearchService.EmployeeSearchServiceTest [main] Starting EmployeeSearchServiceTest on BLRJPT3270D with PID 7074 (started by abdul.rahimanshaik in /Users/abdul.rahimanshaik/eclipse-workspace-practice/employee-service)
2019-12-02 19:58:31,222 DEBUG com.apple.EmployeeSearchService.EmployeeSearchServiceTest [main] Running with Spring Boot v2.2.0.RELEASE, Spring v5.2.0.RELEASE
2019-12-02 19:58:31,222 INFO com.apple.EmployeeSearchService.EmployeeSearchServiceTest [main] No active profile set, falling back to default profiles: default
2019-12-02 19:58:31,349 INFO com.apple.EmployeeSearchService.EmployeeSearchServiceTest [main] Started EmployeeSearchServiceTest in 0.342 seconds (JVM running for 1.301)
2019-12-02 19:59:11,635 INFO com.apple.EmployeeSearchService.EmployeeSearchServiceTest [main] Starting EmployeeSearchServiceTest on BLRJPT3270D with PID 7082 (started by abdul.rahimanshaik in /Users/abdul.rahimanshaik/eclipse-workspace-practice/employee-service)
2019-12-02 19:59:11,637 DEBUG com.apple.EmployeeSearchService.EmployeeSearchServiceTest [main] Running with Spring Boot v2.2.0.RELEASE, Spring v5.2.0.RELEASE
2019-12-02 19:59:11,638 INFO com.apple.EmployeeSearchService.EmployeeSearchServiceTest [main] No active profile set, falling back to default profiles: default
2019-12-02 19:59:11,753 INFO com.apple.EmployeeSearchService.EmployeeSearchServiceTest [main] Started EmployeeSearchServiceTest in 0.538 seconds (JVM running for 1.588)
2019-12-02 19:59:45,434 INFO com.apple.EmployeeSearchService.EmployeeSearchServiceTest [main] Starting EmployeeSearchServiceTest on BLRJPT3270D with PID 7084 (started by abdul.rahimanshaik in /Users/abdul.rahimanshaik/eclipse-workspace-practice/employee-service)
2019-12-02 19:59:45,436 DEBUG com.apple.EmployeeSearchService.EmployeeSearchServiceTest [main] Running with Spring Boot v2.2.0.RELEASE, Spring v5.2.0.RELEASE
2019-12-02 19:59:45,436 INFO com.apple.EmployeeSearchService.EmployeeSearchServiceTest [main] No active profile set, falling back to default profiles: default
2019-12-02 19:59:45,561 INFO com.apple.EmployeeSearchService.EmployeeSearchServiceTest [main] Started EmployeeSearchServiceTest in 0.353 seconds (JVM running for 1.345)
2019-12-02 20:00:37,245 INFO com.apple.EmployeeSearchService.EmployeeSearchServiceTest [main] Starting EmployeeSearchServiceTest on BLRJPT3270D with PID 7098 (started by abdul.rahimanshaik in /Users/abdul.rahimanshaik/eclipse-workspace-practice/employee-service)
2019-12-02 20:00:37,247 DEBUG com.apple.EmployeeSearchService.EmployeeSearchServiceTest [main] Running with Spring Boot v2.2.0.RELEASE, Spring v5.2.0.RELEASE
2019-12-02 20:00:37,247 INFO com.apple.EmployeeSearchService.EmployeeSearchServiceTest [main] No active profile set, falling back to default profiles: default
2019-12-02 20:00:37,351 INFO com.apple.EmployeeSearchService.EmployeeSearchServiceTest [main] Started EmployeeSearchServiceTest in 0.539 seconds (JVM running for 1.587)
